Log file open, 02/29/20 04:48:46
LogWindows: Failed to load 'aqProf.dll' (GetLastError=126)
LogWindows: File 'aqProf.dll' does not exist
LogWindows: Failed to load 'VtuneApi.dll' (GetLastError=126)
LogWindows: File 'VtuneApi.dll' does not exist
LogWindows: Failed to load 'VtuneApi32e.dll' (GetLastError=126)
LogWindows: File 'VtuneApi32e.dll' does not exist
LogConsoleResponse: Display: Failed to find resolution value strings in scalability ini. Falling back to default.
LogInit: Display: Running engine for game: TheDoors2
LogPlatformFile: Not using cached read wrapper
LogTaskGraph: Started task graph with 5 named threads and 23 total threads with 3 sets of task threads.
LogStats: Stats thread started at 0.083925
LogD3D11RHI: Loaded GFSDK_Aftermath_Lib.x64.dll
LogICUInternationalization: ICU TimeZone Detection - Raw Offset: +1:00, Platform Override: ''
LogPluginManager: Mounting plugin Paper2D
LogPluginManager: Mounting plugin AISupport
LogPluginManager: Mounting plugin LightPropagationVolume
LogPluginManager: Mounting plugin ActorLayerUtilities
LogPluginManager: Mounting plugin AnimationSharing
LogPluginManager: Mounting plugin CLionSourceCodeAccess
LogPluginManager: Mounting plugin CodeLiteSourceCodeAccess
LogPluginManager: Mounting plugin GitSourceControl
LogPluginManager: Mounting plugin KDevelopSourceCodeAccess
LogPluginManager: Mounting plugin NullSourceCodeAccess
LogPluginManager: Mounting plugin PerforceSourceControl
LogPluginManager: Mounting plugin PlasticSourceControl
LogPluginManager: Mounting plugin SubversionSourceControl
LogPluginManager: Mounting plugin UObjectPlugin
LogPluginManager: Mounting plugin VisualStudioCodeSourceCodeAccess
LogPluginManager: Mounting plugin VisualStudioSourceCodeAccess
LogPluginManager: Mounting plugin XCodeSourceCodeAccess
LogPluginManager: Mounting plugin AssetManagerEditor
LogPluginManager: Mounting plugin CryptoKeys
LogPluginManager: Mounting plugin CurveEditorTools
LogPluginManager: Mounting plugin DataValidation
LogPluginManager: Mounting plugin FacialAnimation
LogPluginManager: Mounting plugin GameplayTagsEditor
LogPluginManager: Mounting plugin MacGraphicsSwitching
LogPluginManager: Mounting plugin MaterialAnalyzer
LogPluginManager: Mounting plugin MobileLauncherProfileWizard
LogPluginManager: Mounting plugin PluginBrowser
LogPluginManager: Mounting plugin SpeedTreeImporter
LogPluginManager: Mounting plugin DatasmithContent
LogPluginManager: Mounting plugin VariantManagerContent
LogPluginManager: Mounting plugin AlembicImporter
LogPluginManager: Mounting plugin AutomationUtils
LogPluginManager: Mounting plugin BackChannel
LogPluginManager: Mounting plugin CharacterAI
LogPluginManager: Mounting plugin GeometryCache
LogPluginManager: Mounting plugin PlatformCrypto
LogPluginManager: Mounting plugin ProxyLODPlugin
LogPluginManager: Mounting plugin SkeletalReduction
LogPluginManager: Mounting plugin MagicLeap
LogPluginManager: Mounting plugin MagicLeapMedia
LogPluginManager: Mounting plugin MLSDK
LogPluginManager: Mounting plugin AndroidMedia
LogPluginManager: Mounting plugin AvfMedia
LogPluginManager: Mounting plugin ImgMedia
LogPluginManager: Mounting plugin MediaCompositing
LogPluginManager: Mounting plugin MediaPlayerEditor
LogPluginManager: Mounting plugin WebMMedia
LogPluginManager: Mounting plugin WmfMedia
LogPluginManager: Mounting plugin TcpMessaging
LogPluginManager: Mounting plugin UdpMessaging
LogPluginManager: Mounting plugin ActorSequence
LogPluginManager: Mounting plugin LevelSequenceEditor
LogPluginManager: Mounting plugin MatineeToLevelSequence
LogPluginManager: Mounting plugin NetcodeUnitTest
LogPluginManager: Mounting plugin NUTUnrealEngine4
LogPluginManager: Mounting plugin OnlineSubsystemGooglePlay
LogPluginManager: Mounting plugin OnlineSubsystemIOS
LogPluginManager: Mounting plugin OnlineSubsystem
LogPluginManager: Mounting plugin OnlineSubsystemNull
LogPluginManager: Mounting plugin OnlineSubsystemUtils
LogPluginManager: Mounting plugin LauncherChunkInstaller
LogPluginManager: Mounting plugin AndroidDeviceProfileSelector
LogPluginManager: Mounting plugin AndroidMoviePlayer
LogPluginManager: Mounting plugin AndroidPermission
LogPluginManager: Mounting plugin AppleImageUtils
LogPluginManager: Mounting plugin AppleMoviePlayer
LogPluginManager: Mounting plugin ArchVisCharacter
LogPluginManager: Mounting plugin AssetTags
LogPluginManager: Mounting plugin AudioCapture
LogPluginManager: Mounting plugin CableComponent
LogPluginManager: Mounting plugin CustomMeshComponent
LogPluginManager: Mounting plugin EditableMesh
LogPluginManager: Mounting plugin ExampleDeviceProfileSelector
LogPluginManager: Mounting plugin GoogleCloudMessaging
LogPluginManager: Mounting plugin IOSDeviceProfileSelector
LogPluginManager: Mounting plugin LinuxDeviceProfileSelector
LogPluginManager: Mounting plugin LocationServicesBPLibrary
LogPluginManager: Mounting plugin MobilePatchingUtils
LogPluginManager: Mounting plugin OculusVR
LogPluginManager: Mounting plugin PhysXVehicles
LogPluginManager: Mounting plugin PostSplashScreen
LogPluginManager: Mounting plugin ProceduralMeshComponent
LogPluginManager: Mounting plugin RuntimePhysXCooking
LogPluginManager: Mounting plugin SignificanceManager
LogPluginManager: Mounting plugin SteamVR
LogPluginManager: Mounting plugin WebMMoviePlayer
LogPluginManager: Mounting plugin WindowsMoviePlayer
LogPluginManager: Mounting plugin ScreenshotTools
LogInit: Using libcurl 7.55.1-DEV
LogInit:  - built for x86_64-pc-win32
LogInit:  - supports SSL with OpenSSL/1.1.1
LogInit:  - supports HTTP deflate (compression) using libz 1.2.8
LogInit:  - other features:
LogInit:      CURL_VERSION_SSL
LogInit:      CURL_VERSION_LIBZ
LogInit:      CURL_VERSION_IPV6
LogInit:      CURL_VERSION_ASYNCHDNS
LogInit:      CURL_VERSION_LARGEFILE
LogInit:      CURL_VERSION_IDN
LogInit:  CurlRequestOptions (configurable via config and command line):
LogInit:  - bVerifyPeer = true  - Libcurl will verify peer certificate
LogInit:  - bUseHttpProxy = false  - Libcurl will NOT use HTTP proxy
LogInit:  - bDontReuseConnections = false  - Libcurl will reuse connections
LogInit:  - MaxHostConnections = 16  - Libcurl will limit the number of connections to a host
LogInit:  - LocalHostAddr = Default
LogInit:  - BufferSize = 65536
LogOnline: OSS: Creating online subsystem instance for: NULL
LogInit: WinSock: version 1.1 (2.2), MaxSocks=32767, MaxUdp=65467
LogOnline: OSS: TryLoadSubsystemAndSetDefault: Loaded subsystem for module [NULL]
LogInit: Build: ++UE4+Release-4.24-CL-11100242
LogInit: Engine Version: 4.24.2-11100242+++UE4+Release-4.24
LogInit: Compatible Engine Version: 4.24.0-10570792+++UE4+Release-4.24
LogInit: Net CL: 10570792
LogInit: OS: Windows 10 (Release 1903) (), CPU: Intel(R) Core(TM) i7-7700HQ CPU @ 2.80GHz, GPU: Intel(R) HD Graphics 630
LogInit: Compiled (64-bit): Jan 24 2020 02:05:53
LogInit: Compiled with Visual C++: 19.16.27032.01
LogInit: Build Configuration: Development
LogInit: Branch Name: ++UE4+Release-4.24
LogInit: Command Line: 
LogInit: Base Directory: D:/Epic Games/UE_4.24/Engine/Binaries/Win64/
LogInit: Installed Engine Build: 1
LogDevObjectVersion: Number of dev versions registered: 25
LogDevObjectVersion:   Dev-Blueprints (B0D832E4-1F89-4F0D-ACCF-7EB736FD4AA2): 10
LogDevObjectVersion:   Dev-Build (E1C64328-A22C-4D53-A36C-8E866417BD8C): 0
LogDevObjectVersion:   Dev-Core (375EC13C-06E4-48FB-B500-84F0262A717E): 3
LogDevObjectVersion:   Dev-Editor (E4B068ED-F494-42E9-A231-DA0B2E46BB41): 37
LogDevObjectVersion:   Dev-Framework (CFFC743F-43B0-4480-9391-14DF171D2073): 36
LogDevObjectVersion:   Dev-Mobile (B02B49B5-BB20-44E9-A304-32B752E40360): 2
LogDevObjectVersion:   Dev-Networking (A4E4105C-59A1-49B5-A7C5-40C4547EDFEE): 0
LogDevObjectVersion:   Dev-Online (39C831C9-5AE6-47DC-9A44-9C173E1C8E7C): 0
LogDevObjectVersion:   Dev-Physics (78F01B33-EBEA-4F98-B9B4-84EACCB95AA2): 2
LogDevObjectVersion:   Dev-Platform (6631380F-2D4D-43E0-8009-CF276956A95A): 0
LogDevObjectVersion:   Dev-Rendering (12F88B9F-8875-4AFC-A67C-D90C383ABD29): 36
LogDevObjectVersion:   Dev-Sequencer (7B5AE74C-D270-4C10-A958-57980B212A5A): 11
LogDevObjectVersion:   Dev-VR (D7296918-1DD6-4BDD-9DE2-64A83CC13884): 2
LogDevObjectVersion:   Dev-LoadTimes (C2A15278-BFE7-4AFE-6C17-90FF531DF755): 1
LogDevObjectVersion:   Private-Geometry (6EACA3D4-40EC-4CC1-B786-8BED09428FC5): 3
LogDevObjectVersion:   Dev-AnimPhys (29E575DD-E0A3-4627-9D10-D276232CDCEA): 17
LogDevObjectVersion:   Dev-Anim (AF43A65D-7FD3-4947-9873-3E8ED9C1BB05): 2
LogDevObjectVersion:   Dev-ReflectionCapture (6B266CEC-1EC7-4B8F-A30B-E4D90942FC07): 1
LogDevObjectVersion:   Dev-Automation (0DF73D61-A23F-47EA-B727-89E90C41499A): 1
LogDevObjectVersion:   FortniteMain (601D1886-AC64-4F84-AA16-D3DE0DEAC7D6): 31
LogDevObjectVersion:   Dev-Enterprise (9DFFBCD6-494F-0158-E221-12823C92A888): 8
LogDevObjectVersion:   Dev-Niagara (F2AED0AC-9AFE-416F-8664-AA7FFA26D6FC): 1
LogDevObjectVersion:   Dev-Destruction (174F1F0B-B4C6-45A5-B13F-2EE8D0FB917D): 9
LogDevObjectVersion:   Dev-Physics-Ext (35F94A83-E258-406C-A318-09F59610247C): 8
LogDevObjectVersion:   Dev-CineCamera (B2E18506-4273-CFC2-A54E-F4BB758BBA07): 1
LogInit: Presizing for max 25165824 objects, including 0 objects not considered by GC, pre-allocating 0 bytes for permanent pool.
LogInit: Object subsystem initialized
LogConfig: Setting CVar [[con.DebugEarlyDefault:1]]
LogConfig: Setting CVar [[r.setres:1280x720]]
[2020.02.29-03.48.46:855][  0]LogConfig: Setting CVar [[r.VSync:0]]
[2020.02.29-03.48.46:855][  0]LogConfig: Setting CVar [[r.RHICmdBypass:0]]
[2020.02.29-03.48.46:855][  0]LogConfig: Applying CVar settings from Section [/Script/Engine.RendererSettings] File [C:/Users/Azazel/Documents/GitHub/TheDoors2/TheDoors2/Saved/Config/Windows/Engine.ini]
[2020.02.29-03.48.46:855][  0]LogConfig: Setting CVar [[r.GPUCrashDebugging:0]]
[2020.02.29-03.48.46:855][  0]LogConfig: Applying CVar settings from Section [/Script/Engine.RendererOverrideSettings] File [C:/Users/Azazel/Documents/GitHub/TheDoors2/TheDoors2/Saved/Config/Windows/Engine.ini]
[2020.02.29-03.48.46:855][  0]LogConfig: Applying CVar settings from Section [/Script/Engine.StreamingSettings] File [C:/Users/Azazel/Documents/GitHub/TheDoors2/TheDoors2/Saved/Config/Windows/Engine.ini]
[2020.02.29-03.48.46:855][  0]LogConfig: Setting CVar [[s.MinBulkDataSizeForAsyncLoading:131072]]
[2020.02.29-03.48.46:855][  0]LogConfig: Setting CVar [[s.AsyncLoadingThreadEnabled:0]]
[2020.02.29-03.48.46:855][  0]LogConfig: Setting CVar [[s.EventDrivenLoaderEnabled:1]]
[2020.02.29-03.48.46:855][  0]LogConfig: Setting CVar [[s.WarnIfTimeLimitExceeded:0]]
[2020.02.29-03.48.46:855][  0]LogConfig: Setting CVar [[s.TimeLimitExceededMultiplier:1.5]]
[2020.02.29-03.48.46:855][  0]LogConfig: Setting CVar [[s.TimeLimitExceededMinTime:0.005]]
[2020.02.29-03.48.46:855][  0]LogConfig: Setting CVar [[s.UseBackgroundLevelStreaming:1]]
[2020.02.29-03.48.46:855][  0]LogConfig: Setting CVar [[s.PriorityAsyncLoadingExtraTime:15.0]]
[2020.02.29-03.48.46:855][  0]LogConfig: Setting CVar [[s.LevelStreamingActorsUpdateTimeLimit:5.0]]
[2020.02.29-03.48.46:855][  0]LogConfig: Setting CVar [[s.PriorityLevelStreamingActorsUpdateExtraTime:5.0]]
[2020.02.29-03.48.46:855][  0]LogConfig: Setting CVar [[s.LevelStreamingComponentsRegistrationGranularity:10]]
[2020.02.29-03.48.46:855][  0]LogConfig: Setting CVar [[s.UnregisterComponentsTimeLimit:1.0]]
[2020.02.29-03.48.46:855][  0]LogConfig: Setting CVar [[s.LevelStreamingComponentsUnregistrationGranularity:5]]
[2020.02.29-03.48.46:855][  0]LogConfig: Setting CVar [[s.FlushStreamingOnExit:1]]
[2020.02.29-03.48.46:855][  0]LogConfig: Applying CVar settings from Section [/Script/Engine.GarbageCollectionSettings] File [C:/Users/Azazel/Documents/GitHub/TheDoors2/TheDoors2/Saved/Config/Windows/Engine.ini]
[2020.02.29-03.48.46:855][  0]LogConfig: Setting CVar [[gc.MaxObjectsNotConsideredByGC:1]]
[2020.02.29-03.48.46:855][  0]LogConfig: Setting CVar [[gc.SizeOfPermanentObjectPool:0]]
[2020.02.29-03.48.46:855][  0]LogConfig: Setting CVar [[gc.FlushStreamingOnGC:0]]
[2020.02.29-03.48.46:855][  0]LogConfig: Setting CVar [[gc.NumRetriesBeforeForcingGC:10]]
[2020.02.29-03.48.46:855][  0]LogConfig: Setting CVar [[gc.AllowParallelGC:1]]
[2020.02.29-03.48.46:855][  0]LogConfig: Setting CVar [[gc.TimeBetweenPurgingPendingKillObjects:61.1]]
[2020.02.29-03.48.46:855][  0]LogConfig: Setting CVar [[gc.MaxObjectsInEditor:25165824]]
[2020.02.29-03.48.46:856][  0]LogConfig: Setting CVar [[gc.IncrementalBeginDestroyEnabled:1]]
[2020.02.29-03.48.46:856][  0]LogConfig: Setting CVar [[gc.CreateGCClusters:1]]
[2020.02.29-03.48.46:856][  0]LogConfig: Setting CVar [[gc.MinGCClusterSize:5]]
[2020.02.29-03.48.46:856][  0]LogConfig: Setting CVar [[gc.ActorClusteringEnabled:0]]
[2020.02.29-03.48.46:856][  0]LogConfig: Setting CVar [[gc.BlueprintClusteringEnabled:0]]
[2020.02.29-03.48.46:856][  0]LogConfig: Setting CVar [[gc.UseDisregardForGCOnDedicatedServers:0]]
[2020.02.29-03.48.46:856][  0]LogConfig: Applying CVar settings from Section [/Script/Engine.NetworkSettings] File [C:/Users/Azazel/Documents/GitHub/TheDoors2/TheDoors2/Saved/Config/Windows/Engine.ini]
[2020.02.29-03.48.46:856][  0]LogConfig: Applying CVar settings from Section [/Script/UnrealEd.CookerSettings] File [C:/Users/Azazel/Documents/GitHub/TheDoors2/TheDoors2/Saved/Config/Windows/Engine.ini]
[2020.02.29-03.48.46:858][  0]LogConfig: Applying CVar settings from Section [ViewDistanceQuality@3] File [C:/Users/Azazel/Documents/GitHub/TheDoors2/TheDoors2/Saved/Config/Windows/Scalability.ini]
[2020.02.29-03.48.46:858][  0]LogConfig: Setting CVar [[r.SkeletalMeshLODBias:0]]
[2020.02.29-03.48.46:858][  0]LogConfig: Setting CVar [[r.ViewDistanceScale:1.0]]
[2020.02.29-03.48.46:858][  0]LogConfig: Applying CVar settings from Section [AntiAliasingQuality@3] File [C:/Users/Azazel/Documents/GitHub/TheDoors2/TheDoors2/Saved/Config/Windows/Scalability.ini]
[2020.02.29-03.48.46:858][  0]LogConfig: Setting CVar [[r.PostProcessAAQuality:4]]
[2020.02.29-03.48.46:858][  0]LogConfig: Applying CVar settings from Section [ShadowQuality@3] File [C:/Users/Azazel/Documents/GitHub/TheDoors2/TheDoors2/Saved/Config/Windows/Scalability.ini]
[2020.02.29-03.48.46:858][  0]LogConfig: Setting CVar [[r.LightFunctionQuality:1]]
[2020.02.29-03.48.46:858][  0]LogConfig: Setting CVar [[r.ShadowQuality:5]]
[2020.02.29-03.48.46:858][  0]LogConfig: Setting CVar [[r.Shadow.CSM.MaxCascades:10]]
[2020.02.29-03.48.46:858][  0]LogConfig: Setting CVar [[r.Shadow.MaxResolution:2048]]
[2020.02.29-03.48.46:858][  0]LogConfig: Setting CVar [[r.Shadow.MaxCSMResolution:2048]]
[2020.02.29-03.48.46:858][  0]LogConfig: Setting CVar [[r.Shadow.RadiusThreshold:0.01]]
[2020.02.29-03.48.46:858][  0]LogConfig: Setting CVar [[r.Shadow.DistanceScale:1.0]]
[2020.02.29-03.48.46:858][  0]LogConfig: Setting CVar [[r.Shadow.CSM.TransitionScale:1.0]]
[2020.02.29-03.48.46:858][  0]LogConfig: Setting CVar [[r.Shadow.PreShadowResolutionFactor:1.0]]
[2020.02.29-03.48.46:858][  0]LogConfig: Setting CVar [[r.DistanceFieldShadowing:1]]
[2020.02.29-03.48.46:858][  0]LogConfig: Setting CVar [[r.DistanceFieldAO:1]]
[2020.02.29-03.48.46:858][  0]LogConfig: Setting CVar [[r.AOQuality:2]]
[2020.02.29-03.48.46:858][  0]LogConfig: Setting CVar [[r.VolumetricFog:1]]
[2020.02.29-03.48.46:858][  0]LogConfig: Setting CVar [[r.VolumetricFog.GridPixelSize:8]]
[2020.02.29-03.48.46:858][  0]LogConfig: Setting CVar [[r.VolumetricFog.GridSizeZ:128]]
[2020.02.29-03.48.46:858][  0]LogConfig: Setting CVar [[r.VolumetricFog.HistoryMissSupersampleCount:4]]
[2020.02.29-03.48.46:858][  0]LogConfig: Setting CVar [[r.LightMaxDrawDistanceScale:1]]
[2020.02.29-03.48.46:858][  0]LogConfig: Setting CVar [[r.CapsuleShadows:1]]
[2020.02.29-03.48.46:858][  0]LogConfig: Applying CVar settings from Section [PostProcessQuality@3] File [C:/Users/Azazel/Documents/GitHub/TheDoors2/TheDoors2/Saved/Config/Windows/Scalability.ini]
[2020.02.29-03.48.46:858][  0]LogConfig: Setting CVar [[r.MotionBlurQuality:4]]
[2020.02.29-03.48.46:858][  0]LogConfig: Setting CVar [[r.AmbientOcclusionMipLevelFactor:0.4]]
[2020.02.29-03.48.46:858][  0]LogConfig: Setting CVar [[r.AmbientOcclusionMaxQuality:100]]
[2020.02.29-03.48.46:858][  0]LogConfig: Setting CVar [[r.AmbientOcclusionLevels:-1]]
[2020.02.29-03.48.46:858][  0]LogConfig: Setting CVar [[r.AmbientOcclusionRadiusScale:1.0]]
[2020.02.29-03.48.46:858][  0]LogConfig: Setting CVar [[r.DepthOfFieldQuality:2]]
[2020.02.29-03.48.46:858][  0]LogConfig: Setting CVar [[r.RenderTargetPoolMin:400]]
[2020.02.29-03.48.46:858][  0]LogConfig: Setting CVar [[r.LensFlareQuality:2]]
[2020.02.29-03.48.46:858][  0]LogConfig: Setting CVar [[r.SceneColorFringeQuality:1]]
[2020.02.29-03.48.46:858][  0]LogConfig: Setting CVar [[r.EyeAdaptationQuality:2]]
[2020.02.29-03.48.46:858][  0]LogConfig: Setting CVar [[r.BloomQuality:5]]
[2020.02.29-03.48.46:858][  0]LogConfig: Setting CVar [[r.FastBlurThreshold:100]]
[2020.02.29-03.48.46:858][  0]LogConfig: Setting CVar [[r.Upscale.Quality:3]]
[2020.02.29-03.48.46:858][  0]LogConfig: Setting CVar [[r.Tonemapper.GrainQuantization:1]]
[2020.02.29-03.48.46:858][  0]LogConfig: Setting CVar [[r.LightShaftQuality:1]]
[2020.02.29-03.48.46:858][  0]LogConfig: Setting CVar [[r.Filter.SizeScale:1]]
[2020.02.29-03.48.46:858][  0]LogConfig: Setting CVar [[r.Tonemapper.Quality:5]]
[2020.02.29-03.48.46:858][  0]LogConfig: Setting CVar [[r.DOF.Gather.AccumulatorQuality:1        ; higher gathering accumulator quality]]
[2020.02.29-03.48.46:858][  0]LogConfig: Setting CVar [[r.DOF.Gather.PostfilterMethod:1          ; Median3x3 postfilering method]]
[2020.02.29-03.48.46:858][  0]LogConfig: Setting CVar [[r.DOF.Gather.EnableBokehSettings:0       ; no bokeh simulation when gathering]]
[2020.02.29-03.48.46:858][  0]LogConfig: Setting CVar [[r.DOF.Gather.RingCount:4                 ; medium number of samples when gathering]]
[2020.02.29-03.48.46:858][  0]LogConfig: Setting CVar [[r.DOF.Scatter.ForegroundCompositing:1    ; additive foreground scattering]]
[2020.02.29-03.48.46:858][  0]LogConfig: Setting CVar [[r.DOF.Scatter.BackgroundCompositing:2    ; additive background scattering]]
[2020.02.29-03.48.46:858][  0]LogConfig: Setting CVar [[r.DOF.Scatter.EnableBokehSettings:1      ; bokeh simulation when scattering]]
[2020.02.29-03.48.46:858][  0]LogConfig: Setting CVar [[r.DOF.Scatter.MaxSpriteRatio:0.1         ; only a maximum of 10% of scattered bokeh]]
[2020.02.29-03.48.46:858][  0]LogConfig: Setting CVar [[r.DOF.Recombine.Quality:1                ; cheap slight out of focus]]
[2020.02.29-03.48.46:858][  0]LogConfig: Setting CVar [[r.DOF.Recombine.EnableBokehSettings:0    ; no bokeh simulation on slight out of focus]]
[2020.02.29-03.48.46:858][  0]LogConfig: Setting CVar [[r.DOF.TemporalAAQuality:1                ; more stable temporal accumulation]]
[2020.02.29-03.48.46:859][  0]LogConfig: Setting CVar [[r.DOF.Kernel.MaxForegroundRadius:0.025]]
[2020.02.29-03.48.46:859][  0]LogConfig: Setting CVar [[r.DOF.Kernel.MaxBackgroundRadius:0.025]]
[2020.02.29-03.48.46:859][  0]LogConfig: Applying CVar settings from Section [TextureQuality@3] File [C:/Users/Azazel/Documents/GitHub/TheDoors2/TheDoors2/Saved/Config/Windows/Scalability.ini]
[2020.02.29-03.48.46:859][  0]LogConfig: Setting CVar [[r.Streaming.MipBias:0]]
[2020.02.29-03.48.46:859][  0]LogConfig: Setting CVar [[r.Streaming.AmortizeCPUToGPUCopy:0]]
[2020.02.29-03.48.46:859][  0]LogConfig: Setting CVar [[r.Streaming.MaxNumTexturesToStreamPerFrame:0]]
[2020.02.29-03.48.46:859][  0]LogConfig: Setting CVar [[r.Streaming.Boost:1]]
[2020.02.29-03.48.46:859][  0]LogConfig: Setting CVar [[r.MaxAnisotropy:8]]
[2020.02.29-03.48.46:859][  0]LogConfig: Setting CVar [[r.VT.MaxAnisotropy:8]]
[2020.02.29-03.48.46:859][  0]LogConfig: Setting CVar [[r.Streaming.LimitPoolSizeToVRAM:0]]
[2020.02.29-03.48.46:859][  0]LogConfig: Setting CVar [[r.Streaming.PoolSize:1000]]
[2020.02.29-03.48.46:859][  0]LogConfig: Setting CVar [[r.Streaming.MaxEffectiveScreenSize:0]]
[2020.02.29-03.48.46:859][  0]LogConfig: Applying CVar settings from Section [EffectsQuality@3] File [C:/Users/Azazel/Documents/GitHub/TheDoors2/TheDoors2/Saved/Config/Windows/Scalability.ini]
[2020.02.29-03.48.46:859][  0]LogConfig: Setting CVar [[r.TranslucencyLightingVolumeDim:64]]
[2020.02.29-03.48.46:859][  0]LogConfig: Setting CVar [[r.RefractionQuality:2]]
[2020.02.29-03.48.46:859][  0]LogConfig: Setting CVar [[r.SSR.Quality:3]]
[2020.02.29-03.48.46:859][  0]LogConfig: Setting CVar [[r.SSR.HalfResSceneColor:0]]
[2020.02.29-03.48.46:859][  0]LogConfig: Setting CVar [[r.SceneColorFormat:4]]
[2020.02.29-03.48.46:859][  0]LogConfig: Setting CVar [[r.DetailMode:2]]
[2020.02.29-03.48.46:859][  0]LogConfig: Setting CVar [[r.TranslucencyVolumeBlur:1]]
[2020.02.29-03.48.46:859][  0]LogConfig: Setting CVar [[r.MaterialQualityLevel:1 ; High quality]]
[2020.02.29-03.48.46:859][  0]LogConfig: Setting CVar [[r.SSS.Scale:1]]
[2020.02.29-03.48.46:859][  0]LogConfig: Setting CVar [[r.SSS.SampleSet:2]]
[2020.02.29-03.48.46:859][  0]LogConfig: Setting CVar [[r.SSS.Quality:1]]
[2020.02.29-03.48.46:859][  0]LogConfig: Setting CVar [[r.SSS.HalfRes:1]]
[2020.02.29-03.48.46:859][  0]LogConfig: Setting CVar [[r.SSGI.Quality:3]]
[2020.02.29-03.48.46:859][  0]LogConfig: Setting CVar [[r.EmitterSpawnRateScale:1.0]]
[2020.02.29-03.48.46:859][  0]LogConfig: Setting CVar [[r.ParticleLightQuality:2]]
[2020.02.29-03.48.46:859][  0]LogConfig: Setting CVar [[r.SkyAtmosphere.AerialPerspectiveLUT.FastApplyOnOpaque:1 ; Always have FastSkyLUT 1 in this case to avoid wrong sky]]
[2020.02.29-03.48.46:859][  0]LogConfig: Setting CVar [[r.SkyAtmosphere.AerialPerspectiveLUT.SampleCountPerSlice:1]]
[2020.02.29-03.48.46:859][  0]LogConfig: Setting CVar [[r.SkyAtmosphere.AerialPerspectiveLUT.DepthResolution:16.0]]
[2020.02.29-03.48.46:859][  0]LogConfig: Setting CVar [[r.SkyAtmosphere.FastSkyLUT:1]]
[2020.02.29-03.48.46:859][  0]LogConfig: Setting CVar [[r.SkyAtmosphere.FastSkyLUT.SampleCountMin:4.0]]
[2020.02.29-03.48.46:859][  0]LogConfig: Setting CVar [[r.SkyAtmosphere.FastSkyLUT.SampleCountMax:32.0]]
[2020.02.29-03.48.46:859][  0]LogConfig: Setting CVar [[r.SkyAtmosphere.SampleCountMin:4.0]]
[2020.02.29-03.48.46:859][  0]LogConfig: Setting CVar [[r.SkyAtmosphere.SampleCountMax:32.0]]
[2020.02.29-03.48.46:859][  0]LogConfig: Setting CVar [[r.SkyAtmosphere.TransmittanceLUT.UseSmallFormat:0]]
[2020.02.29-03.48.46:859][  0]LogConfig: Setting CVar [[r.SkyAtmosphere.TransmittanceLUT.SampleCount:10.0]]
[2020.02.29-03.48.46:859][  0]LogConfig: Setting CVar [[r.SkyAtmosphere.MultiScatteringLUT.SampleCount:15.0]]
[2020.02.29-03.48.46:859][  0]LogConfig: Applying CVar settings from Section [FoliageQuality@3] File [C:/Users/Azazel/Documents/GitHub/TheDoors2/TheDoors2/Saved/Config/Windows/Scalability.ini]
[2020.02.29-03.48.46:859][  0]LogConfig: Setting CVar [[foliage.DensityScale:1.0]]
[2020.02.29-03.48.46:859][  0]LogConfig: Setting CVar [[grass.DensityScale:1.0]]
[2020.02.29-03.48.46:859][  0]LogConfig: Applying CVar settings from Section [ShadingQuality@3] File [C:/Users/Azazel/Documents/GitHub/TheDoors2/TheDoors2/Saved/Config/Windows/Scalability.ini]
[2020.02.29-03.48.46:859][  0]LogConfig: Setting CVar [[r.HairStrands.SkyLighting.SampleCount:16]]
[2020.02.29-03.48.46:859][  0]LogConfig: Setting CVar [[r.HairStrands.SkyLighting.JitterIntegration:0]]
[2020.02.29-03.48.46:859][  0]LogConfig: Setting CVar [[r.HairStrands.SkyAO.SampleCount:16]]
[2020.02.29-03.48.46:859][  0]LogInit: Selected Device Profile: [Windows]
[2020.02.29-03.48.46:859][  0]LogInit: Applying CVar settings loaded from the selected device profile: [Windows]
[2020.02.29-03.48.46:862][  0]LogHAL: Display: Platform has ~ 16 GB [17090662400 / 17179869184 / 16], which maps to Larger [LargestMinGB=32, LargerMinGB=12, DefaultMinGB=8, SmallerMinGB=6, SmallestMinGB=0)
[2020.02.29-03.48.46:862][  0]LogInit: Going up to parent DeviceProfile []
[2020.02.29-03.48.46:862][  0]LogConfig: Applying CVar settings from Section [ViewDistanceQuality@3] File [C:/Users/Azazel/Documents/GitHub/TheDoors2/TheDoors2/Saved/Config/Windows/Scalability.ini]
[2020.02.29-03.48.46:862][  0]LogConfig: Setting CVar [[r.SkeletalMeshLODBias:0]]
[2020.02.29-03.48.46:862][  0]LogConfig: Setting CVar [[r.ViewDistanceScale:1.0]]
[2020.02.29-03.48.46:862][  0]LogConfig: Applying CVar settings from Section [AntiAliasingQuality@3] File [C:/Users/Azazel/Documents/GitHub/TheDoors2/TheDoors2/Saved/Config/Windows/Scalability.ini]
[2020.02.29-03.48.46:862][  0]LogConfig: Setting CVar [[r.PostProcessAAQuality:4]]
[2020.02.29-03.48.46:862][  0]LogConfig: Applying CVar settings from Section [ShadowQuality@3] File [C:/Users/Azazel/Documents/GitHub/TheDoors2/TheDoors2/Saved/Config/Windows/Scalability.ini]
[2020.02.29-03.48.46:862][  0]LogConfig: Setting CVar [[r.LightFunctionQuality:1]]
[2020.02.29-03.48.46:862][  0]LogConfig: Setting CVar [[r.ShadowQuality:5]]
[2020.02.29-03.48.46:862][  0]LogConfig: Setting CVar [[r.Shadow.CSM.MaxCascades:10]]
[2020.02.29-03.48.46:862][  0]LogConfig: Setting CVar [[r.Shadow.MaxResolution:2048]]
[2020.02.29-03.48.46:862][  0]LogConfig: Setting CVar [[r.Shadow.MaxCSMResolution:2048]]
[2020.02.29-03.48.46:862][  0]LogConfig: Setting CVar [[r.Shadow.RadiusThreshold:0.01]]
[2020.02.29-03.48.46:862][  0]LogConfig: Setting CVar [[r.Shadow.DistanceScale:1.0]]
[2020.02.29-03.48.46:862][  0]LogConfig: Setting CVar [[r.Shadow.CSM.TransitionScale:1.0]]
[2020.02.29-03.48.46:862][  0]LogConfig: Setting CVar [[r.Shadow.PreShadowResolutionFactor:1.0]]
[2020.02.29-03.48.46:862][  0]LogConfig: Setting CVar [[r.DistanceFieldShadowing:1]]
[2020.02.29-03.48.46:862][  0]LogConfig: Setting CVar [[r.DistanceFieldAO:1]]
[2020.02.29-03.48.46:862][  0]LogConfig: Setting CVar [[r.AOQuality:2]]
[2020.02.29-03.48.46:862][  0]LogConfig: Setting CVar [[r.VolumetricFog:1]]
[2020.02.29-03.48.46:862][  0]LogConfig: Setting CVar [[r.VolumetricFog.GridPixelSize:8]]
[2020.02.29-03.48.46:862][  0]LogConfig: Setting CVar [[r.VolumetricFog.GridSizeZ:128]]
[2020.02.29-03.48.46:862][  0]LogConfig: Setting CVar [[r.VolumetricFog.HistoryMissSupersampleCount:4]]
[2020.02.29-03.48.46:862][  0]LogConfig: Setting CVar [[r.LightMaxDrawDistanceScale:1]]
[2020.02.29-03.48.46:862][  0]LogConfig: Setting CVar [[r.CapsuleShadows:1]]
[2020.02.29-03.48.46:862][  0]LogConfig: Applying CVar settings from Section [PostProcessQuality@3] File [C:/Users/Azazel/Documents/GitHub/TheDoors2/TheDoors2/Saved/Config/Windows/Scalability.ini]
[2020.02.29-03.48.46:862][  0]LogConfig: Setting CVar [[r.MotionBlurQuality:4]]
[2020.02.29-03.48.46:863][  0]LogConfig: Setting CVar [[r.AmbientOcclusionMipLevelFactor:0.4]]
[2020.02.29-03.48.46:863][  0]LogConfig: Setting CVar [[r.AmbientOcclusionMaxQuality:100]]
[2020.02.29-03.48.46:863][  0]LogConfig: Setting CVar [[r.AmbientOcclusionLevels:-1]]
[2020.02.29-03.48.46:863][  0]LogConfig: Setting CVar [[r.AmbientOcclusionRadiusScale:1.0]]
[2020.02.29-03.48.46:863][  0]LogConfig: Setting CVar [[r.DepthOfFieldQuality:2]]
[2020.02.29-03.48.46:863][  0]LogConfig: Setting CVar [[r.RenderTargetPoolMin:400]]
[2020.02.29-03.48.46:863][  0]LogConfig: Setting CVar [[r.LensFlareQuality:2]]
[2020.02.29-03.48.46:863][  0]LogConfig: Setting CVar [[r.SceneColorFringeQuality:1]]
[2020.02.29-03.48.46:863][  0]LogConfig: Setting CVar [[r.EyeAdaptationQuality:2]]
[2020.02.29-03.48.46:863][  0]LogConfig: Setting CVar [[r.BloomQuality:5]]
[2020.02.29-03.48.46:863][  0]LogConfig: Setting CVar [[r.FastBlurThreshold:100]]
[2020.02.29-03.48.46:863][  0]LogConfig: Setting CVar [[r.Upscale.Quality:3]]
[2020.02.29-03.48.46:863][  0]LogConfig: Setting CVar [[r.Tonemapper.GrainQuantization:1]]
[2020.02.29-03.48.46:863][  0]LogConfig: Setting CVar [[r.LightShaftQuality:1]]
[2020.02.29-03.48.46:863][  0]LogConfig: Setting CVar [[r.Filter.SizeScale:1]]
[2020.02.29-03.48.46:863][  0]LogConfig: Setting CVar [[r.Tonemapper.Quality:5]]
[2020.02.29-03.48.46:863][  0]LogConfig: Setting CVar [[r.DOF.Gather.AccumulatorQuality:1        ; higher gathering accumulator quality]]
[2020.02.29-03.48.46:863][  0]LogConfig: Setting CVar [[r.DOF.Gather.PostfilterMethod:1          ; Median3x3 postfilering method]]
[2020.02.29-03.48.46:863][  0]LogConfig: Setting CVar [[r.DOF.Gather.EnableBokehSettings:0       ; no bokeh simulation when gathering]]
[2020.02.29-03.48.46:863][  0]LogConfig: Setting CVar [[r.DOF.Gather.RingCount:4                 ; medium number of samples when gathering]]
[2020.02.29-03.48.46:863][  0]LogConfig: Setting CVar [[r.DOF.Scatter.ForegroundCompositing:1    ; additive foreground scattering]]
[2020.02.29-03.48.46:863][  0]LogConfig: Setting CVar [[r.DOF.Scatter.BackgroundCompositing:2    ; additive background scattering]]
[2020.02.29-03.48.46:863][  0]LogConfig: Setting CVar [[r.DOF.Scatter.EnableBokehSettings:1      ; bokeh simulation when scattering]]
[2020.02.29-03.48.46:863][  0]LogConfig: Setting CVar [[r.DOF.Scatter.MaxSpriteRatio:0.1         ; only a maximum of 10% of scattered bokeh]]
[2020.02.29-03.48.46:863][  0]LogConfig: Setting CVar [[r.DOF.Recombine.Quality:1                ; cheap slight out of focus]]
[2020.02.29-03.48.46:863][  0]LogConfig: Setting CVar [[r.DOF.Recombine.EnableBokehSettings:0    ; no bokeh simulation on slight out of focus]]
[2020.02.29-03.48.46:863][  0]LogConfig: Setting CVar [[r.DOF.TemporalAAQuality:1                ; more stable temporal accumulation]]
[2020.02.29-03.48.46:863][  0]LogConfig: Setting CVar [[r.DOF.Kernel.MaxForegroundRadius:0.025]]
[2020.02.29-03.48.46:863][  0]LogConfig: Setting CVar [[r.DOF.Kernel.MaxBackgroundRadius:0.025]]
[2020.02.29-03.48.46:863][  0]LogConfig: Applying CVar settings from Section [TextureQuality@3] File [C:/Users/Azazel/Documents/GitHub/TheDoors2/TheDoors2/Saved/Config/Windows/Scalability.ini]
[2020.02.29-03.48.46:863][  0]LogConfig: Setting CVar [[r.Streaming.MipBias:0]]
[2020.02.29-03.48.46:863][  0]LogConfig: Setting CVar [[r.Streaming.AmortizeCPUToGPUCopy:0]]
[2020.02.29-03.48.46:863][  0]LogConfig: Setting CVar [[r.Streaming.MaxNumTexturesToStreamPerFrame:0]]
[2020.02.29-03.48.46:863][  0]LogConfig: Setting CVar [[r.Streaming.Boost:1]]
[2020.02.29-03.48.46:863][  0]LogConfig: Setting CVar [[r.MaxAnisotropy:8]]
[2020.02.29-03.48.46:863][  0]LogConfig: Setting CVar [[r.VT.MaxAnisotropy:8]]
[2020.02.29-03.48.46:863][  0]LogConfig: Setting CVar [[r.Streaming.LimitPoolSizeToVRAM:0]]
[2020.02.29-03.48.46:863][  0]LogConfig: Setting CVar [[r.Streaming.PoolSize:1000]]
[2020.02.29-03.48.46:863][  0]LogConfig: Setting CVar [[r.Streaming.MaxEffectiveScreenSize:0]]
[2020.02.29-03.48.46:863][  0]LogConfig: Applying CVar settings from Section [EffectsQuality@3] File [C:/Users/Azazel/Documents/GitHub/TheDoors2/TheDoors2/Saved/Config/Windows/Scalability.ini]
[2020.02.29-03.48.46:863][  0]LogConfig: Setting CVar [[r.TranslucencyLightingVolumeDim:64]]
[2020.02.29-03.48.46:863][  0]LogConfig: Setting CVar [[r.RefractionQuality:2]]
[2020.02.29-03.48.46:863][  0]LogConfig: Setting CVar [[r.SSR.Quality:3]]
[2020.02.29-03.48.46:863][  0]LogConfig: Setting CVar [[r.SSR.HalfResSceneColor:0]]
[2020.02.29-03.48.46:863][  0]LogConfig: Setting CVar [[r.SceneColorFormat:4]]
[2020.02.29-03.48.46:863][  0]LogConfig: Setting CVar [[r.DetailMode:2]]
[2020.02.29-03.48.46:863][  0]LogConfig: Setting CVar [[r.TranslucencyVolumeBlur:1]]
[2020.02.29-03.48.46:863][  0]LogConfig: Setting CVar [[r.MaterialQualityLevel:1 ; High quality]]
[2020.02.29-03.48.46:863][  0]LogConfig: Setting CVar [[r.SSS.Scale:1]]
[2020.02.29-03.48.46:863][  0]LogConfig: Setting CVar [[r.SSS.SampleSet:2]]
[2020.02.29-03.48.46:863][  0]LogConfig: Setting CVar [[r.SSS.Quality:1]]
[2020.02.29-03.48.46:863][  0]LogConfig: Setting CVar [[r.SSS.HalfRes:1]]
[2020.02.29-03.48.46:863][  0]LogConfig: Setting CVar [[r.SSGI.Quality:3]]
[2020.02.29-03.48.46:863][  0]LogConfig: Setting CVar [[r.EmitterSpawnRateScale:1.0]]
[2020.02.29-03.48.46:863][  0]LogConfig: Setting CVar [[r.ParticleLightQuality:2]]
[2020.02.29-03.48.46:863][  0]LogConfig: Setting CVar [[r.SkyAtmosphere.AerialPerspectiveLUT.FastApplyOnOpaque:1 ; Always have FastSkyLUT 1 in this case to avoid wrong sky]]
[2020.02.29-03.48.46:863][  0]LogConfig: Setting CVar [[r.SkyAtmosphere.AerialPerspectiveLUT.SampleCountPerSlice:1]]
[2020.02.29-03.48.46:863][  0]LogConfig: Setting CVar [[r.SkyAtmosphere.AerialPerspectiveLUT.DepthResolution:16.0]]
[2020.02.29-03.48.46:863][  0]LogConfig: Setting CVar [[r.SkyAtmosphere.FastSkyLUT:1]]
[2020.02.29-03.48.46:863][  0]LogConfig: Setting CVar [[r.SkyAtmosphere.FastSkyLUT.SampleCountMin:4.0]]
[2020.02.29-03.48.46:863][  0]LogConfig: Setting CVar [[r.SkyAtmosphere.FastSkyLUT.SampleCountMax:32.0]]
[2020.02.29-03.48.46:863][  0]LogConfig: Setting CVar [[r.SkyAtmosphere.SampleCountMin:4.0]]
[2020.02.29-03.48.46:863][  0]LogConfig: Setting CVar [[r.SkyAtmosphere.SampleCountMax:32.0]]
[2020.02.29-03.48.46:863][  0]LogConfig: Setting CVar [[r.SkyAtmosphere.TransmittanceLUT.UseSmallFormat:0]]
[2020.02.29-03.48.46:863][  0]LogConfig: Setting CVar [[r.SkyAtmosphere.TransmittanceLUT.SampleCount:10.0]]
[2020.02.29-03.48.46:863][  0]LogConfig: Setting CVar [[r.SkyAtmosphere.MultiScatteringLUT.SampleCount:15.0]]
[2020.02.29-03.48.46:863][  0]LogConfig: Applying CVar settings from Section [FoliageQuality@3] File [C:/Users/Azazel/Documents/GitHub/TheDoors2/TheDoors2/Saved/Config/Windows/Scalability.ini]
[2020.02.29-03.48.46:863][  0]LogConfig: Setting CVar [[foliage.DensityScale:1.0]]
[2020.02.29-03.48.46:863][  0]LogConfig: Setting CVar [[grass.DensityScale:1.0]]
[2020.02.29-03.48.46:863][  0]LogConfig: Applying CVar settings from Section [ShadingQuality@3] File [C:/Users/Azazel/Documents/GitHub/TheDoors2/TheDoors2/Saved/Config/Windows/Scalability.ini]
[2020.02.29-03.48.46:863][  0]LogConfig: Setting CVar [[r.HairStrands.SkyLighting.SampleCount:16]]
[2020.02.29-03.48.46:863][  0]LogConfig: Setting CVar [[r.HairStrands.SkyLighting.JitterIntegration:0]]
[2020.02.29-03.48.46:863][  0]LogConfig: Setting CVar [[r.HairStrands.SkyAO.SampleCount:16]]
[2020.02.29-03.48.46:863][  0]LogConfig: Applying CVar settings from Section [Startup] File [../../../Engine/Config/ConsoleVariables.ini]
[2020.02.29-03.48.46:864][  0]LogConfig: Setting CVar [[net.UseAdaptiveNetUpdateFrequency:0]]
[2020.02.29-03.48.46:864][  0]LogConfig: Setting CVar [[p.chaos.AllowCreatePhysxBodies:1]]
[2020.02.29-03.48.46:864][  0]LogConfig: Applying CVar settings from Section [ConsoleVariables] File [C:/Users/Azazel/Documents/GitHub/TheDoors2/TheDoors2/Saved/Config/Windows/Engine.ini]
[2020.02.29-03.48.46:864][  0]LogInit: Computer: DESKTOP-85HOELG
[2020.02.29-03.48.46:864][  0]LogInit: User: Azazel
[2020.02.29-03.48.46:864][  0]LogInit: CPU Page size=4096, Cores=4
[2020.02.29-03.48.46:864][  0]LogInit: High frequency timer resolution =10.000000 MHz
[2020.02.29-03.48.46:864][  0]LogMemory: Memory total: Physical=15.9GB (16GB approx)
[2020.02.29-03.48.46:864][  0]LogMemory: Platform Memory Stats for Windows
[2020.02.29-03.48.46:864][  0]LogMemory: Process Physical Memory: 105.28 MB used, 105.28 MB peak
[2020.02.29-03.48.46:864][  0]LogMemory: Process Virtual Memory: 100.61 MB used, 100.61 MB peak
[2020.02.29-03.48.46:864][  0]LogMemory: Physical Memory: 7969.95 MB used,  8328.98 MB free, 16298.93 MB total
[2020.02.29-03.48.46:864][  0]LogMemory: Virtual Memory: 5137.50 MB used,  134212592.00 MB free, 134217728.00 MB total
[2020.02.29-03.48.46:867][  0]LogWindows: WindowsPlatformFeatures enabled
[2020.02.29-03.48.46:889][  0]LogInit: Overriding language with editor language configuration option (en).
[2020.02.29-03.48.46:889][  0]LogInit: Overriding locale with editor locale configuration option (en).
[2020.02.29-03.48.47:079][  0]LogInit: Setting process to per monitor DPI aware
[2020.02.29-03.48.47:114][  0]LogSlate: New Slate User Created.  User Index 0, Is Virtual User: 0
[2020.02.29-03.48.47:114][  0]LogSlate: Slate User Registered.  User Index 0, Is Virtual User: 0
[2020.02.29-03.48.47:283][  0]LogHMD: Failed to initialize OpenVR with code 110
[2020.02.29-03.48.47:283][  0]LogD3D11RHI: D3D11 min allowed feature level: 11_0
[2020.02.29-03.48.47:283][  0]LogD3D11RHI: D3D11 max allowed feature level: 11_0
[2020.02.29-03.48.47:283][  0]LogD3D11RHI: D3D11 adapters:
[2020.02.29-03.48.47:360][  0]LogD3D11RHI:    0. 'NVIDIA GeForce GTX 1050 Ti' (Feature Level 11_0)
[2020.02.29-03.48.47:360][  0]LogD3D11RHI:       4021/0/8149 MB DedicatedVideo/DedicatedSystem/SharedSystem, Outputs:1, VendorId:0x10de
[2020.02.29-03.48.47:371][  0]LogD3D11RHI:    1. 'Intel(R) HD Graphics 630' (Feature Level 11_0)
[2020.02.29-03.48.47:371][  0]LogD3D11RHI:       128/0/8149 MB DedicatedVideo/DedicatedSystem/SharedSystem, Outputs:0, VendorId:0x8086
[2020.02.29-03.48.47:374][  0]LogD3D11RHI:    2. 'Microsoft Basic Render Driver' (Feature Level 11_0)
[2020.02.29-03.48.47:374][  0]LogD3D11RHI:       0/0/8149 MB DedicatedVideo/DedicatedSystem/SharedSystem, Outputs:0, VendorId:0x1414
[2020.02.29-03.48.47:374][  0]LogD3D11RHI: Chosen D3D11 Adapter: 0
[2020.02.29-03.48.47:409][  0]LogD3D11RHI: Creating new Direct3DDevice
[2020.02.29-03.48.47:409][  0]LogD3D11RHI:     GPU DeviceId: 0x1c8c (for the marketing name, search the web for "GPU Device Id")
[2020.02.29-03.48.47:409][  0]LogWindows: EnumDisplayDevices:
[2020.02.29-03.48.47:409][  0]LogWindows:    0. 'Intel(R) HD Graphics 630' (P:1 D:1)
[2020.02.29-03.48.47:410][  0]LogWindows:    1. 'Intel(R) HD Graphics 630' (P:0 D:0)
[2020.02.29-03.48.47:410][  0]LogWindows:    2. 'Intel(R) HD Graphics 630' (P:0 D:0)
[2020.02.29-03.48.47:410][  0]LogWindows: DebugString: PrimaryIsNotTheChoosenAdapter PrimaryIsNotTheChoosenAdapter PrimaryIsNotTheChoosenAdapter FoundDriverCount:0 
[2020.02.29-03.48.47:410][  0]LogD3D11RHI:     Adapter Name: NVIDIA GeForce GTX 1050 Ti
[2020.02.29-03.48.47:410][  0]LogD3D11RHI:   Driver Version: Unknown (internal:Unknown, unified:Unknown)
[2020.02.29-03.48.47:410][  0]LogD3D11RHI:      Driver Date: Unknown
[2020.02.29-03.48.47:410][  0]LogRHI: Texture pool is 2814 MB (70% of 4021 MB)
[2020.02.29-03.48.47:453][  0]LogD3D11RHI: RHI has support for 64 bit atomics
[2020.02.29-03.48.47:453][  0]LogD3D11RHI: Async texture creation enabled
[2020.02.29-03.48.47:471][  0]LogD3D11RHI: GPU Timing Frequency: 1000.000000 (Debug: 2 2)
[2020.02.29-03.48.47:813][  0]LogTargetPlatformManager: Display: Loaded TargetPlatform 'AllDesktop'
[2020.02.29-03.48.47:844][  0]LogTargetPlatformManager: Display: Loaded TargetPlatform 'Android'
[2020.02.29-03.48.47:844][  0]LogTargetPlatformManager: Display: Loaded TargetPlatform 'Android_ASTC'
[2020.02.29-03.48.47:844][  0]LogTargetPlatformManager: Display: Loaded TargetPlatform 'Android_ATC'
[2020.02.29-03.48.47:844][  0]LogTargetPlatformManager: Display: Loaded TargetPlatform 'Android_DXT'
[2020.02.29-03.48.47:845][  0]LogTargetPlatformManager: Display: Loaded TargetPlatform 'Android_ETC1'
[2020.02.29-03.48.47:845][  0]LogTargetPlatformManager: Display: Loaded TargetPlatform 'Android_ETC1a'
[2020.02.29-03.48.47:845][  0]LogTargetPlatformManager: Display: Loaded TargetPlatform 'Android_ETC2'
[2020.02.29-03.48.47:845][  0]LogTargetPlatformManager: Display: Loaded TargetPlatform 'Android_PVRTC'
[2020.02.29-03.48.47:845][  0]LogTargetPlatformManager: Display: Loaded TargetPlatform 'AndroidClient'
[2020.02.29-03.48.47:845][  0]LogTargetPlatformManager: Display: Loaded TargetPlatform 'Android_ASTCClient'
[2020.02.29-03.48.47:845][  0]LogTargetPlatformManager: Display: Loaded TargetPlatform 'Android_ATCClient'
[2020.02.29-03.48.47:845][  0]LogTargetPlatformManager: Display: Loaded TargetPlatform 'Android_DXTClient'
[2020.02.29-03.48.47:845][  0]LogTargetPlatformManager: Display: Loaded TargetPlatform 'Android_ETC1Client'
[2020.02.29-03.48.47:845][  0]LogTargetPlatformManager: Display: Loaded TargetPlatform 'Android_ETC1aClient'
[2020.02.29-03.48.47:845][  0]LogTargetPlatformManager: Display: Loaded TargetPlatform 'Android_ETC2Client'
[2020.02.29-03.48.47:845][  0]LogTargetPlatformManager: Display: Loaded TargetPlatform 'Android_PVRTCClient'
[2020.02.29-03.48.47:845][  0]LogTargetPlatformManager: Display: Loaded TargetPlatform 'Android_Multi'
[2020.02.29-03.48.47:845][  0]LogTargetPlatformManager: Display: Loaded TargetPlatform 'Android_MultiClient'
[2020.02.29-03.48.47:864][  0]LogTargetPlatformManager: Display: Loaded TargetPlatform 'IOSClient'
[2020.02.29-03.48.47:864][  0]LogTargetPlatformManager: Display: Loaded TargetPlatform 'IOS'
[2020.02.29-03.48.47:871][  0]LogTargetPlatformManager: Display: Loaded TargetPlatform 'LinuxNoEditor'
[2020.02.29-03.48.47:878][  0]LogTargetPlatformManager: Display: Loaded TargetPlatform 'LinuxClient'
[2020.02.29-03.48.47:885][  0]LogTargetPlatformManager: Display: Loaded TargetPlatform 'LinuxServer'
[2020.02.29-03.48.47:892][  0]LogTargetPlatformManager: Display: Loaded TargetPlatform 'LinuxAArch64NoEditor'
[2020.02.29-03.48.47:899][  0]LogTargetPlatformManager: Display: Loaded TargetPlatform 'LinuxAArch64Client'
[2020.02.29-03.48.47:907][  0]LogTargetPlatformManager: Display: Loaded TargetPlatform 'LinuxAArch64Server'
[2020.02.29-03.48.47:930][  0]LogTargetPlatformManager: Display: Loaded TargetPlatform 'Lumin'
[2020.02.29-03.48.47:930][  0]LogTargetPlatformManager: Display: Loaded TargetPlatform 'LuminClient'
[2020.02.29-03.48.47:945][  0]LogTargetPlatformManager: Display: Loaded TargetPlatform 'TVOSClient'
[2020.02.29-03.48.47:945][  0]LogTargetPlatformManager: Display: Loaded TargetPlatform 'TVOS'
[2020.02.29-03.48.47:952][  0]LogTargetPlatformManager: Display: Loaded TargetPlatform 'WindowsNoEditor'
[2020.02.29-03.48.47:959][  0]LogTargetPlatformManager: Display: Loaded TargetPlatform 'Windows'
[2020.02.29-03.48.47:967][  0]LogTargetPlatformManager: Display: Loaded TargetPlatform 'WindowsClient'
[2020.02.29-03.48.47:974][  0]LogTargetPlatformManager: Display: Loaded TargetPlatform 'WindowsServer'
[2020.02.29-03.48.47:974][  0]LogTargetPlatformManager: Display: Building Assets For Windows
[2020.02.29-03.48.47:977][  0]LogAudioDebug: Display: Lib vorbis DLL was dynamically loaded.
[2020.02.29-03.48.47:997][  0]LogShaderCompilers: Guid format shader working directory is -5 characters bigger than the processId version (C:/Users/Azazel/Documents/GitHub/TheDoors2/TheDoors2/Intermediate/Shaders/WorkingDirectory/6268/).
[2020.02.29-03.48.47:997][  0]LogShaderCompilers: Cleaned the shader compiler working directory 'C:/Users/Azazel/AppData/Local/Temp/UnrealShaderWorkingDir/9463ECD9450914AAD6B6B8BA1EB1D79C/'.
[2020.02.29-03.48.47:997][  0]LogXGEController: Cleaning working directory: C:/Users/Azazel/AppData/Local/Temp/UnrealXGEWorkingDir/
[2020.02.29-03.48.47:998][  0]LogXGEController: Cannot use XGE Controller as Incredibuild is not installed on this machine.
[2020.02.29-03.48.47:998][  0]LogShaderCompilers: Cannot use XGE Shader Compiler as Incredibuild is not installed on this machine.
[2020.02.29-03.48.47:998][  0]LogShaderCompilers: Display: Using Local Shader Compiler.
[2020.02.29-03.48.48:726][  0]LogDerivedDataCache: Display: Max Cache Size: 512 MB
[2020.02.29-03.48.48:780][  0]LogDerivedDataCache: Loaded boot cache 0.05s 78MB C:/Users/Azazel/AppData/Local/UnrealEngine/4.24/DerivedDataCache/Boot.ddc.
[2020.02.29-03.48.48:780][  0]LogDerivedDataCache: Display: Loaded Boot cache: C:/Users/Azazel/AppData/Local/UnrealEngine/4.24/DerivedDataCache/Boot.ddc
[2020.02.29-03.48.48:780][  0]LogDerivedDataCache: FDerivedDataBackendGraph:  Pak pak cache file C:/Users/Azazel/Documents/GitHub/TheDoors2/TheDoors2/DerivedDataCache/DDC.ddp not found, will not use a pak cache.
[2020.02.29-03.48.48:780][  0]LogDerivedDataCache: Unable to find inner node Pak for hierarchical cache Hierarchy.
[2020.02.29-03.48.48:780][  0]LogDerivedDataCache: FDerivedDataBackendGraph:  CompressedPak pak cache file C:/Users/Azazel/Documents/GitHub/TheDoors2/TheDoors2/DerivedDataCache/Compressed.ddp not found, will not use a pak cache.
[2020.02.29-03.48.48:780][  0]LogDerivedDataCache: Unable to find inner node CompressedPak for hierarchical cache Hierarchy.
[2020.02.29-03.48.48:790][  0]LogDerivedDataCache: Display: Pak cache opened for reading ../../../Engine/DerivedDataCache/Compressed.ddp.
[2020.02.29-03.48.48:790][  0]LogDerivedDataCache: FDerivedDataBackendGraph:  EnterprisePak pak cache file ../../../Enterprise/DerivedDataCache/Compressed.ddp not found, will not use a pak cache.
[2020.02.29-03.48.48:790][  0]LogDerivedDataCache: Unable to find inner node EnterprisePak for hierarchical cache Hierarchy.
[2020.02.29-03.48.48:793][  0]LogDerivedDataCache: Using Local data cache path C:/Users/Azazel/AppData/Local/UnrealEngine/Common/DerivedDataCache: Writable
[2020.02.29-03.48.48:793][  0]LogDerivedDataCache: Shared data cache path not found in *engine.ini, will not use an Shared cache.
[2020.02.29-03.48.48:793][  0]LogDerivedDataCache: Unable to find inner node Shared for hierarchical cache Hierarchy.
[2020.02.29-03.48.48:821][  0]LogMaterial: Verifying Global Shaders for PCD3D_SM5
[2020.02.29-03.48.48:823][  0]LogSlate: Using FreeType 2.10.0
[2020.02.29-03.48.48:824][  0]LogSlate: SlateFontServices - WITH_FREETYPE: 1, WITH_HARFBUZZ: 1
[2020.02.29-03.48.48:876][  0]LogAssetRegistry: FAssetRegistry took 0.0024 seconds to start up
[2020.02.29-03.48.49:179][  0]LogInit: Selected Device Profile: [Windows]
[2020.02.29-03.48.49:337][  0]LogMeshReduction: Using QuadricMeshReduction for automatic static mesh reduction
[2020.02.29-03.48.49:337][  0]LogMeshReduction: Using SimplygonMeshReduction for automatic skeletal mesh reduction
[2020.02.29-03.48.49:337][  0]LogMeshReduction: Using ProxyLODMeshReduction for automatic mesh merging
[2020.02.29-03.48.49:337][  0]LogMeshReduction: No distributed automatic mesh merging module available
[2020.02.29-03.48.49:337][  0]LogMeshMerging: No distributed automatic mesh merging module available
[2020.02.29-03.48.49:348][  0]LogNetVersion: TheDoors2 1.0.0, NetCL: 10570792, EngineNetVer: 13, GameNetVer: 0 (Checksum: 2300638170)
[2020.02.29-03.48.50:372][  0]LogPackageLocalizationCache: Processed 10 localized package path(s) for 1 prioritized culture(s) in 0.063520 seconds
[2020.02.29-03.48.50:379][  0]LogUObjectArray: 46750 objects as part of root set at end of initial load.
[2020.02.29-03.48.50:379][  0]LogUObjectAllocator: 8137160 out of 0 bytes used by permanent object pool.
[2020.02.29-03.48.50:379][  0]LogUObjectArray: CloseDisregardForGC: 0/0 objects in disregard for GC pool
[2020.02.29-03.48.50:773][  0]LogTcpMessaging: Initializing TcpMessaging bridge
[2020.02.29-03.48.50:776][  0]LogUdpMessaging: Initializing bridge on interface 0.0.0.0:0 to multicast group 230.0.0.1:6666.
[2020.02.29-03.48.50:823][  0]SourceControl: Source control is disabled
[2020.02.29-03.48.50:823][  0]SourceControl: Source control is disabled
[2020.02.29-03.48.50:824][  0]SourceControl: Source control is disabled
[2020.02.29-03.48.50:824][  0]SourceControl: Source control is disabled
[2020.02.29-03.48.50:825][  0]SourceControl: Source control is disabled
[2020.02.29-03.48.50:902][  0]LogAndroidPermission: UAndroidPermissionCallbackProxy::GetInstance
[2020.02.29-03.48.50:912][  0]LogAudioCaptureCore: Display: No Audio Capture implementations found. Audio input will be silent.
[2020.02.29-03.48.50:913][  0]LogAudioCaptureCore: Display: No Audio Capture implementations found. Audio input will be silent.
[2020.02.29-03.48.50:996][  0]LogOcInput: OculusInput pre-init called
[2020.02.29-03.48.51:003][  0]LogWindows: Failed to load 'OVRPlugin.dll' (GetLastError=126)
[2020.02.29-03.48.51:003][  0]LogWindows: File 'OVRPlugin.dll' does not exist
[2020.02.29-03.48.51:069][  0]LogEngine: Initializing Engine...
[2020.02.29-03.48.51:070][  0]LogHMD: Failed to initialize OpenVR with code 110
[2020.02.29-03.48.51:071][  0]LogStats: UGameplayTagsManager::InitializeManager -  0.000 s
[2020.02.29-03.48.51:411][  0]LogInit: Initializing FReadOnlyCVARCache
[2020.02.29-03.48.51:417][  0]LogAIModule: Creating AISystem for world Untitled
[2020.02.29-03.48.51:425][  0]LogAudioMixer: Display: Audio Mixer Platform Settings:
[2020.02.29-03.48.51:425][  0]LogAudioMixer: Display: 	Sample Rate:						  48000
[2020.02.29-03.48.51:425][  0]LogAudioMixer: Display: 	Callback Buffer Frame Size Requested: 1024
[2020.02.29-03.48.51:425][  0]LogAudioMixer: Display: 	Callback Buffer Frame Size To Use:	  1024
[2020.02.29-03.48.51:425][  0]LogAudioMixer: Display: 	Number of buffers to queue:			  2
[2020.02.29-03.48.51:425][  0]LogAudioMixer: Display: 	Max Channels (voices):				  32
[2020.02.29-03.48.51:425][  0]LogAudioMixer: Display: 	Number of Async Source Workers:		  0
[2020.02.29-03.48.51:426][  0]LogAudio: Display: AudioDevice MaxSources: 32
[2020.02.29-03.48.51:426][  0]LogAudio: Display: Using built-in audio occlusion.
[2020.02.29-03.48.51:426][  0]LogAudioMixer: Display: Initializing audio mixer.
[2020.02.29-03.48.51:461][  0]LogAudioMixer: Display: Audio Device Output Speaker Info:
[2020.02.29-03.48.51:461][  0]LogAudioMixer: Display: Name: Altavoces (Realtek High Definition Audio)
[2020.02.29-03.48.51:461][  0]LogAudioMixer: Display: Is Default: Yes
[2020.02.29-03.48.51:461][  0]LogAudioMixer: Display: Sample Rate: 48000
[2020.02.29-03.48.51:461][  0]LogAudioMixer: Display: Channel Count Used: 2
[2020.02.29-03.48.51:461][  0]LogAudioMixer: Display: Device Channel Count: 2
[2020.02.29-03.48.51:461][  0]LogAudioMixer: Display: Channel Order:
[2020.02.29-03.48.51:461][  0]LogAudioMixer: Display: 0: FrontLeft
[2020.02.29-03.48.51:462][  0]LogAudioMixer: Display: 1: FrontRight
[2020.02.29-03.48.51:765][  0]LogAudioMixer: Display: Using Audio Device Altavoces (Realtek High Definition Audio)
[2020.02.29-03.48.51:770][  0]LogInit: FAudioDevice initialized.
[2020.02.29-03.48.51:770][  0]LogNetVersion: Set ProjectVersion to 1.0.0.0. Version Checksum will be recalculated on next use.
[2020.02.29-03.48.51:964][  0]LogDerivedDataCache: Saved boot cache 0.19s 78MB C:/Users/Azazel/AppData/Local/UnrealEngine/4.24/DerivedDataCache/Boot.ddc.
[2020.02.29-03.48.51:972][  0]LogInit: Texture streaming: Enabled
[2020.02.29-03.48.51:986][  0]LogEngineSessionManager: EngineSessionManager initialized
[2020.02.29-03.48.51:986][  0]LogEditorSessionSummary: Verbose: Initializing EditorSessionSummaryWriter for editor session tracking
[2020.02.29-03.48.51:998][  0]LogEditorSessionSummary: EditorSessionSummaryWriter initialized
[2020.02.29-03.48.52:070][  0]LogInit: Transaction tracking system initialized
[2020.02.29-03.48.52:078][  0]BlueprintLog: New page: Editor Load
[2020.02.29-03.48.52:107][  0]LocalizationService: Localization service is disabled
[2020.02.29-03.48.52:377][  0]LogCook: Display: Max memory allowance for cook 16384mb min free memory 0mb
[2020.02.29-03.48.52:378][  0]LogCook: Display: Mobile HDR setting 1
[2020.02.29-03.48.52:449][  0]LogFileCache: Scanning file cache for directory 'C:/Users/Azazel/Documents/GitHub/TheDoors2/TheDoors2/Content/' took 0.02s
[2020.02.29-03.48.53:004][  0]SourceControl: Source control is disabled
[2020.02.29-03.48.53:004][  0]Cmd: MAP LOAD FILE="C:/Users/Azazel/Documents/GitHub/TheDoors2/TheDoors2/Content/FirstPersonBP/Maps/FirstPersonExampleMap.umap" TEMPLATE=0 SHOWPROGRESS=1 FEATURELEVEL=3
[2020.02.29-03.48.53:004][  0]LightingResults: New page: Lighting Build
[2020.02.29-03.48.53:005][  0]LogWorld: UWorld::CleanupWorld for Untitled, bSessionEnded=true, bCleanupResources=true
[2020.02.29-03.48.53:005][  0]LogSlate: InvalidateAllWidgets triggered.  All widgets were invalidated
[2020.02.29-03.48.53:005][  0]MapCheck: New page: Map Check
[2020.02.29-03.48.53:005][  0]LightingResults: New page: Lighting Build
[2020.02.29-03.48.53:033][  0]LogUObjectHash: Compacting FUObjectHashTables data took   1.67ms
[2020.02.29-03.48.53:591][  0]LogAIModule: Creating AISystem for world FirstPersonExampleMap
[2020.02.29-03.48.53:615][  0]LogEditorServer: Finished looking for orphan Actors (0.000 secs)
[2020.02.29-03.48.53:647][  0]LogUObjectHash: Compacting FUObjectHashTables data took   2.59ms
[2020.02.29-03.48.53:647][  0]Cmd: MAP CHECKDEP NOCLEARLOG
[2020.02.29-03.48.53:647][  0]MapCheck: Map check complete: 0 Error(s), 0 Warning(s), took 0.169ms to complete.
[2020.02.29-03.48.53:647][  0]LogFileHelpers: Loading map 'FirstPersonExampleMap' took 0.644
[2020.02.29-03.48.53:780][  0]LogSlate: Updating window title bar state: overlay mode, drag disabled, window buttons hidden, title bar hidden
[2020.02.29-03.48.53:786][  0]LogSlate: Updating window title bar state: overlay mode, drag disabled, window buttons hidden, title bar hidden
[2020.02.29-03.48.53:795][  0]LogSlate: Updating window title bar state: overlay mode, drag disabled, window buttons hidden, title bar hidden
[2020.02.29-03.48.53:801][  0]LogSlate: Updating window title bar state: overlay mode, drag disabled, window buttons hidden, title bar hidden
[2020.02.29-03.48.53:813][  0]LogCollectionManager: Loaded 0 collections in 0.002726 seconds
[2020.02.29-03.48.53:825][  0]LogFileCache: Scanning file cache for directory 'C:/Users/Azazel/Documents/GitHub/TheDoors2/TheDoors2/Saved/Collections/' took 0.00s
[2020.02.29-03.48.53:825][  0]LogFileCache: Scanning file cache for directory 'C:/Users/Azazel/Documents/GitHub/TheDoors2/TheDoors2/Content/Developers/Azazel/Collections/' took 0.00s
[2020.02.29-03.48.53:825][  0]LogFileCache: Scanning file cache for directory 'C:/Users/Azazel/Documents/GitHub/TheDoors2/TheDoors2/Content/Collections/' took 0.00s
[2020.02.29-03.48.53:825][  0]LogContentBrowser: Native class hierarchy populated in 0.0084 seconds. Added 3015 classes and 717 folders.
[2020.02.29-03.48.53:827][  0]LogContentBrowser: Native class hierarchy updated for 'WidgetCarousel' in 0.0002 seconds. Added 0 classes and 0 folders.
[2020.02.29-03.48.53:871][  0]LogContentBrowser: Native class hierarchy updated for 'AddContentDialog' in 0.0003 seconds. Added 0 classes and 0 folders.
[2020.02.29-03.48.53:874][  0]LogContentBrowser: Native class hierarchy updated for 'SceneOutliner' in 0.0002 seconds. Added 2 classes and 3 folders.
[2020.02.29-03.48.53:927][  0]LogContentBrowser: Native class hierarchy updated for 'HierarchicalLODOutliner' in 0.0003 seconds. Added 0 classes and 0 folders.
[2020.02.29-03.48.53:927][  0]LogLoad: (Engine Initialization) Total time: 8.22 seconds
[2020.02.29-03.48.53:927][  0]LogLoad: (Engine Initialization) Total Blueprint compile time: 0.00 seconds
[2020.02.29-03.48.53:991][  0]LogContentStreaming: Texture pool size now 1000 MB
[2020.02.29-03.48.53:993][  0]LogSlate: Took 0.000201 seconds to synchronously load lazily loaded font '../../../Engine/Content/Slate/Fonts/Roboto-Regular.ttf' (155K)
[2020.02.29-03.48.53:995][  0]LogSlate: Took 0.000177 seconds to synchronously load lazily loaded font '../../../Engine/Content/Slate/Fonts/Roboto-Bold.ttf' (160K)
[2020.02.29-03.48.53:999][  0]LogSlate: Took 0.000144 seconds to synchronously load lazily loaded font '../../../Engine/Content/Editor/Slate/Fonts/FontAwesome.ttf' (139K)
[2020.02.29-03.48.54:067][  0]LogSlate: Took 0.000112 seconds to synchronously load lazily loaded font '../../../Engine/Content/Slate/Fonts/Roboto-Light.ttf' (167K)
[2020.02.29-03.48.54:099][  1]LogRenderer: Reallocating scene render targets to support 804x360 Format 10 NumSamples 1 (Frame:1).
[2020.02.29-03.48.54:099][  1]LogAssetRegistry: Asset discovery search completed in 5.2243 seconds
[2020.02.29-03.48.54:103][  1]LogCollectionManager: Fixed up redirectors for 0 collections in 0.000014 seconds (updated 0 objects)
[2020.02.29-03.48.57:209][178]LogRenderer: Reallocating scene render targets to support 1208x572 Format 10 NumSamples 1 (Frame:176).
[2020.02.29-03.49.27:150][967]LogSlate: Took 0.000147 seconds to synchronously load lazily loaded font '../../../Engine/Content/Slate/Fonts/Roboto-Light.ttf' (167K)
[2020.02.29-03.49.27:167][967]LogAssetEditorSubsystem: Opening Asset editor for Blueprint /Game/IaAndStuffRelated/NPCconIA.NPCconIA
[2020.02.29-03.49.27:398][967]LogContentBrowser: Native class hierarchy updated for 'BlueprintGraph' in 0.0005 seconds. Added 121 classes and 0 folders.
[2020.02.29-03.49.39:716][606]LogSlate: Window 'NPCconIA' being destroyed
[2020.02.29-03.49.39:731][606]LogSlate: Window 'NPCconIA' being destroyed
[2020.02.29-03.49.39:755][606]LogWorld: UWorld::CleanupWorld for World_0, bSessionEnded=true, bCleanupResources=true
[2020.02.29-03.49.39:755][606]LogSlate: InvalidateAllWidgets triggered.  All widgets were invalidated
[2020.02.29-03.49.43:804][815]LogUObjectHash: Compacting FUObjectHashTables data took   3.76ms
[2020.02.29-03.49.45:877][815]LogSlate: Window 'Delete Assets' being destroyed
[2020.02.29-03.49.46:027][815]LogUObjectHash: Compacting FUObjectHashTables data took   3.31ms
[2020.02.29-03.49.46:065][815]LogUObjectHash: Compacting FUObjectHashTables data took   2.60ms
[2020.02.29-03.49.46:095][815]LogUObjectHash: Compacting FUObjectHashTables data took   1.00ms
[2020.02.29-03.49.49:135][907]LogSlate: Window 'Pick Parent Class' being destroyed
[2020.02.29-03.50.03:471][760]LogAssetEditorSubsystem: Opening Asset editor for Blueprint /Game/IaAndStuffRelated/NPCconIa.NPCconIa
[2020.02.29-03.50.03:949][760]LogRenderer: Reallocating scene render targets to support 1208x712 Format 10 NumSamples 1 (Frame:1).
[2020.02.29-03.50.05:708][856]LogSlate: Took 0.000158 seconds to synchronously load lazily loaded font '../../../Engine/Content/Slate/Fonts/Roboto-Italic.ttf' (157K)
[2020.02.29-03.50.56:101][203]LogTexture: Display: Building textures: T_Smoke_01 (AutoDXT, 1024X1024)
[2020.02.29-03.50.56:101][203]LogTexture: Display: Building textures: T_Sevarog_Torso_Mask (AutoDXT, 4096X4096)
[2020.02.29-03.50.56:101][203]LogTexture: Display: Building textures: T_Sevarog_Torso_RGB (AutoDXT, 4096X4096)
[2020.02.29-03.50.56:101][203]LogTexture: Display: Building textures: T_Sevarog_Torso_N (BC5, 4096X4096)
[2020.02.29-03.50.56:101][203]LogTexture: Display: Building textures: T_Metal_Scratched (AutoDXT, 4096X4096)
[2020.02.29-03.50.56:101][203]LogTexture: Display: Building textures: T_RockTextureTile_000_D (AutoDXT, 4096X4096)
[2020.02.29-03.50.56:101][203]LogTexture: Display: Building textures: T_Sevarog_Torso_Mask1 (AutoDXT, 4096X4096)
[2020.02.29-03.50.56:101][203]LogTexture: Display: Building textures: T_filter_clouds (AutoDXT, 2048X2048)
[2020.02.29-03.50.56:101][203]LogTexture: Display: Building textures: T_spiritplane_arcs (AutoDXT, 2048X2048)
[2020.02.29-03.50.56:101][203]LogTexture: Display: Building textures: T_simple_circle_mask (AutoDXT, 512X512)
[2020.02.29-03.50.56:101][203]LogTexture: Display: Building textures: T_Sevarog_Belt_Chainmall_Hammer_N (BC5, 4096X4096)
[2020.02.29-03.50.56:101][203]LogTexture: Display: Building textures: T_Sevarog_Belt_Chainmall_Hammer_Mask1 (AutoDXT, 4096X4096)
[2020.02.29-03.50.56:101][203]LogTexture: Display: Building textures: T_Sevarog_Belt_Chainmall_Hammer_Mask (AutoDXT, 4096X4096)
[2020.02.29-03.50.56:101][203]LogTexture: Display: Building textures: T_Sevarog_Arms_BackCloth_RGB (AutoDXT, 4096X4096)
[2020.02.29-03.50.56:101][203]LogTexture: Display: Building textures: T_Sevarog_Arms_BackCloth_N (BC5, 4096X4096)
[2020.02.29-03.50.56:101][203]LogTexture: Display: Building textures: T_Sevarog_Arms_BackCloth_Mask1 (AutoDXT, 4096X4096)
[2020.02.29-03.50.56:101][203]LogTexture: Display: Building textures: T_IronRust_Tile_N (BC5, 4096X4096)
[2020.02.29-03.50.56:101][203]LogTexture: Display: Building textures: T_IronRust_Tile_D (AutoDXT, 4096X4096)
[2020.02.29-03.50.56:101][203]LogTexture: Display: Building textures: T_Rust01_N (BC5, 2048X2048)
[2020.02.29-03.50.56:101][203]LogTexture: Display: Building textures: T_Dark_Leather_N (BC5, 2048X2048)
[2020.02.29-03.50.56:101][203]LogTexture: Display: Building textures: T_UnpleasentGrime_D (AutoDXT, 2048X2048)
[2020.02.29-03.50.56:101][203]LogTexture: Display: Building textures: T_OldWeave_NRM (BC5, 1024X1024)
[2020.02.29-03.50.56:101][203]LogTexture: Display: Building textures: T_OldWeave_COLOR (AutoDXT, 1024X1024)
[2020.02.29-03.50.56:101][203]LogTexture: Display: Building textures: T_Sevarog_Armour_N (BC5, 4096X4096)
[2020.02.29-03.50.56:101][203]LogTexture: Display: Building textures: T_Sevarog_Armour_Mask (AutoDXT, 4096X4096)
[2020.02.29-03.50.56:101][203]LogTexture: Display: Building textures: T_Weathered__Detail001_Mask (AutoDXT, 2048X2048)
[2020.02.29-03.50.56:101][203]LogTexture: Display: Building textures: T_Sevarog_Belt_Chainmall_Hammer_RGB (AutoDXT, 4096X4096)
[2020.02.29-03.50.56:101][203]LogTexture: Display: Building textures: T_TestML_Mask (AutoDXT, 512X512)
[2020.02.29-03.50.56:312][203]LogTexture: Display: Building textures: T_AtmosphericCloudNoise03 (BGRA8, 2048X2048)
[2020.02.29-03.50.56:810][203]LogTexture: Display: Building textures: T_MarbleVein_D (AutoDXT, 4096X4096)
[2020.02.29-03.50.56:811][203]LogTexture: Display: Building textures: T_AtmosphericCloudNoise01_N (BC5, 2048X2048)
[2020.02.29-03.50.58:191][203]LogTexture: Display: Building textures: T_AtmosphericCloudNoise01 (AutoDXT, 2048X2048)
