Log file open, 02/25/20 20:29:56
LogWindows: Failed to load 'aqProf.dll' (GetLastError=126)
LogWindows: File 'aqProf.dll' does not exist
LogWindows: Failed to load 'VtuneApi.dll' (GetLastError=126)
LogWindows: File 'VtuneApi.dll' does not exist
LogWindows: Failed to load 'VtuneApi32e.dll' (GetLastError=126)
LogWindows: File 'VtuneApi32e.dll' does not exist
LogConsoleResponse: Display: Failed to find resolution value strings in scalability ini. Falling back to default.
LogInit: Display: Running engine for game: TheDoors2
LogPlatformFile: Not using cached read wrapper
LogTaskGraph: Started task graph with 5 named threads and 23 total threads with 3 sets of task threads.
LogStats: Stats thread started at 0.076253
LogD3D11RHI: Loaded GFSDK_Aftermath_Lib.x64.dll
LogICUInternationalization: ICU TimeZone Detection - Raw Offset: +1:00, Platform Override: ''
LogPluginManager: Mounting plugin Paper2D
LogPluginManager: Mounting plugin AISupport
LogPluginManager: Mounting plugin LightPropagationVolume
LogPluginManager: Mounting plugin ActorLayerUtilities
LogPluginManager: Mounting plugin AnimationSharing
LogPluginManager: Mounting plugin CLionSourceCodeAccess
LogPluginManager: Mounting plugin CodeLiteSourceCodeAccess
LogPluginManager: Mounting plugin GitSourceControl
LogPluginManager: Mounting plugin KDevelopSourceCodeAccess
LogPluginManager: Mounting plugin NullSourceCodeAccess
LogPluginManager: Mounting plugin PerforceSourceControl
LogPluginManager: Mounting plugin PlasticSourceControl
LogPluginManager: Mounting plugin SubversionSourceControl
LogPluginManager: Mounting plugin UObjectPlugin
LogPluginManager: Mounting plugin VisualStudioCodeSourceCodeAccess
LogPluginManager: Mounting plugin VisualStudioSourceCodeAccess
LogPluginManager: Mounting plugin XCodeSourceCodeAccess
LogPluginManager: Mounting plugin AssetManagerEditor
LogPluginManager: Mounting plugin CryptoKeys
LogPluginManager: Mounting plugin CurveEditorTools
LogPluginManager: Mounting plugin DataValidation
LogPluginManager: Mounting plugin FacialAnimation
LogPluginManager: Mounting plugin GameplayTagsEditor
LogPluginManager: Mounting plugin MacGraphicsSwitching
LogPluginManager: Mounting plugin MaterialAnalyzer
LogPluginManager: Mounting plugin MobileLauncherProfileWizard
LogPluginManager: Mounting plugin PluginBrowser
LogPluginManager: Mounting plugin SpeedTreeImporter
LogPluginManager: Mounting plugin DatasmithContent
LogPluginManager: Mounting plugin VariantManagerContent
LogPluginManager: Mounting plugin AlembicImporter
LogPluginManager: Mounting plugin AutomationUtils
LogPluginManager: Mounting plugin BackChannel
LogPluginManager: Mounting plugin CharacterAI
LogPluginManager: Mounting plugin GeometryCache
LogPluginManager: Mounting plugin PlatformCrypto
LogPluginManager: Mounting plugin ProxyLODPlugin
LogPluginManager: Mounting plugin SkeletalReduction
LogPluginManager: Mounting plugin MagicLeap
LogPluginManager: Mounting plugin MagicLeapMedia
LogPluginManager: Mounting plugin MLSDK
LogPluginManager: Mounting plugin AndroidMedia
LogPluginManager: Mounting plugin AvfMedia
LogPluginManager: Mounting plugin ImgMedia
LogPluginManager: Mounting plugin MediaCompositing
LogPluginManager: Mounting plugin MediaPlayerEditor
LogPluginManager: Mounting plugin WebMMedia
LogPluginManager: Mounting plugin WmfMedia
LogPluginManager: Mounting plugin TcpMessaging
LogPluginManager: Mounting plugin UdpMessaging
LogPluginManager: Mounting plugin ActorSequence
LogPluginManager: Mounting plugin LevelSequenceEditor
LogPluginManager: Mounting plugin MatineeToLevelSequence
LogPluginManager: Mounting plugin NetcodeUnitTest
LogPluginManager: Mounting plugin NUTUnrealEngine4
LogPluginManager: Mounting plugin OnlineSubsystemGooglePlay
LogPluginManager: Mounting plugin OnlineSubsystemIOS
LogPluginManager: Mounting plugin OnlineSubsystem
LogPluginManager: Mounting plugin OnlineSubsystemNull
LogPluginManager: Mounting plugin OnlineSubsystemUtils
LogPluginManager: Mounting plugin LauncherChunkInstaller
LogPluginManager: Mounting plugin AndroidDeviceProfileSelector
LogPluginManager: Mounting plugin AndroidMoviePlayer
LogPluginManager: Mounting plugin AndroidPermission
LogPluginManager: Mounting plugin AppleImageUtils
LogPluginManager: Mounting plugin AppleMoviePlayer
LogPluginManager: Mounting plugin ArchVisCharacter
LogPluginManager: Mounting plugin AssetTags
LogPluginManager: Mounting plugin AudioCapture
LogPluginManager: Mounting plugin CableComponent
LogPluginManager: Mounting plugin CustomMeshComponent
LogPluginManager: Mounting plugin EditableMesh
LogPluginManager: Mounting plugin ExampleDeviceProfileSelector
LogPluginManager: Mounting plugin GoogleCloudMessaging
LogPluginManager: Mounting plugin IOSDeviceProfileSelector
LogPluginManager: Mounting plugin LinuxDeviceProfileSelector
LogPluginManager: Mounting plugin LocationServicesBPLibrary
LogPluginManager: Mounting plugin MobilePatchingUtils
LogPluginManager: Mounting plugin OculusVR
LogPluginManager: Mounting plugin PhysXVehicles
LogPluginManager: Mounting plugin PostSplashScreen
LogPluginManager: Mounting plugin ProceduralMeshComponent
LogPluginManager: Mounting plugin RuntimePhysXCooking
LogPluginManager: Mounting plugin SignificanceManager
LogPluginManager: Mounting plugin SteamVR
LogPluginManager: Mounting plugin WebMMoviePlayer
LogPluginManager: Mounting plugin WindowsMoviePlayer
LogPluginManager: Mounting plugin ScreenshotTools
LogInit: Using libcurl 7.55.1-DEV
LogInit:  - built for x86_64-pc-win32
LogInit:  - supports SSL with OpenSSL/1.1.1
LogInit:  - supports HTTP deflate (compression) using libz 1.2.8
LogInit:  - other features:
LogInit:      CURL_VERSION_SSL
LogInit:      CURL_VERSION_LIBZ
LogInit:      CURL_VERSION_IPV6
LogInit:      CURL_VERSION_ASYNCHDNS
LogInit:      CURL_VERSION_LARGEFILE
LogInit:      CURL_VERSION_IDN
LogInit:  CurlRequestOptions (configurable via config and command line):
LogInit:  - bVerifyPeer = true  - Libcurl will verify peer certificate
LogInit:  - bUseHttpProxy = false  - Libcurl will NOT use HTTP proxy
LogInit:  - bDontReuseConnections = false  - Libcurl will reuse connections
LogInit:  - MaxHostConnections = 16  - Libcurl will limit the number of connections to a host
LogInit:  - LocalHostAddr = Default
LogInit:  - BufferSize = 65536
LogOnline: OSS: Creating online subsystem instance for: NULL
LogInit: WinSock: version 1.1 (2.2), MaxSocks=32767, MaxUdp=65467
LogOnline: OSS: TryLoadSubsystemAndSetDefault: Loaded subsystem for module [NULL]
LogInit: Build: ++UE4+Release-4.24-CL-11100242
LogInit: Engine Version: 4.24.2-11100242+++UE4+Release-4.24
LogInit: Compatible Engine Version: 4.24.0-10570792+++UE4+Release-4.24
LogInit: Net CL: 10570792
LogInit: OS: Windows 10 (Release 1903) (), CPU: Intel(R) Core(TM) i7-7820HQ CPU @ 2.90GHz, GPU: Radeon Pro 560
LogInit: Compiled (64-bit): Jan 24 2020 02:05:53
LogInit: Compiled with Visual C++: 19.16.27032.01
LogInit: Build Configuration: Development
LogInit: Branch Name: ++UE4+Release-4.24
LogInit: Command Line: 
LogInit: Base Directory: C:/Program Files/Epic Games/UE_4.24/Engine/Binaries/Win64/
LogInit: Installed Engine Build: 1
LogDevObjectVersion: Number of dev versions registered: 25
LogDevObjectVersion:   Dev-Blueprints (B0D832E4-1F89-4F0D-ACCF-7EB736FD4AA2): 10
LogDevObjectVersion:   Dev-Build (E1C64328-A22C-4D53-A36C-8E866417BD8C): 0
LogDevObjectVersion:   Dev-Core (375EC13C-06E4-48FB-B500-84F0262A717E): 3
LogDevObjectVersion:   Dev-Editor (E4B068ED-F494-42E9-A231-DA0B2E46BB41): 37
LogDevObjectVersion:   Dev-Framework (CFFC743F-43B0-4480-9391-14DF171D2073): 36
LogDevObjectVersion:   Dev-Mobile (B02B49B5-BB20-44E9-A304-32B752E40360): 2
LogDevObjectVersion:   Dev-Networking (A4E4105C-59A1-49B5-A7C5-40C4547EDFEE): 0
LogDevObjectVersion:   Dev-Online (39C831C9-5AE6-47DC-9A44-9C173E1C8E7C): 0
LogDevObjectVersion:   Dev-Physics (78F01B33-EBEA-4F98-B9B4-84EACCB95AA2): 2
LogDevObjectVersion:   Dev-Platform (6631380F-2D4D-43E0-8009-CF276956A95A): 0
LogDevObjectVersion:   Dev-Rendering (12F88B9F-8875-4AFC-A67C-D90C383ABD29): 36
LogDevObjectVersion:   Dev-Sequencer (7B5AE74C-D270-4C10-A958-57980B212A5A): 11
LogDevObjectVersion:   Dev-VR (D7296918-1DD6-4BDD-9DE2-64A83CC13884): 2
LogDevObjectVersion:   Dev-LoadTimes (C2A15278-BFE7-4AFE-6C17-90FF531DF755): 1
LogDevObjectVersion:   Private-Geometry (6EACA3D4-40EC-4CC1-B786-8BED09428FC5): 3
LogDevObjectVersion:   Dev-AnimPhys (29E575DD-E0A3-4627-9D10-D276232CDCEA): 17
LogDevObjectVersion:   Dev-Anim (AF43A65D-7FD3-4947-9873-3E8ED9C1BB05): 2
LogDevObjectVersion:   Dev-ReflectionCapture (6B266CEC-1EC7-4B8F-A30B-E4D90942FC07): 1
LogDevObjectVersion:   Dev-Automation (0DF73D61-A23F-47EA-B727-89E90C41499A): 1
LogDevObjectVersion:   FortniteMain (601D1886-AC64-4F84-AA16-D3DE0DEAC7D6): 31
LogDevObjectVersion:   Dev-Enterprise (9DFFBCD6-494F-0158-E221-12823C92A888): 8
LogDevObjectVersion:   Dev-Niagara (F2AED0AC-9AFE-416F-8664-AA7FFA26D6FC): 1
LogDevObjectVersion:   Dev-Destruction (174F1F0B-B4C6-45A5-B13F-2EE8D0FB917D): 9
LogDevObjectVersion:   Dev-Physics-Ext (35F94A83-E258-406C-A318-09F59610247C): 8
LogDevObjectVersion:   Dev-CineCamera (B2E18506-4273-CFC2-A54E-F4BB758BBA07): 1
LogInit: Presizing for max 25165824 objects, including 0 objects not considered by GC, pre-allocating 0 bytes for permanent pool.
LogInit: Object subsystem initialized
LogConfig: Setting CVar [[con.DebugEarlyDefault:1]]
LogConfig: Setting CVar [[r.setres:1280x720]]
[2020.02.25-19.29.56:865][  0]LogConfig: Setting CVar [[r.VSync:0]]
[2020.02.25-19.29.56:865][  0]LogConfig: Setting CVar [[r.RHICmdBypass:0]]
[2020.02.25-19.29.56:865][  0]LogConfig: Applying CVar settings from Section [/Script/Engine.RendererSettings] File [C:/Users/Alba Samaranch/Documents/GitHub/TheDoors2/TheDoors2/Saved/Config/Windows/Engine.ini]
[2020.02.25-19.29.56:865][  0]LogConfig: Setting CVar [[r.GPUCrashDebugging:0]]
[2020.02.25-19.29.56:865][  0]LogConfig: Applying CVar settings from Section [/Script/Engine.RendererOverrideSettings] File [C:/Users/Alba Samaranch/Documents/GitHub/TheDoors2/TheDoors2/Saved/Config/Windows/Engine.ini]
[2020.02.25-19.29.56:865][  0]LogConfig: Applying CVar settings from Section [/Script/Engine.StreamingSettings] File [C:/Users/Alba Samaranch/Documents/GitHub/TheDoors2/TheDoors2/Saved/Config/Windows/Engine.ini]
[2020.02.25-19.29.56:865][  0]LogConfig: Setting CVar [[s.MinBulkDataSizeForAsyncLoading:131072]]
[2020.02.25-19.29.56:865][  0]LogConfig: Setting CVar [[s.AsyncLoadingThreadEnabled:0]]
[2020.02.25-19.29.56:865][  0]LogConfig: Setting CVar [[s.EventDrivenLoaderEnabled:1]]
[2020.02.25-19.29.56:865][  0]LogConfig: Setting CVar [[s.WarnIfTimeLimitExceeded:0]]
[2020.02.25-19.29.56:865][  0]LogConfig: Setting CVar [[s.TimeLimitExceededMultiplier:1.5]]
[2020.02.25-19.29.56:865][  0]LogConfig: Setting CVar [[s.TimeLimitExceededMinTime:0.005]]
[2020.02.25-19.29.56:865][  0]LogConfig: Setting CVar [[s.UseBackgroundLevelStreaming:1]]
[2020.02.25-19.29.56:865][  0]LogConfig: Setting CVar [[s.PriorityAsyncLoadingExtraTime:15.0]]
[2020.02.25-19.29.56:865][  0]LogConfig: Setting CVar [[s.LevelStreamingActorsUpdateTimeLimit:5.0]]
[2020.02.25-19.29.56:865][  0]LogConfig: Setting CVar [[s.PriorityLevelStreamingActorsUpdateExtraTime:5.0]]
[2020.02.25-19.29.56:865][  0]LogConfig: Setting CVar [[s.LevelStreamingComponentsRegistrationGranularity:10]]
[2020.02.25-19.29.56:865][  0]LogConfig: Setting CVar [[s.UnregisterComponentsTimeLimit:1.0]]
[2020.02.25-19.29.56:865][  0]LogConfig: Setting CVar [[s.LevelStreamingComponentsUnregistrationGranularity:5]]
[2020.02.25-19.29.56:865][  0]LogConfig: Setting CVar [[s.FlushStreamingOnExit:1]]
[2020.02.25-19.29.56:866][  0]LogConfig: Applying CVar settings from Section [/Script/Engine.GarbageCollectionSettings] File [C:/Users/Alba Samaranch/Documents/GitHub/TheDoors2/TheDoors2/Saved/Config/Windows/Engine.ini]
[2020.02.25-19.29.56:866][  0]LogConfig: Setting CVar [[gc.MaxObjectsNotConsideredByGC:1]]
[2020.02.25-19.29.56:866][  0]LogConfig: Setting CVar [[gc.SizeOfPermanentObjectPool:0]]
[2020.02.25-19.29.56:866][  0]LogConfig: Setting CVar [[gc.FlushStreamingOnGC:0]]
[2020.02.25-19.29.56:866][  0]LogConfig: Setting CVar [[gc.NumRetriesBeforeForcingGC:10]]
[2020.02.25-19.29.56:866][  0]LogConfig: Setting CVar [[gc.AllowParallelGC:1]]
[2020.02.25-19.29.56:866][  0]LogConfig: Setting CVar [[gc.TimeBetweenPurgingPendingKillObjects:61.1]]
[2020.02.25-19.29.56:866][  0]LogConfig: Setting CVar [[gc.MaxObjectsInEditor:25165824]]
[2020.02.25-19.29.56:866][  0]LogConfig: Setting CVar [[gc.IncrementalBeginDestroyEnabled:1]]
[2020.02.25-19.29.56:866][  0]LogConfig: Setting CVar [[gc.CreateGCClusters:1]]
[2020.02.25-19.29.56:866][  0]LogConfig: Setting CVar [[gc.MinGCClusterSize:5]]
[2020.02.25-19.29.56:866][  0]LogConfig: Setting CVar [[gc.ActorClusteringEnabled:0]]
[2020.02.25-19.29.56:866][  0]LogConfig: Setting CVar [[gc.BlueprintClusteringEnabled:0]]
[2020.02.25-19.29.56:866][  0]LogConfig: Setting CVar [[gc.UseDisregardForGCOnDedicatedServers:0]]
[2020.02.25-19.29.56:866][  0]LogConfig: Applying CVar settings from Section [/Script/Engine.NetworkSettings] File [C:/Users/Alba Samaranch/Documents/GitHub/TheDoors2/TheDoors2/Saved/Config/Windows/Engine.ini]
[2020.02.25-19.29.56:866][  0]LogConfig: Applying CVar settings from Section [/Script/UnrealEd.CookerSettings] File [C:/Users/Alba Samaranch/Documents/GitHub/TheDoors2/TheDoors2/Saved/Config/Windows/Engine.ini]
[2020.02.25-19.29.56:869][  0]LogConfig: Applying CVar settings from Section [ViewDistanceQuality@3] File [C:/Users/Alba Samaranch/Documents/GitHub/TheDoors2/TheDoors2/Saved/Config/Windows/Scalability.ini]
[2020.02.25-19.29.56:869][  0]LogConfig: Setting CVar [[r.SkeletalMeshLODBias:0]]
[2020.02.25-19.29.56:869][  0]LogConfig: Setting CVar [[r.ViewDistanceScale:1.0]]
[2020.02.25-19.29.56:869][  0]LogConfig: Applying CVar settings from Section [AntiAliasingQuality@3] File [C:/Users/Alba Samaranch/Documents/GitHub/TheDoors2/TheDoors2/Saved/Config/Windows/Scalability.ini]
[2020.02.25-19.29.56:869][  0]LogConfig: Setting CVar [[r.PostProcessAAQuality:4]]
[2020.02.25-19.29.56:869][  0]LogConfig: Applying CVar settings from Section [ShadowQuality@3] File [C:/Users/Alba Samaranch/Documents/GitHub/TheDoors2/TheDoors2/Saved/Config/Windows/Scalability.ini]
[2020.02.25-19.29.56:869][  0]LogConfig: Setting CVar [[r.LightFunctionQuality:1]]
[2020.02.25-19.29.56:869][  0]LogConfig: Setting CVar [[r.ShadowQuality:5]]
[2020.02.25-19.29.56:869][  0]LogConfig: Setting CVar [[r.Shadow.CSM.MaxCascades:10]]
[2020.02.25-19.29.56:869][  0]LogConfig: Setting CVar [[r.Shadow.MaxResolution:2048]]
[2020.02.25-19.29.56:869][  0]LogConfig: Setting CVar [[r.Shadow.MaxCSMResolution:2048]]
[2020.02.25-19.29.56:869][  0]LogConfig: Setting CVar [[r.Shadow.RadiusThreshold:0.01]]
[2020.02.25-19.29.56:869][  0]LogConfig: Setting CVar [[r.Shadow.DistanceScale:1.0]]
[2020.02.25-19.29.56:869][  0]LogConfig: Setting CVar [[r.Shadow.CSM.TransitionScale:1.0]]
[2020.02.25-19.29.56:869][  0]LogConfig: Setting CVar [[r.Shadow.PreShadowResolutionFactor:1.0]]
[2020.02.25-19.29.56:869][  0]LogConfig: Setting CVar [[r.DistanceFieldShadowing:1]]
[2020.02.25-19.29.56:869][  0]LogConfig: Setting CVar [[r.DistanceFieldAO:1]]
[2020.02.25-19.29.56:870][  0]LogConfig: Setting CVar [[r.AOQuality:2]]
[2020.02.25-19.29.56:870][  0]LogConfig: Setting CVar [[r.VolumetricFog:1]]
[2020.02.25-19.29.56:870][  0]LogConfig: Setting CVar [[r.VolumetricFog.GridPixelSize:8]]
[2020.02.25-19.29.56:870][  0]LogConfig: Setting CVar [[r.VolumetricFog.GridSizeZ:128]]
[2020.02.25-19.29.56:870][  0]LogConfig: Setting CVar [[r.VolumetricFog.HistoryMissSupersampleCount:4]]
[2020.02.25-19.29.56:870][  0]LogConfig: Setting CVar [[r.LightMaxDrawDistanceScale:1]]
[2020.02.25-19.29.56:870][  0]LogConfig: Setting CVar [[r.CapsuleShadows:1]]
[2020.02.25-19.29.56:870][  0]LogConfig: Applying CVar settings from Section [PostProcessQuality@3] File [C:/Users/Alba Samaranch/Documents/GitHub/TheDoors2/TheDoors2/Saved/Config/Windows/Scalability.ini]
[2020.02.25-19.29.56:870][  0]LogConfig: Setting CVar [[r.MotionBlurQuality:4]]
[2020.02.25-19.29.56:870][  0]LogConfig: Setting CVar [[r.AmbientOcclusionMipLevelFactor:0.4]]
[2020.02.25-19.29.56:870][  0]LogConfig: Setting CVar [[r.AmbientOcclusionMaxQuality:100]]
[2020.02.25-19.29.56:870][  0]LogConfig: Setting CVar [[r.AmbientOcclusionLevels:-1]]
[2020.02.25-19.29.56:870][  0]LogConfig: Setting CVar [[r.AmbientOcclusionRadiusScale:1.0]]
[2020.02.25-19.29.56:870][  0]LogConfig: Setting CVar [[r.DepthOfFieldQuality:2]]
[2020.02.25-19.29.56:870][  0]LogConfig: Setting CVar [[r.RenderTargetPoolMin:400]]
[2020.02.25-19.29.56:870][  0]LogConfig: Setting CVar [[r.LensFlareQuality:2]]
[2020.02.25-19.29.56:870][  0]LogConfig: Setting CVar [[r.SceneColorFringeQuality:1]]
[2020.02.25-19.29.56:870][  0]LogConfig: Setting CVar [[r.EyeAdaptationQuality:2]]
[2020.02.25-19.29.56:870][  0]LogConfig: Setting CVar [[r.BloomQuality:5]]
[2020.02.25-19.29.56:870][  0]LogConfig: Setting CVar [[r.FastBlurThreshold:100]]
[2020.02.25-19.29.56:870][  0]LogConfig: Setting CVar [[r.Upscale.Quality:3]]
[2020.02.25-19.29.56:870][  0]LogConfig: Setting CVar [[r.Tonemapper.GrainQuantization:1]]
[2020.02.25-19.29.56:870][  0]LogConfig: Setting CVar [[r.LightShaftQuality:1]]
[2020.02.25-19.29.56:870][  0]LogConfig: Setting CVar [[r.Filter.SizeScale:1]]
[2020.02.25-19.29.56:870][  0]LogConfig: Setting CVar [[r.Tonemapper.Quality:5]]
[2020.02.25-19.29.56:870][  0]LogConfig: Setting CVar [[r.DOF.Gather.AccumulatorQuality:1        ; higher gathering accumulator quality]]
[2020.02.25-19.29.56:870][  0]LogConfig: Setting CVar [[r.DOF.Gather.PostfilterMethod:1          ; Median3x3 postfilering method]]
[2020.02.25-19.29.56:870][  0]LogConfig: Setting CVar [[r.DOF.Gather.EnableBokehSettings:0       ; no bokeh simulation when gathering]]
[2020.02.25-19.29.56:870][  0]LogConfig: Setting CVar [[r.DOF.Gather.RingCount:4                 ; medium number of samples when gathering]]
[2020.02.25-19.29.56:870][  0]LogConfig: Setting CVar [[r.DOF.Scatter.ForegroundCompositing:1    ; additive foreground scattering]]
[2020.02.25-19.29.56:870][  0]LogConfig: Setting CVar [[r.DOF.Scatter.BackgroundCompositing:2    ; additive background scattering]]
[2020.02.25-19.29.56:870][  0]LogConfig: Setting CVar [[r.DOF.Scatter.EnableBokehSettings:1      ; bokeh simulation when scattering]]
[2020.02.25-19.29.56:870][  0]LogConfig: Setting CVar [[r.DOF.Scatter.MaxSpriteRatio:0.1         ; only a maximum of 10% of scattered bokeh]]
[2020.02.25-19.29.56:870][  0]LogConfig: Setting CVar [[r.DOF.Recombine.Quality:1                ; cheap slight out of focus]]
[2020.02.25-19.29.56:870][  0]LogConfig: Setting CVar [[r.DOF.Recombine.EnableBokehSettings:0    ; no bokeh simulation on slight out of focus]]
[2020.02.25-19.29.56:870][  0]LogConfig: Setting CVar [[r.DOF.TemporalAAQuality:1                ; more stable temporal accumulation]]
[2020.02.25-19.29.56:870][  0]LogConfig: Setting CVar [[r.DOF.Kernel.MaxForegroundRadius:0.025]]
[2020.02.25-19.29.56:870][  0]LogConfig: Setting CVar [[r.DOF.Kernel.MaxBackgroundRadius:0.025]]
[2020.02.25-19.29.56:870][  0]LogConfig: Applying CVar settings from Section [TextureQuality@3] File [C:/Users/Alba Samaranch/Documents/GitHub/TheDoors2/TheDoors2/Saved/Config/Windows/Scalability.ini]
[2020.02.25-19.29.56:870][  0]LogConfig: Setting CVar [[r.Streaming.MipBias:0]]
[2020.02.25-19.29.56:870][  0]LogConfig: Setting CVar [[r.Streaming.AmortizeCPUToGPUCopy:0]]
[2020.02.25-19.29.56:870][  0]LogConfig: Setting CVar [[r.Streaming.MaxNumTexturesToStreamPerFrame:0]]
[2020.02.25-19.29.56:870][  0]LogConfig: Setting CVar [[r.Streaming.Boost:1]]
[2020.02.25-19.29.56:870][  0]LogConfig: Setting CVar [[r.MaxAnisotropy:8]]
[2020.02.25-19.29.56:870][  0]LogConfig: Setting CVar [[r.VT.MaxAnisotropy:8]]
[2020.02.25-19.29.56:870][  0]LogConfig: Setting CVar [[r.Streaming.LimitPoolSizeToVRAM:0]]
[2020.02.25-19.29.56:870][  0]LogConfig: Setting CVar [[r.Streaming.PoolSize:1000]]
[2020.02.25-19.29.56:870][  0]LogConfig: Setting CVar [[r.Streaming.MaxEffectiveScreenSize:0]]
[2020.02.25-19.29.56:870][  0]LogConfig: Applying CVar settings from Section [EffectsQuality@3] File [C:/Users/Alba Samaranch/Documents/GitHub/TheDoors2/TheDoors2/Saved/Config/Windows/Scalability.ini]
[2020.02.25-19.29.56:870][  0]LogConfig: Setting CVar [[r.TranslucencyLightingVolumeDim:64]]
[2020.02.25-19.29.56:870][  0]LogConfig: Setting CVar [[r.RefractionQuality:2]]
[2020.02.25-19.29.56:870][  0]LogConfig: Setting CVar [[r.SSR.Quality:3]]
[2020.02.25-19.29.56:870][  0]LogConfig: Setting CVar [[r.SSR.HalfResSceneColor:0]]
[2020.02.25-19.29.56:870][  0]LogConfig: Setting CVar [[r.SceneColorFormat:4]]
[2020.02.25-19.29.56:870][  0]LogConfig: Setting CVar [[r.DetailMode:2]]
[2020.02.25-19.29.56:870][  0]LogConfig: Setting CVar [[r.TranslucencyVolumeBlur:1]]
[2020.02.25-19.29.56:870][  0]LogConfig: Setting CVar [[r.MaterialQualityLevel:1 ; High quality]]
[2020.02.25-19.29.56:870][  0]LogConfig: Setting CVar [[r.SSS.Scale:1]]
[2020.02.25-19.29.56:870][  0]LogConfig: Setting CVar [[r.SSS.SampleSet:2]]
[2020.02.25-19.29.56:870][  0]LogConfig: Setting CVar [[r.SSS.Quality:1]]
[2020.02.25-19.29.56:870][  0]LogConfig: Setting CVar [[r.SSS.HalfRes:1]]
[2020.02.25-19.29.56:870][  0]LogConfig: Setting CVar [[r.SSGI.Quality:3]]
[2020.02.25-19.29.56:870][  0]LogConfig: Setting CVar [[r.EmitterSpawnRateScale:1.0]]
[2020.02.25-19.29.56:870][  0]LogConfig: Setting CVar [[r.ParticleLightQuality:2]]
[2020.02.25-19.29.56:870][  0]LogConfig: Setting CVar [[r.SkyAtmosphere.AerialPerspectiveLUT.FastApplyOnOpaque:1 ; Always have FastSkyLUT 1 in this case to avoid wrong sky]]
[2020.02.25-19.29.56:870][  0]LogConfig: Setting CVar [[r.SkyAtmosphere.AerialPerspectiveLUT.SampleCountPerSlice:1]]
[2020.02.25-19.29.56:871][  0]LogConfig: Setting CVar [[r.SkyAtmosphere.AerialPerspectiveLUT.DepthResolution:16.0]]
[2020.02.25-19.29.56:871][  0]LogConfig: Setting CVar [[r.SkyAtmosphere.FastSkyLUT:1]]
[2020.02.25-19.29.56:871][  0]LogConfig: Setting CVar [[r.SkyAtmosphere.FastSkyLUT.SampleCountMin:4.0]]
[2020.02.25-19.29.56:871][  0]LogConfig: Setting CVar [[r.SkyAtmosphere.FastSkyLUT.SampleCountMax:32.0]]
[2020.02.25-19.29.56:871][  0]LogConfig: Setting CVar [[r.SkyAtmosphere.SampleCountMin:4.0]]
[2020.02.25-19.29.56:871][  0]LogConfig: Setting CVar [[r.SkyAtmosphere.SampleCountMax:32.0]]
[2020.02.25-19.29.56:871][  0]LogConfig: Setting CVar [[r.SkyAtmosphere.TransmittanceLUT.UseSmallFormat:0]]
[2020.02.25-19.29.56:871][  0]LogConfig: Setting CVar [[r.SkyAtmosphere.TransmittanceLUT.SampleCount:10.0]]
[2020.02.25-19.29.56:871][  0]LogConfig: Setting CVar [[r.SkyAtmosphere.MultiScatteringLUT.SampleCount:15.0]]
[2020.02.25-19.29.56:871][  0]LogConfig: Applying CVar settings from Section [FoliageQuality@3] File [C:/Users/Alba Samaranch/Documents/GitHub/TheDoors2/TheDoors2/Saved/Config/Windows/Scalability.ini]
[2020.02.25-19.29.56:871][  0]LogConfig: Setting CVar [[foliage.DensityScale:1.0]]
[2020.02.25-19.29.56:871][  0]LogConfig: Setting CVar [[grass.DensityScale:1.0]]
[2020.02.25-19.29.56:871][  0]LogConfig: Applying CVar settings from Section [ShadingQuality@3] File [C:/Users/Alba Samaranch/Documents/GitHub/TheDoors2/TheDoors2/Saved/Config/Windows/Scalability.ini]
[2020.02.25-19.29.56:871][  0]LogConfig: Setting CVar [[r.HairStrands.SkyLighting.SampleCount:16]]
[2020.02.25-19.29.56:871][  0]LogConfig: Setting CVar [[r.HairStrands.SkyLighting.JitterIntegration:0]]
[2020.02.25-19.29.56:871][  0]LogConfig: Setting CVar [[r.HairStrands.SkyAO.SampleCount:16]]
[2020.02.25-19.29.56:871][  0]LogInit: Selected Device Profile: [Windows]
[2020.02.25-19.29.56:871][  0]LogInit: Applying CVar settings loaded from the selected device profile: [Windows]
[2020.02.25-19.29.56:874][  0]LogHAL: Display: Platform has ~ 16 GB [17072222208 / 17179869184 / 16], which maps to Larger [LargestMinGB=32, LargerMinGB=12, DefaultMinGB=8, SmallerMinGB=6, SmallestMinGB=0)
[2020.02.25-19.29.56:874][  0]LogInit: Going up to parent DeviceProfile []
[2020.02.25-19.29.56:874][  0]LogConfig: Applying CVar settings from Section [ViewDistanceQuality@3] File [C:/Users/Alba Samaranch/Documents/GitHub/TheDoors2/TheDoors2/Saved/Config/Windows/Scalability.ini]
[2020.02.25-19.29.56:874][  0]LogConfig: Setting CVar [[r.SkeletalMeshLODBias:0]]
[2020.02.25-19.29.56:874][  0]LogConfig: Setting CVar [[r.ViewDistanceScale:1.0]]
[2020.02.25-19.29.56:874][  0]LogConfig: Applying CVar settings from Section [AntiAliasingQuality@3] File [C:/Users/Alba Samaranch/Documents/GitHub/TheDoors2/TheDoors2/Saved/Config/Windows/Scalability.ini]
[2020.02.25-19.29.56:874][  0]LogConfig: Setting CVar [[r.PostProcessAAQuality:4]]
[2020.02.25-19.29.56:874][  0]LogConfig: Applying CVar settings from Section [ShadowQuality@3] File [C:/Users/Alba Samaranch/Documents/GitHub/TheDoors2/TheDoors2/Saved/Config/Windows/Scalability.ini]
[2020.02.25-19.29.56:874][  0]LogConfig: Setting CVar [[r.LightFunctionQuality:1]]
[2020.02.25-19.29.56:874][  0]LogConfig: Setting CVar [[r.ShadowQuality:5]]
[2020.02.25-19.29.56:874][  0]LogConfig: Setting CVar [[r.Shadow.CSM.MaxCascades:10]]
[2020.02.25-19.29.56:874][  0]LogConfig: Setting CVar [[r.Shadow.MaxResolution:2048]]
[2020.02.25-19.29.56:874][  0]LogConfig: Setting CVar [[r.Shadow.MaxCSMResolution:2048]]
[2020.02.25-19.29.56:874][  0]LogConfig: Setting CVar [[r.Shadow.RadiusThreshold:0.01]]
[2020.02.25-19.29.56:874][  0]LogConfig: Setting CVar [[r.Shadow.DistanceScale:1.0]]
[2020.02.25-19.29.56:874][  0]LogConfig: Setting CVar [[r.Shadow.CSM.TransitionScale:1.0]]
[2020.02.25-19.29.56:874][  0]LogConfig: Setting CVar [[r.Shadow.PreShadowResolutionFactor:1.0]]
[2020.02.25-19.29.56:874][  0]LogConfig: Setting CVar [[r.DistanceFieldShadowing:1]]
[2020.02.25-19.29.56:874][  0]LogConfig: Setting CVar [[r.DistanceFieldAO:1]]
[2020.02.25-19.29.56:874][  0]LogConfig: Setting CVar [[r.AOQuality:2]]
[2020.02.25-19.29.56:874][  0]LogConfig: Setting CVar [[r.VolumetricFog:1]]
[2020.02.25-19.29.56:874][  0]LogConfig: Setting CVar [[r.VolumetricFog.GridPixelSize:8]]
[2020.02.25-19.29.56:874][  0]LogConfig: Setting CVar [[r.VolumetricFog.GridSizeZ:128]]
[2020.02.25-19.29.56:874][  0]LogConfig: Setting CVar [[r.VolumetricFog.HistoryMissSupersampleCount:4]]
[2020.02.25-19.29.56:874][  0]LogConfig: Setting CVar [[r.LightMaxDrawDistanceScale:1]]
[2020.02.25-19.29.56:874][  0]LogConfig: Setting CVar [[r.CapsuleShadows:1]]
[2020.02.25-19.29.56:874][  0]LogConfig: Applying CVar settings from Section [PostProcessQuality@3] File [C:/Users/Alba Samaranch/Documents/GitHub/TheDoors2/TheDoors2/Saved/Config/Windows/Scalability.ini]
[2020.02.25-19.29.56:874][  0]LogConfig: Setting CVar [[r.MotionBlurQuality:4]]
[2020.02.25-19.29.56:874][  0]LogConfig: Setting CVar [[r.AmbientOcclusionMipLevelFactor:0.4]]
[2020.02.25-19.29.56:874][  0]LogConfig: Setting CVar [[r.AmbientOcclusionMaxQuality:100]]
[2020.02.25-19.29.56:874][  0]LogConfig: Setting CVar [[r.AmbientOcclusionLevels:-1]]
[2020.02.25-19.29.56:874][  0]LogConfig: Setting CVar [[r.AmbientOcclusionRadiusScale:1.0]]
[2020.02.25-19.29.56:874][  0]LogConfig: Setting CVar [[r.DepthOfFieldQuality:2]]
[2020.02.25-19.29.56:874][  0]LogConfig: Setting CVar [[r.RenderTargetPoolMin:400]]
[2020.02.25-19.29.56:874][  0]LogConfig: Setting CVar [[r.LensFlareQuality:2]]
[2020.02.25-19.29.56:874][  0]LogConfig: Setting CVar [[r.SceneColorFringeQuality:1]]
[2020.02.25-19.29.56:874][  0]LogConfig: Setting CVar [[r.EyeAdaptationQuality:2]]
[2020.02.25-19.29.56:874][  0]LogConfig: Setting CVar [[r.BloomQuality:5]]
[2020.02.25-19.29.56:874][  0]LogConfig: Setting CVar [[r.FastBlurThreshold:100]]
[2020.02.25-19.29.56:874][  0]LogConfig: Setting CVar [[r.Upscale.Quality:3]]
[2020.02.25-19.29.56:874][  0]LogConfig: Setting CVar [[r.Tonemapper.GrainQuantization:1]]
[2020.02.25-19.29.56:874][  0]LogConfig: Setting CVar [[r.LightShaftQuality:1]]
[2020.02.25-19.29.56:874][  0]LogConfig: Setting CVar [[r.Filter.SizeScale:1]]
[2020.02.25-19.29.56:874][  0]LogConfig: Setting CVar [[r.Tonemapper.Quality:5]]
[2020.02.25-19.29.56:874][  0]LogConfig: Setting CVar [[r.DOF.Gather.AccumulatorQuality:1        ; higher gathering accumulator quality]]
[2020.02.25-19.29.56:874][  0]LogConfig: Setting CVar [[r.DOF.Gather.PostfilterMethod:1          ; Median3x3 postfilering method]]
[2020.02.25-19.29.56:874][  0]LogConfig: Setting CVar [[r.DOF.Gather.EnableBokehSettings:0       ; no bokeh simulation when gathering]]
[2020.02.25-19.29.56:875][  0]LogConfig: Setting CVar [[r.DOF.Gather.RingCount:4                 ; medium number of samples when gathering]]
[2020.02.25-19.29.56:875][  0]LogConfig: Setting CVar [[r.DOF.Scatter.ForegroundCompositing:1    ; additive foreground scattering]]
[2020.02.25-19.29.56:875][  0]LogConfig: Setting CVar [[r.DOF.Scatter.BackgroundCompositing:2    ; additive background scattering]]
[2020.02.25-19.29.56:875][  0]LogConfig: Setting CVar [[r.DOF.Scatter.EnableBokehSettings:1      ; bokeh simulation when scattering]]
[2020.02.25-19.29.56:875][  0]LogConfig: Setting CVar [[r.DOF.Scatter.MaxSpriteRatio:0.1         ; only a maximum of 10% of scattered bokeh]]
[2020.02.25-19.29.56:875][  0]LogConfig: Setting CVar [[r.DOF.Recombine.Quality:1                ; cheap slight out of focus]]
[2020.02.25-19.29.56:875][  0]LogConfig: Setting CVar [[r.DOF.Recombine.EnableBokehSettings:0    ; no bokeh simulation on slight out of focus]]
[2020.02.25-19.29.56:875][  0]LogConfig: Setting CVar [[r.DOF.TemporalAAQuality:1                ; more stable temporal accumulation]]
[2020.02.25-19.29.56:875][  0]LogConfig: Setting CVar [[r.DOF.Kernel.MaxForegroundRadius:0.025]]
[2020.02.25-19.29.56:875][  0]LogConfig: Setting CVar [[r.DOF.Kernel.MaxBackgroundRadius:0.025]]
[2020.02.25-19.29.56:875][  0]LogConfig: Applying CVar settings from Section [TextureQuality@3] File [C:/Users/Alba Samaranch/Documents/GitHub/TheDoors2/TheDoors2/Saved/Config/Windows/Scalability.ini]
[2020.02.25-19.29.56:875][  0]LogConfig: Setting CVar [[r.Streaming.MipBias:0]]
[2020.02.25-19.29.56:875][  0]LogConfig: Setting CVar [[r.Streaming.AmortizeCPUToGPUCopy:0]]
[2020.02.25-19.29.56:875][  0]LogConfig: Setting CVar [[r.Streaming.MaxNumTexturesToStreamPerFrame:0]]
[2020.02.25-19.29.56:875][  0]LogConfig: Setting CVar [[r.Streaming.Boost:1]]
[2020.02.25-19.29.56:875][  0]LogConfig: Setting CVar [[r.MaxAnisotropy:8]]
[2020.02.25-19.29.56:875][  0]LogConfig: Setting CVar [[r.VT.MaxAnisotropy:8]]
[2020.02.25-19.29.56:875][  0]LogConfig: Setting CVar [[r.Streaming.LimitPoolSizeToVRAM:0]]
[2020.02.25-19.29.56:875][  0]LogConfig: Setting CVar [[r.Streaming.PoolSize:1000]]
[2020.02.25-19.29.56:875][  0]LogConfig: Setting CVar [[r.Streaming.MaxEffectiveScreenSize:0]]
[2020.02.25-19.29.56:875][  0]LogConfig: Applying CVar settings from Section [EffectsQuality@3] File [C:/Users/Alba Samaranch/Documents/GitHub/TheDoors2/TheDoors2/Saved/Config/Windows/Scalability.ini]
[2020.02.25-19.29.56:875][  0]LogConfig: Setting CVar [[r.TranslucencyLightingVolumeDim:64]]
[2020.02.25-19.29.56:875][  0]LogConfig: Setting CVar [[r.RefractionQuality:2]]
[2020.02.25-19.29.56:875][  0]LogConfig: Setting CVar [[r.SSR.Quality:3]]
[2020.02.25-19.29.56:875][  0]LogConfig: Setting CVar [[r.SSR.HalfResSceneColor:0]]
[2020.02.25-19.29.56:875][  0]LogConfig: Setting CVar [[r.SceneColorFormat:4]]
[2020.02.25-19.29.56:875][  0]LogConfig: Setting CVar [[r.DetailMode:2]]
[2020.02.25-19.29.56:875][  0]LogConfig: Setting CVar [[r.TranslucencyVolumeBlur:1]]
[2020.02.25-19.29.56:875][  0]LogConfig: Setting CVar [[r.MaterialQualityLevel:1 ; High quality]]
[2020.02.25-19.29.56:875][  0]LogConfig: Setting CVar [[r.SSS.Scale:1]]
[2020.02.25-19.29.56:875][  0]LogConfig: Setting CVar [[r.SSS.SampleSet:2]]
[2020.02.25-19.29.56:875][  0]LogConfig: Setting CVar [[r.SSS.Quality:1]]
[2020.02.25-19.29.56:875][  0]LogConfig: Setting CVar [[r.SSS.HalfRes:1]]
[2020.02.25-19.29.56:875][  0]LogConfig: Setting CVar [[r.SSGI.Quality:3]]
[2020.02.25-19.29.56:875][  0]LogConfig: Setting CVar [[r.EmitterSpawnRateScale:1.0]]
[2020.02.25-19.29.56:875][  0]LogConfig: Setting CVar [[r.ParticleLightQuality:2]]
[2020.02.25-19.29.56:875][  0]LogConfig: Setting CVar [[r.SkyAtmosphere.AerialPerspectiveLUT.FastApplyOnOpaque:1 ; Always have FastSkyLUT 1 in this case to avoid wrong sky]]
[2020.02.25-19.29.56:875][  0]LogConfig: Setting CVar [[r.SkyAtmosphere.AerialPerspectiveLUT.SampleCountPerSlice:1]]
[2020.02.25-19.29.56:875][  0]LogConfig: Setting CVar [[r.SkyAtmosphere.AerialPerspectiveLUT.DepthResolution:16.0]]
[2020.02.25-19.29.56:875][  0]LogConfig: Setting CVar [[r.SkyAtmosphere.FastSkyLUT:1]]
[2020.02.25-19.29.56:875][  0]LogConfig: Setting CVar [[r.SkyAtmosphere.FastSkyLUT.SampleCountMin:4.0]]
[2020.02.25-19.29.56:875][  0]LogConfig: Setting CVar [[r.SkyAtmosphere.FastSkyLUT.SampleCountMax:32.0]]
[2020.02.25-19.29.56:875][  0]LogConfig: Setting CVar [[r.SkyAtmosphere.SampleCountMin:4.0]]
[2020.02.25-19.29.56:875][  0]LogConfig: Setting CVar [[r.SkyAtmosphere.SampleCountMax:32.0]]
[2020.02.25-19.29.56:875][  0]LogConfig: Setting CVar [[r.SkyAtmosphere.TransmittanceLUT.UseSmallFormat:0]]
[2020.02.25-19.29.56:875][  0]LogConfig: Setting CVar [[r.SkyAtmosphere.TransmittanceLUT.SampleCount:10.0]]
[2020.02.25-19.29.56:875][  0]LogConfig: Setting CVar [[r.SkyAtmosphere.MultiScatteringLUT.SampleCount:15.0]]
[2020.02.25-19.29.56:875][  0]LogConfig: Applying CVar settings from Section [FoliageQuality@3] File [C:/Users/Alba Samaranch/Documents/GitHub/TheDoors2/TheDoors2/Saved/Config/Windows/Scalability.ini]
[2020.02.25-19.29.56:875][  0]LogConfig: Setting CVar [[foliage.DensityScale:1.0]]
[2020.02.25-19.29.56:875][  0]LogConfig: Setting CVar [[grass.DensityScale:1.0]]
[2020.02.25-19.29.56:875][  0]LogConfig: Applying CVar settings from Section [ShadingQuality@3] File [C:/Users/Alba Samaranch/Documents/GitHub/TheDoors2/TheDoors2/Saved/Config/Windows/Scalability.ini]
[2020.02.25-19.29.56:875][  0]LogConfig: Setting CVar [[r.HairStrands.SkyLighting.SampleCount:16]]
[2020.02.25-19.29.56:875][  0]LogConfig: Setting CVar [[r.HairStrands.SkyLighting.JitterIntegration:0]]
[2020.02.25-19.29.56:875][  0]LogConfig: Setting CVar [[r.HairStrands.SkyAO.SampleCount:16]]
[2020.02.25-19.29.56:875][  0]LogConfig: Applying CVar settings from Section [Startup] File [../../../Engine/Config/ConsoleVariables.ini]
[2020.02.25-19.29.56:876][  0]LogConfig: Setting CVar [[net.UseAdaptiveNetUpdateFrequency:0]]
[2020.02.25-19.29.56:876][  0]LogConfig: Setting CVar [[p.chaos.AllowCreatePhysxBodies:1]]
[2020.02.25-19.29.56:876][  0]LogConfig: Applying CVar settings from Section [ConsoleVariables] File [C:/Users/Alba Samaranch/Documents/GitHub/TheDoors2/TheDoors2/Saved/Config/Windows/Engine.ini]
[2020.02.25-19.29.56:876][  0]LogInit: Computer: DESKTOP-PTE761A
[2020.02.25-19.29.56:876][  0]LogInit: User: AlbaSamaranch
[2020.02.25-19.29.56:876][  0]LogInit: CPU Page size=4096, Cores=4
[2020.02.25-19.29.56:876][  0]LogInit: High frequency timer resolution =10.000000 MHz
[2020.02.25-19.29.56:876][  0]LogMemory: Memory total: Physical=15.9GB (16GB approx)
[2020.02.25-19.29.56:876][  0]LogMemory: Platform Memory Stats for Windows
[2020.02.25-19.29.56:876][  0]LogMemory: Process Physical Memory: 104.63 MB used, 104.64 MB peak
[2020.02.25-19.29.56:876][  0]LogMemory: Process Virtual Memory: 100.57 MB used, 100.57 MB peak
[2020.02.25-19.29.56:876][  0]LogMemory: Physical Memory: 6741.16 MB used,  9540.18 MB free, 16281.34 MB total
[2020.02.25-19.29.56:876][  0]LogMemory: Virtual Memory: 5137.50 MB used,  134212592.00 MB free, 134217728.00 MB total
[2020.02.25-19.29.56:880][  0]LogWindows: WindowsPlatformFeatures enabled
[2020.02.25-19.29.56:897][  0]LogInit: Using OS detected language (en-US).
[2020.02.25-19.29.56:897][  0]LogInit: Using OS detected locale (en-US).
[2020.02.25-19.29.56:898][  0]LogTextLocalizationManager: No specific localization for 'en-US' exists, so the 'en' localization will be used.
[2020.02.25-19.29.57:071][  0]LogInit: Setting process to per monitor DPI aware
[2020.02.25-19.29.57:112][  0]LogSlate: New Slate User Created.  User Index 0, Is Virtual User: 0
[2020.02.25-19.29.57:112][  0]LogSlate: Slate User Registered.  User Index 0, Is Virtual User: 0
[2020.02.25-19.29.57:264][  0]LogHMD: Failed to initialize OpenVR with code 110
[2020.02.25-19.29.57:264][  0]LogD3D11RHI: D3D11 min allowed feature level: 11_0
[2020.02.25-19.29.57:264][  0]LogD3D11RHI: D3D11 max allowed feature level: 11_0
[2020.02.25-19.29.57:264][  0]LogD3D11RHI: D3D11 adapters:
[2020.02.25-19.29.57:300][  0]LogD3D11RHI:    0. 'Radeon Pro 560' (Feature Level 11_0)
[2020.02.25-19.29.57:300][  0]LogD3D11RHI:       4044/0/8140 MB DedicatedVideo/DedicatedSystem/SharedSystem, Outputs:1, VendorId:0x1002
[2020.02.25-19.29.57:303][  0]LogD3D11RHI:    1. 'Microsoft Basic Render Driver' (Feature Level 11_0)
[2020.02.25-19.29.57:303][  0]LogD3D11RHI:       0/0/8140 MB DedicatedVideo/DedicatedSystem/SharedSystem, Outputs:0, VendorId:0x1414
[2020.02.25-19.29.57:303][  0]LogD3D11RHI: Chosen D3D11 Adapter: 0
[2020.02.25-19.29.57:312][  0]LogD3D11RHI: Creating new Direct3DDevice
[2020.02.25-19.29.57:312][  0]LogD3D11RHI:     GPU DeviceId: 0x67ef (for the marketing name, search the web for "GPU Device Id")
[2020.02.25-19.29.57:312][  0]LogWindows: EnumDisplayDevices:
[2020.02.25-19.29.57:312][  0]LogWindows:    0. 'Radeon Pro 560' (P:1 D:1)
[2020.02.25-19.29.57:313][  0]LogWindows:    1. 'Radeon Pro 560' (P:0 D:0)
[2020.02.25-19.29.57:313][  0]LogWindows:    2. 'Radeon Pro 560' (P:0 D:0)
[2020.02.25-19.29.57:314][  0]LogWindows:    3. 'Radeon Pro 560' (P:0 D:0)
[2020.02.25-19.29.57:314][  0]LogWindows:    4. 'Radeon Pro 560' (P:0 D:0)
[2020.02.25-19.29.57:314][  0]LogWindows: DebugString: FoundDriverCount:5 
[2020.02.25-19.29.57:314][  0]LogD3D11RHI:     Adapter Name: Radeon Pro 560
[2020.02.25-19.29.57:314][  0]LogD3D11RHI:   Driver Version: Crimson ReLive 17.1.1 (internal:22.19.128.1, unified:22.19.128.1)
[2020.02.25-19.29.57:314][  0]LogD3D11RHI:      Driver Date: 4-3-2017
[2020.02.25-19.29.57:314][  0]LogRHI: Texture pool is 2830 MB (70% of 4044 MB)
[2020.02.25-19.29.57:427][  0]LogD3D11RHI: RHI does not have support for 64 bit atomics
[2020.02.25-19.29.57:427][  0]LogD3D11RHI: Async texture creation enabled
[2020.02.25-19.29.57:442][  0]LogD3D11RHI: GPU Timing Frequency: 25.000000 (Debug: 2 1)
[2020.02.25-19.30.00:214][  0]LogWindowsTextInputMethodSystem: Display: IME system now deactivated.
[2020.02.25-19.30.00:219][  0]LogWindowsTextInputMethodSystem: Display: IME system now deactivated.
[2020.02.25-19.30.00:552][  0]LogTargetPlatformManager: Display: Loaded TargetPlatform 'AllDesktop'
[2020.02.25-19.30.00:586][  0]LogTargetPlatformManager: Display: Loaded TargetPlatform 'Android'
[2020.02.25-19.30.00:586][  0]LogTargetPlatformManager: Display: Loaded TargetPlatform 'Android_ASTC'
[2020.02.25-19.30.00:586][  0]LogTargetPlatformManager: Display: Loaded TargetPlatform 'Android_ATC'
[2020.02.25-19.30.00:586][  0]LogTargetPlatformManager: Display: Loaded TargetPlatform 'Android_DXT'
[2020.02.25-19.30.00:586][  0]LogTargetPlatformManager: Display: Loaded TargetPlatform 'Android_ETC1'
[2020.02.25-19.30.00:586][  0]LogTargetPlatformManager: Display: Loaded TargetPlatform 'Android_ETC1a'
[2020.02.25-19.30.00:586][  0]LogTargetPlatformManager: Display: Loaded TargetPlatform 'Android_ETC2'
[2020.02.25-19.30.00:586][  0]LogTargetPlatformManager: Display: Loaded TargetPlatform 'Android_PVRTC'
[2020.02.25-19.30.00:586][  0]LogTargetPlatformManager: Display: Loaded TargetPlatform 'AndroidClient'
[2020.02.25-19.30.00:586][  0]LogTargetPlatformManager: Display: Loaded TargetPlatform 'Android_ASTCClient'
[2020.02.25-19.30.00:586][  0]LogTargetPlatformManager: Display: Loaded TargetPlatform 'Android_ATCClient'
[2020.02.25-19.30.00:586][  0]LogTargetPlatformManager: Display: Loaded TargetPlatform 'Android_DXTClient'
[2020.02.25-19.30.00:586][  0]LogTargetPlatformManager: Display: Loaded TargetPlatform 'Android_ETC1Client'
[2020.02.25-19.30.00:586][  0]LogTargetPlatformManager: Display: Loaded TargetPlatform 'Android_ETC1aClient'
[2020.02.25-19.30.00:586][  0]LogTargetPlatformManager: Display: Loaded TargetPlatform 'Android_ETC2Client'
[2020.02.25-19.30.00:587][  0]LogTargetPlatformManager: Display: Loaded TargetPlatform 'Android_PVRTCClient'
[2020.02.25-19.30.00:587][  0]LogTargetPlatformManager: Display: Loaded TargetPlatform 'Android_Multi'
[2020.02.25-19.30.00:587][  0]LogTargetPlatformManager: Display: Loaded TargetPlatform 'Android_MultiClient'
[2020.02.25-19.30.00:607][  0]LogTargetPlatformManager: Display: Loaded TargetPlatform 'IOSClient'
[2020.02.25-19.30.00:607][  0]LogTargetPlatformManager: Display: Loaded TargetPlatform 'IOS'
[2020.02.25-19.30.00:615][  0]LogTargetPlatformManager: Display: Loaded TargetPlatform 'LinuxNoEditor'
[2020.02.25-19.30.00:623][  0]LogTargetPlatformManager: Display: Loaded TargetPlatform 'LinuxClient'
[2020.02.25-19.30.00:630][  0]LogTargetPlatformManager: Display: Loaded TargetPlatform 'LinuxServer'
[2020.02.25-19.30.00:638][  0]LogTargetPlatformManager: Display: Loaded TargetPlatform 'LinuxAArch64NoEditor'
[2020.02.25-19.30.00:646][  0]LogTargetPlatformManager: Display: Loaded TargetPlatform 'LinuxAArch64Client'
[2020.02.25-19.30.00:655][  0]LogTargetPlatformManager: Display: Loaded TargetPlatform 'LinuxAArch64Server'
[2020.02.25-19.30.00:682][  0]LogTargetPlatformManager: Display: Loaded TargetPlatform 'Lumin'
[2020.02.25-19.30.00:682][  0]LogTargetPlatformManager: Display: Loaded TargetPlatform 'LuminClient'
[2020.02.25-19.30.00:697][  0]LogTargetPlatformManager: Display: Loaded TargetPlatform 'TVOSClient'
[2020.02.25-19.30.00:697][  0]LogTargetPlatformManager: Display: Loaded TargetPlatform 'TVOS'
[2020.02.25-19.30.00:706][  0]LogTargetPlatformManager: Display: Loaded TargetPlatform 'WindowsNoEditor'
[2020.02.25-19.30.00:714][  0]LogTargetPlatformManager: Display: Loaded TargetPlatform 'Windows'
[2020.02.25-19.30.00:722][  0]LogTargetPlatformManager: Display: Loaded TargetPlatform 'WindowsClient'
[2020.02.25-19.30.00:730][  0]LogTargetPlatformManager: Display: Loaded TargetPlatform 'WindowsServer'
[2020.02.25-19.30.00:730][  0]LogTargetPlatformManager: Display: Building Assets For Windows
[2020.02.25-19.30.00:733][  0]LogAudioDebug: Display: Lib vorbis DLL was dynamically loaded.
[2020.02.25-19.30.00:756][  0]LogShaderCompilers: Guid format shader working directory is -20 characters bigger than the processId version (../../../../../../Users/Alba Samaranch/Documents/GitHub/TheDoors2/TheDoors2/Intermediate/Shaders/WorkingDirectory/2040/).
[2020.02.25-19.30.00:756][  0]LogShaderCompilers: Cleaned the shader compiler working directory 'C:/Users/Alba Samaranch/AppData/Local/Temp/UnrealShaderWorkingDir/2D14D3DD43493FAEBF9B62AE98A040E1/'.
[2020.02.25-19.30.00:756][  0]LogXGEController: Cleaning working directory: C:/Users/Alba Samaranch/AppData/Local/Temp/UnrealXGEWorkingDir/
[2020.02.25-19.30.00:757][  0]LogXGEController: Cannot use XGE Controller as Incredibuild is not installed on this machine.
[2020.02.25-19.30.00:757][  0]LogShaderCompilers: Cannot use XGE Shader Compiler as Incredibuild is not installed on this machine.
[2020.02.25-19.30.00:757][  0]LogShaderCompilers: Display: Using Local Shader Compiler.
[2020.02.25-19.30.01:569][  0]LogDerivedDataCache: Display: Max Cache Size: 512 MB
[2020.02.25-19.30.01:625][  0]LogDerivedDataCache: Loaded boot cache 0.06s 78MB C:/Users/Alba Samaranch/AppData/Local/UnrealEngine/4.24/DerivedDataCache/Boot.ddc.
[2020.02.25-19.30.01:625][  0]LogDerivedDataCache: Display: Loaded Boot cache: C:/Users/Alba Samaranch/AppData/Local/UnrealEngine/4.24/DerivedDataCache/Boot.ddc
[2020.02.25-19.30.01:625][  0]LogDerivedDataCache: FDerivedDataBackendGraph:  Pak pak cache file ../../../../../../Users/Alba Samaranch/Documents/GitHub/TheDoors2/TheDoors2/DerivedDataCache/DDC.ddp not found, will not use a pak cache.
[2020.02.25-19.30.01:625][  0]LogDerivedDataCache: Unable to find inner node Pak for hierarchical cache Hierarchy.
[2020.02.25-19.30.01:625][  0]LogDerivedDataCache: FDerivedDataBackendGraph:  CompressedPak pak cache file ../../../../../../Users/Alba Samaranch/Documents/GitHub/TheDoors2/TheDoors2/DerivedDataCache/Compressed.ddp not found, will not use a pak cache.
[2020.02.25-19.30.01:625][  0]LogDerivedDataCache: Unable to find inner node CompressedPak for hierarchical cache Hierarchy.
[2020.02.25-19.30.01:636][  0]LogDerivedDataCache: Display: Pak cache opened for reading ../../../Engine/DerivedDataCache/Compressed.ddp.
[2020.02.25-19.30.01:637][  0]LogDerivedDataCache: FDerivedDataBackendGraph:  EnterprisePak pak cache file ../../../Enterprise/DerivedDataCache/Compressed.ddp not found, will not use a pak cache.
[2020.02.25-19.30.01:637][  0]LogDerivedDataCache: Unable to find inner node EnterprisePak for hierarchical cache Hierarchy.
[2020.02.25-19.30.01:638][  0]LogDerivedDataCache: Using Local data cache path C:/Users/Alba Samaranch/AppData/Local/UnrealEngine/Common/DerivedDataCache: Writable
[2020.02.25-19.30.01:638][  0]LogDerivedDataCache: Shared data cache path not found in *engine.ini, will not use an Shared cache.
[2020.02.25-19.30.01:638][  0]LogDerivedDataCache: Unable to find inner node Shared for hierarchical cache Hierarchy.
[2020.02.25-19.30.01:666][  0]LogMaterial: Verifying Global Shaders for PCD3D_SM5
[2020.02.25-19.30.01:669][  0]LogSlate: Using FreeType 2.10.0
[2020.02.25-19.30.01:669][  0]LogSlate: SlateFontServices - WITH_FREETYPE: 1, WITH_HARFBUZZ: 1
[2020.02.25-19.30.01:724][  0]LogAssetRegistry: FAssetRegistry took 0.0027 seconds to start up
[2020.02.25-19.30.02:043][  0]LogInit: Selected Device Profile: [Windows]
[2020.02.25-19.30.02:217][  0]LogMeshReduction: Using QuadricMeshReduction for automatic static mesh reduction
[2020.02.25-19.30.02:217][  0]LogMeshReduction: Using SimplygonMeshReduction for automatic skeletal mesh reduction
[2020.02.25-19.30.02:217][  0]LogMeshReduction: Using ProxyLODMeshReduction for automatic mesh merging
[2020.02.25-19.30.02:217][  0]LogMeshReduction: No distributed automatic mesh merging module available
[2020.02.25-19.30.02:217][  0]LogMeshMerging: No distributed automatic mesh merging module available
[2020.02.25-19.30.02:228][  0]LogNetVersion: TheDoors2 1.0.0, NetCL: 10570792, EngineNetVer: 13, GameNetVer: 0 (Checksum: 2300638170)
[2020.02.25-19.30.03:332][  0]LogPackageLocalizationCache: Processed 10 localized package path(s) for 1 prioritized culture(s) in 0.047677 seconds
[2020.02.25-19.30.03:340][  0]LogUObjectArray: 46750 objects as part of root set at end of initial load.
[2020.02.25-19.30.03:340][  0]LogUObjectAllocator: 8137160 out of 0 bytes used by permanent object pool.
[2020.02.25-19.30.03:340][  0]LogUObjectArray: CloseDisregardForGC: 0/0 objects in disregard for GC pool
[2020.02.25-19.30.03:770][  0]LogTcpMessaging: Initializing TcpMessaging bridge
[2020.02.25-19.30.03:773][  0]LogUdpMessaging: Initializing bridge on interface 0.0.0.0:0 to multicast group 230.0.0.1:6666.
[2020.02.25-19.30.03:823][  0]SourceControl: Source control is disabled
[2020.02.25-19.30.03:823][  0]SourceControl: Source control is disabled
[2020.02.25-19.30.03:824][  0]SourceControl: Source control is disabled
[2020.02.25-19.30.03:824][  0]SourceControl: Source control is disabled
[2020.02.25-19.30.03:825][  0]SourceControl: Source control is disabled
[2020.02.25-19.30.03:905][  0]LogAndroidPermission: UAndroidPermissionCallbackProxy::GetInstance
[2020.02.25-19.30.03:915][  0]LogAudioCaptureCore: Display: No Audio Capture implementations found. Audio input will be silent.
[2020.02.25-19.30.03:915][  0]LogAudioCaptureCore: Display: No Audio Capture implementations found. Audio input will be silent.
[2020.02.25-19.30.04:005][  0]LogOcInput: OculusInput pre-init called
[2020.02.25-19.30.04:013][  0]LogWindows: Failed to load 'OVRPlugin.dll' (GetLastError=126)
[2020.02.25-19.30.04:013][  0]LogWindows: File 'OVRPlugin.dll' does not exist
[2020.02.25-19.30.04:087][  0]LogEngine: Initializing Engine...
[2020.02.25-19.30.04:088][  0]LogHMD: Failed to initialize OpenVR with code 110
[2020.02.25-19.30.04:089][  0]LogStats: UGameplayTagsManager::InitializeManager -  0.000 s
[2020.02.25-19.30.04:466][  0]LogInit: Initializing FReadOnlyCVARCache
[2020.02.25-19.30.04:471][  0]LogAIModule: Creating AISystem for world Untitled
[2020.02.25-19.30.04:489][  0]LogAudioMixer: Display: Audio Mixer Platform Settings:
[2020.02.25-19.30.04:489][  0]LogAudioMixer: Display: 	Sample Rate:						  48000
[2020.02.25-19.30.04:489][  0]LogAudioMixer: Display: 	Callback Buffer Frame Size Requested: 1024
[2020.02.25-19.30.04:489][  0]LogAudioMixer: Display: 	Callback Buffer Frame Size To Use:	  1024
[2020.02.25-19.30.04:489][  0]LogAudioMixer: Display: 	Number of buffers to queue:			  2
[2020.02.25-19.30.04:489][  0]LogAudioMixer: Display: 	Max Channels (voices):				  32
[2020.02.25-19.30.04:489][  0]LogAudioMixer: Display: 	Number of Async Source Workers:		  0
[2020.02.25-19.30.04:489][  0]LogAudio: Display: AudioDevice MaxSources: 32
[2020.02.25-19.30.04:489][  0]LogAudio: Display: Using built-in audio occlusion.
[2020.02.25-19.30.04:489][  0]LogAudioMixer: Display: Initializing audio mixer.
[2020.02.25-19.30.04:507][  0]LogAudioMixer: Display: Audio Device Output Speaker Info:
[2020.02.25-19.30.04:507][  0]LogAudioMixer: Display: Name: Headphones (Cirrus Logic CS8409 (AB 57))
[2020.02.25-19.30.04:507][  0]LogAudioMixer: Display: Is Default: Yes
[2020.02.25-19.30.04:507][  0]LogAudioMixer: Display: Sample Rate: 48000
[2020.02.25-19.30.04:507][  0]LogAudioMixer: Display: Channel Count Used: 2
[2020.02.25-19.30.04:507][  0]LogAudioMixer: Display: Device Channel Count: 2
[2020.02.25-19.30.04:507][  0]LogAudioMixer: Display: Channel Order:
[2020.02.25-19.30.04:507][  0]LogAudioMixer: Display: 0: FrontLeft
[2020.02.25-19.30.04:507][  0]LogAudioMixer: Display: 1: FrontRight
[2020.02.25-19.30.04:527][  0]LogAudioMixer: Display: Using Audio Device Headphones (Cirrus Logic CS8409 (AB 57))
[2020.02.25-19.30.04:532][  0]LogInit: FAudioDevice initialized.
[2020.02.25-19.30.04:532][  0]LogNetVersion: Set ProjectVersion to 1.0.0.0. Version Checksum will be recalculated on next use.
[2020.02.25-19.30.04:598][  0]LogDerivedDataCache: Saved boot cache 0.07s 78MB C:/Users/Alba Samaranch/AppData/Local/UnrealEngine/4.24/DerivedDataCache/Boot.ddc.
[2020.02.25-19.30.04:604][  0]LogInit: Texture streaming: Enabled
[2020.02.25-19.30.04:613][  0]LogEngineSessionManager: EngineSessionManager initialized
[2020.02.25-19.30.04:613][  0]LogEditorSessionSummary: Verbose: Initializing EditorSessionSummaryWriter for editor session tracking
[2020.02.25-19.30.04:615][  0]LogEditorSessionSummary: EditorSessionSummaryWriter initialized
[2020.02.25-19.30.04:671][  0]LogInit: Transaction tracking system initialized
[2020.02.25-19.30.04:680][  0]BlueprintLog: New page: Editor Load
[2020.02.25-19.30.04:709][  0]LocalizationService: Localization service is disabled
[2020.02.25-19.30.05:057][  0]LogFileCache: Scanning file cache for directory 'C:/Users/Alba Samaranch/Documents/GitHub/TheDoors2/TheDoors2/Content/' took 0.01s
[2020.02.25-19.30.05:057][  0]LogCook: Display: Max memory allowance for cook 16384mb min free memory 0mb
[2020.02.25-19.30.05:057][  0]LogCook: Display: Mobile HDR setting 1
[2020.02.25-19.30.05:742][  0]SourceControl: Source control is disabled
[2020.02.25-19.30.05:742][  0]Cmd: MAP LOAD FILE="../../../../../../Users/Alba Samaranch/Documents/GitHub/TheDoors2/TheDoors2/Content/FirstPersonBP/Maps/FirstPersonExampleMap.umap" TEMPLATE=0 SHOWPROGRESS=1 FEATURELEVEL=3
[2020.02.25-19.30.05:742][  0]LightingResults: New page: Lighting Build
[2020.02.25-19.30.05:743][  0]LogWorld: UWorld::CleanupWorld for Untitled, bSessionEnded=true, bCleanupResources=true
[2020.02.25-19.30.05:743][  0]LogSlate: InvalidateAllWidgets triggered.  All widgets were invalidated
[2020.02.25-19.30.05:743][  0]MapCheck: New page: Map Check
[2020.02.25-19.30.05:743][  0]LightingResults: New page: Lighting Build
[2020.02.25-19.30.05:774][  0]LogUObjectHash: Compacting FUObjectHashTables data took   2.31ms
[2020.02.25-19.30.06:088][  0]LogAIModule: Creating AISystem for world FirstPersonExampleMap
[2020.02.25-19.30.06:099][  0]LogEditorServer: Finished looking for orphan Actors (0.000 secs)
[2020.02.25-19.30.06:131][  0]LogUObjectHash: Compacting FUObjectHashTables data took   2.49ms
[2020.02.25-19.30.06:132][  0]Cmd: MAP CHECKDEP NOCLEARLOG
[2020.02.25-19.30.06:132][  0]MapCheck: Map check complete: 0 Error(s), 0 Warning(s), took 0.171ms to complete.
[2020.02.25-19.30.06:132][  0]LogFileHelpers: Loading map 'FirstPersonExampleMap' took 0.390
[2020.02.25-19.30.06:255][  0]LogSlate: Updating window title bar state: overlay mode, drag disabled, window buttons hidden, title bar hidden
[2020.02.25-19.30.06:262][  0]LogSlate: Updating window title bar state: overlay mode, drag disabled, window buttons hidden, title bar hidden
[2020.02.25-19.30.06:270][  0]LogSlate: Updating window title bar state: overlay mode, drag disabled, window buttons hidden, title bar hidden
[2020.02.25-19.30.06:277][  0]LogSlate: Updating window title bar state: overlay mode, drag disabled, window buttons hidden, title bar hidden
[2020.02.25-19.30.06:282][  0]LogCollectionManager: Loaded 0 collections in 0.002188 seconds
[2020.02.25-19.30.06:295][  0]LogFileCache: Scanning file cache for directory 'C:/Users/Alba Samaranch/Documents/GitHub/TheDoors2/TheDoors2/Saved/Collections/' took 0.00s
[2020.02.25-19.30.06:295][  0]LogFileCache: Scanning file cache for directory 'C:/Users/Alba Samaranch/Documents/GitHub/TheDoors2/TheDoors2/Content/Developers/AlbaSamaranch/Collections/' took 0.00s
[2020.02.25-19.30.06:295][  0]LogFileCache: Scanning file cache for directory 'C:/Users/Alba Samaranch/Documents/GitHub/TheDoors2/TheDoors2/Content/Collections/' took 0.00s
[2020.02.25-19.30.06:295][  0]LogContentBrowser: Native class hierarchy populated in 0.0090 seconds. Added 3015 classes and 717 folders.
[2020.02.25-19.30.06:297][  0]LogContentBrowser: Native class hierarchy updated for 'WidgetCarousel' in 0.0002 seconds. Added 0 classes and 0 folders.
[2020.02.25-19.30.06:354][  0]LogContentBrowser: Native class hierarchy updated for 'AddContentDialog' in 0.0002 seconds. Added 0 classes and 0 folders.
[2020.02.25-19.30.06:358][  0]LogContentBrowser: Native class hierarchy updated for 'SceneOutliner' in 0.0003 seconds. Added 2 classes and 3 folders.
[2020.02.25-19.30.06:381][  0]LogContentBrowser: Native class hierarchy updated for 'HierarchicalLODOutliner' in 0.0003 seconds. Added 0 classes and 0 folders.
[2020.02.25-19.30.06:381][  0]LogLoad: (Engine Initialization) Total time: 11.74 seconds
[2020.02.25-19.30.06:381][  0]LogLoad: (Engine Initialization) Total Blueprint compile time: 0.00 seconds
[2020.02.25-19.30.06:436][  0]LogAssetRegistry: Asset discovery search completed in 4.7134 seconds
[2020.02.25-19.30.06:440][  0]LogCollectionManager: Fixed up redirectors for 0 collections in 0.000012 seconds (updated 0 objects)
[2020.02.25-19.30.06:441][  0]LogContentStreaming: Texture pool size now 1000 MB
[2020.02.25-19.30.06:449][  0]LogSlate: Took 0.000160 seconds to synchronously load lazily loaded font '../../../Engine/Content/Slate/Fonts/Roboto-Regular.ttf' (155K)
[2020.02.25-19.30.06:451][  0]LogSlate: Took 0.000126 seconds to synchronously load lazily loaded font '../../../Engine/Content/Slate/Fonts/Roboto-Bold.ttf' (160K)
[2020.02.25-19.30.06:455][  0]LogSlate: Took 0.000121 seconds to synchronously load lazily loaded font '../../../Engine/Content/Editor/Slate/Fonts/FontAwesome.ttf' (139K)
[2020.02.25-19.30.06:543][  2]LogRenderer: Reallocating scene render targets to support 816x372 Format 10 NumSamples 1 (Frame:1).
[2020.02.25-19.30.14:935][465]LogRenderer: Reallocating scene render targets to support 1208x652 Format 10 NumSamples 1 (Frame:467).
[2020.02.25-19.30.19:760][747]LogSlate: Took 0.000156 seconds to synchronously load lazily loaded font '../../../Engine/Content/Slate/Fonts/Roboto-Light.ttf' (167K)
[2020.02.25-19.30.19:854][747]LogAIModule: Creating AISystem for world NewMapLevelWithTerrain
[2020.02.25-19.30.19:858][747]LogAssetEditorSubsystem: Opening Asset editor for World /Game/Maps/NewMapLevelWithTerrain.NewMapLevelWithTerrain
[2020.02.25-19.30.19:888][747]LogUObjectHash: Compacting FUObjectHashTables data took   1.59ms
[2020.02.25-19.30.19:890][747]Cmd: MAP LOAD FILE="../../../../../../Users/Alba Samaranch/Documents/GitHub/TheDoors2/TheDoors2/Content/Maps/NewMapLevelWithTerrain.umap" TEMPLATE=0 SHOWPROGRESS=1 FEATURELEVEL=3
[2020.02.25-19.30.19:890][747]LightingResults: New page: Lighting Build
[2020.02.25-19.30.19:891][747]LoadErrors: New page: Loading map: NewMapLevelWithTerrain.umap
[2020.02.25-19.30.19:891][747]LogWorld: UWorld::CleanupWorld for FirstPersonExampleMap, bSessionEnded=true, bCleanupResources=true
[2020.02.25-19.30.19:891][747]LogSlate: InvalidateAllWidgets triggered.  All widgets were invalidated
[2020.02.25-19.30.19:891][747]MapCheck: New page: Map Check
[2020.02.25-19.30.19:891][747]LightingResults: New page: Lighting Build
[2020.02.25-19.30.19:921][747]LogUObjectHash: Compacting FUObjectHashTables data took   2.17ms
[2020.02.25-19.30.19:940][747]LogEditorServer: Finished looking for orphan Actors (0.000 secs)
[2020.02.25-19.30.19:970][747]LogUObjectHash: Compacting FUObjectHashTables data took   1.75ms
[2020.02.25-19.30.19:998][747]Cmd: MAP CHECKDEP NOCLEARLOG
[2020.02.25-19.30.19:999][747]MapCheck: Map check complete: 0 Error(s), 0 Warning(s), took 1.428ms to complete.
[2020.02.25-19.30.19:999][747]LogFileHelpers: Loading map 'NewMapLevelWithTerrain' took 0.110
[2020.02.25-19.30.22:944][892]LogTexture: Display: Building textures: Texture2D_2 (G8, 128X128)
[2020.02.25-19.30.56:542][866]LogTexture: Display: Building textures: Texture2D_17 (BGRA8, 16X16)
[2020.02.25-19.30.56:556][866]LogMaterial: Display: Missing cached shader map for material Landscape, compiling. 
[2020.02.25-19.30.56:652][866]LogMaterial: Display: Missing cached shader map for material Landscape, compiling. 
[2020.02.25-19.30.56:684][866]LogShaderCompilers: Display: Worker (1/5): shaders left to compile 46
[2020.02.25-19.30.56:684][866]LogShaderCompilers: Display: Worker (2/5): shaders left to compile 36
[2020.02.25-19.30.56:684][866]LogShaderCompilers: Display: Worker (3/5): shaders left to compile 26
[2020.02.25-19.30.56:684][866]LogShaderCompilers: Display: Worker (4/5): shaders left to compile 16
[2020.02.25-19.30.56:689][866]LogMaterial: Display: Missing cached shader map for material Landscape, compiling. 
[2020.02.25-19.30.56:741][866]LogMaterial: Display: Missing cached shader map for material Landscape, compiling. 
[2020.02.25-19.30.56:810][866]LogMaterial: Display: Missing cached shader map for material Landscape, compiling. 
[2020.02.25-19.30.56:862][866]LogMaterial: Display: Missing cached shader map for material Landscape, compiling. 
[2020.02.25-19.30.56:917][866]LogMaterial: Display: Missing cached shader map for material Landscape, compiling. 
[2020.02.25-19.30.56:979][867]LogTexture: Display: Building textures: Texture2D_18 (BGRA8, 16X16)
[2020.02.25-19.30.56:989][867]LogMaterial: Display: Missing cached shader map for material Landscape, compiling. 
[2020.02.25-19.30.57:043][867]LogMaterial: Display: Missing cached shader map for material Landscape, compiling. 
[2020.02.25-19.30.57:856][912]LogMaterial: Display: Missing cached shader map for material Landscape, compiling. 
[2020.02.25-19.30.57:910][912]LogTexture: Display: Building textures: Texture2D_19 (BGRA8, 16X16)
[2020.02.25-19.30.57:918][912]LogMaterial: Display: Missing cached shader map for material Landscape, compiling. 
[2020.02.25-19.30.58:267][921]LogMaterial: Display: Missing cached shader map for material Landscape, compiling. 
[2020.02.25-19.30.58:321][921]LogTexture: Display: Building textures: Texture2D_20 (BGRA8, 16X16)
[2020.02.25-19.30.58:337][921]LogMaterial: Display: Missing cached shader map for material Landscape, compiling. 
[2020.02.25-19.30.58:393][921]LogMaterial: Display: Missing cached shader map for material Landscape, compiling. 
[2020.02.25-19.31.01:134][ 80]LogShaderCompilers: Display: Worker (3/5): shaders left to compile 604
[2020.02.25-19.31.01:168][ 82]LogShaderCompilers: Display: Worker (1/5): shaders left to compile 594
[2020.02.25-19.31.01:316][ 91]LogShaderCompilers: Display: Worker (4/5): shaders left to compile 584
[2020.02.25-19.31.01:550][105]LogShaderCompilers: Display: Worker (2/5): shaders left to compile 574
[2020.02.25-19.31.05:509][342]LogShaderCompilers: Display: Worker (3/5): shaders left to compile 564
[2020.02.25-19.31.05:762][357]LogShaderCompilers: Display: Worker (1/5): shaders left to compile 554
[2020.02.25-19.31.05:763][357]LogShaderCompilers: Display: Worker (4/5): shaders left to compile 544
[2020.02.25-19.31.06:062][375]LogShaderCompilers: Display: Worker (2/5): shaders left to compile 534
[2020.02.25-19.31.10:147][620]LogShaderCompilers: Display: Worker (1/5): shaders left to compile 524
[2020.02.25-19.31.10:381][634]LogShaderCompilers: Display: Worker (2/5): shaders left to compile 514
[2020.02.25-19.31.10:397][635]LogShaderCompilers: Display: Worker (3/5): shaders left to compile 504
[2020.02.25-19.31.10:651][650]LogShaderCompilers: Display: Worker (4/5): shaders left to compile 494
[2020.02.25-19.31.14:716][894]LogShaderCompilers: Display: Worker (2/5): shaders left to compile 484
[2020.02.25-19.31.14:853][902]LogShaderCompilers: Display: Worker (1/5): shaders left to compile 474
[2020.02.25-19.31.15:171][921]LogShaderCompilers: Display: Worker (3/5): shaders left to compile 464
[2020.02.25-19.31.15:456][938]LogShaderCompilers: Display: Worker (4/5): shaders left to compile 454
[2020.02.25-19.31.18:854][142]LogShaderCompilers: Display: Worker (2/5): shaders left to compile 444
[2020.02.25-19.31.19:321][170]LogShaderCompilers: Display: Worker (3/5): shaders left to compile 434
[2020.02.25-19.31.19:539][183]LogShaderCompilers: Display: Worker (1/5): shaders left to compile 424
[2020.02.25-19.31.20:117][217]LogShaderCompilers: Display: Worker (4/5): shaders left to compile 414
[2020.02.25-19.31.23:133][398]LogShaderCompilers: Display: Worker (2/5): shaders left to compile 404
[2020.02.25-19.31.24:050][453]LogShaderCompilers: Display: Worker (3/5): shaders left to compile 394
[2020.02.25-19.31.24:092][455]LogShaderCompilers: Display: Worker (1/5): shaders left to compile 384
[2020.02.25-19.31.24:585][485]LogShaderCompilers: Display: Worker (4/5): shaders left to compile 374
[2020.02.25-19.31.28:003][690]LogShaderCompilers: Display: Worker (2/5): shaders left to compile 364
[2020.02.25-19.31.28:368][712]LogShaderCompilers: Display: Worker (3/5): shaders left to compile 354
[2020.02.25-19.31.28:620][727]LogShaderCompilers: Display: Worker (1/5): shaders left to compile 344
[2020.02.25-19.31.29:133][757]LogShaderCompilers: Display: Worker (4/5): shaders left to compile 334
[2020.02.25-19.31.32:727][973]LogShaderCompilers: Display: Worker (2/5): shaders left to compile 324
[2020.02.25-19.31.32:977][988]LogShaderCompilers: Display: Worker (3/5): shaders left to compile 314
[2020.02.25-19.31.33:310][  8]LogShaderCompilers: Display: Worker (1/5): shaders left to compile 304
[2020.02.25-19.31.33:978][ 48]LogShaderCompilers: Display: Worker (4/5): shaders left to compile 294
[2020.02.25-19.31.36:937][225]LogShaderCompilers: Display: Worker (2/5): shaders left to compile 284
[2020.02.25-19.31.37:464][257]LogShaderCompilers: Display: Worker (1/5): shaders left to compile 274
[2020.02.25-19.31.37:747][274]LogShaderCompilers: Display: Worker (3/5): shaders left to compile 264
[2020.02.25-19.31.38:548][322]LogShaderCompilers: Display: Worker (4/5): shaders left to compile 254
[2020.02.25-19.31.41:225][482]LogShaderCompilers: Display: Worker (2/5): shaders left to compile 244
[2020.02.25-19.31.42:151][538]LogShaderCompilers: Display: Worker (1/5): shaders left to compile 234
[2020.02.25-19.31.42:533][561]LogShaderCompilers: Display: Worker (3/5): shaders left to compile 224
[2020.02.25-19.31.42:702][571]LogShaderCompilers: Display: Worker (4/5): shaders left to compile 214
[2020.02.25-19.31.46:119][776]LogShaderCompilers: Display: Worker (2/5): shaders left to compile 204
[2020.02.25-19.31.46:336][789]LogShaderCompilers: Display: Worker (1/5): shaders left to compile 194
[2020.02.25-19.31.46:962][826]LogShaderCompilers: Display: Worker (4/5): shaders left to compile 184
[2020.02.25-19.31.47:331][848]LogShaderCompilers: Display: Worker (3/5): shaders left to compile 174
[2020.02.25-19.31.50:814][ 57]LogShaderCompilers: Display: Worker (2/5): shaders left to compile 164
[2020.02.25-19.31.50:862][ 60]LogShaderCompilers: Display: Worker (1/5): shaders left to compile 154
[2020.02.25-19.31.51:297][ 86]LogShaderCompilers: Display: Worker (4/5): shaders left to compile 144
[2020.02.25-19.31.51:995][128]LogShaderCompilers: Display: Worker (3/5): shaders left to compile 134
[2020.02.25-19.31.55:163][318]LogShaderCompilers: Display: Worker (2/5): shaders left to compile 124
[2020.02.25-19.31.55:297][326]LogShaderCompilers: Display: Worker (1/5): shaders left to compile 114
[2020.02.25-19.31.55:741][352]LogShaderCompilers: Display: Worker (4/5): shaders left to compile 104
[2020.02.25-19.31.56:567][402]LogShaderCompilers: Display: Worker (3/5): shaders left to compile 94
[2020.02.25-19.31.59:634][586]LogShaderCompilers: Display: Worker (2/5): shaders left to compile 84
[2020.02.25-19.31.59:885][601]LogShaderCompilers: Display: Worker (1/5): shaders left to compile 74
[2020.02.25-19.32.00:649][646]LogShaderCompilers: Display: Worker (4/5): shaders left to compile 64
[2020.02.25-19.32.00:833][656]LogShaderCompilers: Display: Worker (3/5): shaders left to compile 54
[2020.02.25-19.32.04:109][853]LogShaderCompilers: Display: Worker (1/5): shaders left to compile 44
[2020.02.25-19.32.04:377][869]LogShaderCompilers: Display: Worker (2/5): shaders left to compile 34
[2020.02.25-19.32.05:078][911]LogShaderCompilers: Display: Worker (3/5): shaders left to compile 25
[2020.02.25-19.32.05:252][921]LogShaderCompilers: Display: Worker (4/5): shaders left to compile 18
[2020.02.25-19.32.07:630][ 64]LogShaderCompilers: Display: Worker (4/5): shaders left to compile 13
[2020.02.25-19.32.07:879][ 79]LogShaderCompilers: Display: Worker (3/5): shaders left to compile 9
[2020.02.25-19.32.08:614][123]LogShaderCompilers: Display: Worker (2/5): shaders left to compile 6
[2020.02.25-19.32.08:796][134]LogShaderCompilers: Display: Worker (1/5): shaders left to compile 4
[2020.02.25-19.32.09:296][164]LogShaderCompilers: Display: Worker (3/5): shaders left to compile 2
[2020.02.25-19.32.09:433][172]LogShaderCompilers: Display: Worker (4/5): shaders left to compile 1
[2020.02.25-19.32.35:468][650]LogTexture: Display: Building textures: Texture2D_21 (BGRA8, 16X16)
[2020.02.25-19.32.35:474][650]LogMaterial: Display: Missing cached shader map for material Landscape, compiling. 
[2020.02.25-19.32.35:510][650]LogMaterial: Display: Missing cached shader map for material Landscape, compiling. 
[2020.02.25-19.32.35:541][650]LogShaderCompilers: Display: Worker (1/5): shaders left to compile 46
[2020.02.25-19.32.35:541][650]LogShaderCompilers: Display: Worker (2/5): shaders left to compile 36
[2020.02.25-19.32.35:541][650]LogShaderCompilers: Display: Worker (3/5): shaders left to compile 26
[2020.02.25-19.32.35:541][650]LogShaderCompilers: Display: Worker (4/5): shaders left to compile 16
[2020.02.25-19.32.35:547][650]LogMaterial: Display: Missing cached shader map for material Landscape, compiling. 
[2020.02.25-19.32.35:597][650]LogMaterial: Display: Missing cached shader map for material Landscape, compiling. 
[2020.02.25-19.32.35:645][650]LogTexture: Display: Building textures: Texture2D_22 (BGRA8, 16X16)
[2020.02.25-19.32.35:660][650]LogMaterial: Display: Missing cached shader map for material Landscape, compiling. 
[2020.02.25-19.32.35:708][650]LogTexture: Display: Building textures: Texture2D_23 (BGRA8, 16X16)
[2020.02.25-19.32.35:716][650]LogMaterial: Display: Missing cached shader map for material Landscape, compiling. 
[2020.02.25-19.32.35:777][651]LogMaterial: Display: Missing cached shader map for material Landscape, compiling. 
[2020.02.25-19.32.35:831][651]LogMaterial: Display: Missing cached shader map for material Landscape, compiling. 
[2020.02.25-19.32.35:879][651]LogMaterial: Display: Missing cached shader map for material Landscape, compiling. 
[2020.02.25-19.32.35:921][651]LogMaterial: Display: Missing cached shader map for material Landscape, compiling. 
[2020.02.25-19.32.35:980][651]LogMaterial: Display: Missing cached shader map for material Landscape, compiling. 
[2020.02.25-19.32.36:057][651]LogMaterial: Display: Missing cached shader map for material Landscape, compiling. 
[2020.02.25-19.32.36:104][651]LogMaterial: Display: Missing cached shader map for material Landscape, compiling. 
[2020.02.25-19.32.36:169][652]LogMaterial: Display: Missing cached shader map for material Landscape, compiling. 
[2020.02.25-19.32.36:217][652]LogTexture: Display: Building textures: Texture2D_24 (BGRA8, 16X16)
[2020.02.25-19.32.36:226][652]LogMaterial: Display: Missing cached shader map for material Landscape, compiling. 
[2020.02.25-19.32.40:061][863]LogShaderCompilers: Display: Worker (3/5): shaders left to compile 650
[2020.02.25-19.32.40:094][865]LogShaderCompilers: Display: Worker (1/5): shaders left to compile 640
[2020.02.25-19.32.40:193][871]LogShaderCompilers: Display: Worker (4/5): shaders left to compile 630
[2020.02.25-19.32.40:450][886]LogShaderCompilers: Display: Worker (2/5): shaders left to compile 620
[2020.02.25-19.32.44:579][134]LogShaderCompilers: Display: Worker (3/5): shaders left to compile 610
[2020.02.25-19.32.44:738][143]LogShaderCompilers: Display: Worker (1/5): shaders left to compile 600
[2020.02.25-19.32.44:755][144]LogShaderCompilers: Display: Worker (4/5): shaders left to compile 590
[2020.02.25-19.32.45:039][161]LogShaderCompilers: Display: Worker (2/5): shaders left to compile 580
[2020.02.25-19.32.49:058][402]LogShaderCompilers: Display: Worker (1/5): shaders left to compile 570
[2020.02.25-19.32.49:290][416]LogShaderCompilers: Display: Worker (2/5): shaders left to compile 560
[2020.02.25-19.32.49:416][423]LogShaderCompilers: Display: Worker (3/5): shaders left to compile 550
[2020.02.25-19.32.49:643][437]LogShaderCompilers: Display: Worker (4/5): shaders left to compile 540
[2020.02.25-19.32.53:543][671]LogShaderCompilers: Display: Worker (2/5): shaders left to compile 530
[2020.02.25-19.32.53:802][686]LogShaderCompilers: Display: Worker (1/5): shaders left to compile 520
[2020.02.25-19.32.54:163][708]LogShaderCompilers: Display: Worker (3/5): shaders left to compile 510
[2020.02.25-19.32.54:496][728]LogShaderCompilers: Display: Worker (4/5): shaders left to compile 500
[2020.02.25-19.32.57:763][924]LogShaderCompilers: Display: Worker (2/5): shaders left to compile 490
[2020.02.25-19.32.58:397][962]LogShaderCompilers: Display: Worker (3/5): shaders left to compile 480
[2020.02.25-19.32.58:631][976]LogShaderCompilers: Display: Worker (1/5): shaders left to compile 470
[2020.02.25-19.32.59:382][ 21]LogShaderCompilers: Display: Worker (4/5): shaders left to compile 460
[2020.02.25-19.33.02:116][185]LogShaderCompilers: Display: Worker (2/5): shaders left to compile 450
[2020.02.25-19.33.03:234][252]LogShaderCompilers: Display: Worker (3/5): shaders left to compile 440
[2020.02.25-19.33.03:325][257]LogShaderCompilers: Display: Worker (1/5): shaders left to compile 430
[2020.02.25-19.33.03:901][292]LogShaderCompilers: Display: Worker (4/5): shaders left to compile 420
[2020.02.25-19.33.06:903][472]LogShaderCompilers: Display: Worker (2/5): shaders left to compile 410
[2020.02.25-19.33.07:652][517]LogShaderCompilers: Display: Worker (3/5): shaders left to compile 400
[2020.02.25-19.33.07:969][536]LogShaderCompilers: Display: Worker (1/5): shaders left to compile 390
[2020.02.25-19.33.08:370][560]LogShaderCompilers: Display: Worker (4/5): shaders left to compile 380
[2020.02.25-19.33.11:457][745]LogShaderCompilers: Display: Worker (2/5): shaders left to compile 370
[2020.02.25-19.33.12:023][779]LogShaderCompilers: Display: Worker (3/5): shaders left to compile 360
[2020.02.25-19.33.12:406][802]LogShaderCompilers: Display: Worker (1/5): shaders left to compile 350
[2020.02.25-19.33.13:090][843]LogShaderCompilers: Display: Worker (4/5): shaders left to compile 340
[2020.02.25-19.33.15:674][998]LogShaderCompilers: Display: Worker (2/5): shaders left to compile 330
[2020.02.25-19.33.16:697][ 59]LogShaderCompilers: Display: Worker (1/5): shaders left to compile 320
[2020.02.25-19.33.16:832][ 67]LogShaderCompilers: Display: Worker (3/5): shaders left to compile 310
[2020.02.25-19.33.17:782][124]LogShaderCompilers: Display: Worker (4/5): shaders left to compile 300
[2020.02.25-19.33.19:966][255]LogShaderCompilers: Display: Worker (2/5): shaders left to compile 290
[2020.02.25-19.33.21:435][343]LogShaderCompilers: Display: Worker (1/5): shaders left to compile 280
[2020.02.25-19.33.21:654][356]LogShaderCompilers: Display: Worker (3/5): shaders left to compile 270
[2020.02.25-19.33.21:967][375]LogShaderCompilers: Display: Worker (4/5): shaders left to compile 260
[2020.02.25-19.33.24:702][539]LogShaderCompilers: Display: Worker (2/5): shaders left to compile 250
[2020.02.25-19.33.25:548][589]LogShaderCompilers: Display: Worker (1/5): shaders left to compile 240
[2020.02.25-19.33.26:175][627]LogShaderCompilers: Display: Worker (4/5): shaders left to compile 230
[2020.02.25-19.33.26:308][635]LogShaderCompilers: Display: Worker (3/5): shaders left to compile 220
[2020.02.25-19.33.29:375][819]LogShaderCompilers: Display: Worker (2/5): shaders left to compile 210
[2020.02.25-19.33.30:075][861]LogShaderCompilers: Display: Worker (1/5): shaders left to compile 200
[2020.02.25-19.33.30:578][891]LogShaderCompilers: Display: Worker (4/5): shaders left to compile 190
[2020.02.25-19.33.31:028][918]LogShaderCompilers: Display: Worker (3/5): shaders left to compile 180
[2020.02.25-19.33.33:593][ 72]LogShaderCompilers: Display: Worker (2/5): shaders left to compile 170
[2020.02.25-19.33.34:612][133]LogShaderCompilers: Display: Worker (1/5): shaders left to compile 160
[2020.02.25-19.33.34:920][151]LogShaderCompilers: Display: Worker (4/5): shaders left to compile 150
[2020.02.25-19.33.35:613][193]LogShaderCompilers: Display: Worker (3/5): shaders left to compile 140
[2020.02.25-19.33.38:063][340]LogShaderCompilers: Display: Worker (2/5): shaders left to compile 130
[2020.02.25-19.33.39:129][404]LogShaderCompilers: Display: Worker (1/5): shaders left to compile 120
[2020.02.25-19.33.39:713][439]LogShaderCompilers: Display: Worker (4/5): shaders left to compile 110
[2020.02.25-19.33.39:823][445]LogShaderCompilers: Display: Worker (3/5): shaders left to compile 100
[2020.02.25-19.33.42:867][628]LogShaderCompilers: Display: Worker (2/5): shaders left to compile 90
[2020.02.25-19.33.43:367][658]LogShaderCompilers: Display: Worker (1/5): shaders left to compile 80
[2020.02.25-19.33.44:101][702]LogShaderCompilers: Display: Worker (3/5): shaders left to compile 70
[2020.02.25-19.33.44:399][720]LogShaderCompilers: Display: Worker (4/5): shaders left to compile 60
[2020.02.25-19.33.47:582][910]LogShaderCompilers: Display: Worker (2/5): shaders left to compile 50
[2020.02.25-19.33.48:199][947]LogShaderCompilers: Display: Worker (1/5): shaders left to compile 40
[2020.02.25-19.33.48:248][950]LogShaderCompilers: Display: Worker (3/5): shaders left to compile 30
[2020.02.25-19.33.49:332][ 15]LogShaderCompilers: Display: Worker (4/5): shaders left to compile 22
[2020.02.25-19.33.51:765][161]LogShaderCompilers: Display: Worker (3/5): shaders left to compile 16
[2020.02.25-19.33.51:790][162]LogShaderCompilers: Display: Worker (2/5): shaders left to compile 11
[2020.02.25-19.33.52:217][188]LogShaderCompilers: Display: Worker (4/5): shaders left to compile 8
[2020.02.25-19.33.53:000][235]LogShaderCompilers: Display: Worker (1/5): shaders left to compile 5
[2020.02.25-19.33.53:285][252]LogShaderCompilers: Display: Worker (2/5): shaders left to compile 3
[2020.02.25-19.33.53:735][279]LogShaderCompilers: Display: Worker (4/5): shaders left to compile 2
[2020.02.25-19.33.53:846][285]LogShaderCompilers: Display: Worker (2/5): shaders left to compile 1
[2020.02.25-19.34.09:556][226]LogTexture: Display: Building textures: Texture2D_25 (BGRA8, 16X16)
[2020.02.25-19.35.06:151][565]LogUObjectHash: Compacting FUObjectHashTables data took   1.76ms
[2020.02.25-19.35.06:168][565]LogTexture: Display: Building textures: Texture2D_10 (BGRA8, 16X16)
[2020.02.25-19.35.06:168][565]LogTexture: Display: Building textures: Texture2D_11 (BGRA8, 16X16)
[2020.02.25-19.35.06:168][565]LogTexture: Display: Building textures: Texture2D_12 (BGRA8, 16X16)
[2020.02.25-19.35.06:169][565]LogTexture: Display: Building textures: Texture2D_13 (BGRA8, 16X16)
[2020.02.25-19.35.06:169][565]LogTexture: Display: Building textures: Texture2D_14 (BGRA8, 16X16)
[2020.02.25-19.35.06:170][565]LogTexture: Display: Building textures: Texture2D_15 (BGRA8, 16X16)
[2020.02.25-19.35.06:171][565]LogTexture: Display: Building textures: Texture2D_3 (BGRA8, 16X16)
[2020.02.25-19.35.06:171][565]LogTexture: Display: Building textures: Texture2D_4 (BGRA8, 16X16)
[2020.02.25-19.35.06:171][565]LogTexture: Display: Building textures: Texture2D_5 (BGRA8, 16X16)
[2020.02.25-19.35.06:172][565]LogTexture: Display: Building textures: Texture2D_6 (BGRA8, 16X16)
[2020.02.25-19.35.06:172][565]LogTexture: Display: Building textures: Texture2D_7 (BGRA8, 16X16)
[2020.02.25-19.35.06:173][565]LogTexture: Display: Building textures: Texture2D_8 (BGRA8, 16X16)
[2020.02.25-19.35.06:173][565]LogTexture: Display: Building textures: Texture2D_9 (BGRA8, 16X16)
[2020.02.25-19.35.06:189][565]LogTexture: Display: Building textures: Texture2D_17 (BGRA8, 16X16)
[2020.02.25-19.35.06:190][565]LogTexture: Display: Building textures: Texture2D_18 (BGRA8, 16X16)
[2020.02.25-19.35.06:190][565]LogTexture: Display: Building textures: Texture2D_19 (BGRA8, 16X16)
[2020.02.25-19.35.06:191][565]LogTexture: Display: Building textures: Texture2D_21 (BGRA8, 16X16)
[2020.02.25-19.35.06:191][565]LogTexture: Display: Building textures: Texture2D_24 (BGRA8, 16X16)
[2020.02.25-19.35.06:192][565]LogTexture: Display: Building textures: Texture2D_25 (BGRA8, 16X16)
[2020.02.25-19.35.06:192][565]LogTexture: Display: Building textures: Texture2D_22 (BGRA8, 16X16)
[2020.02.25-19.35.06:193][565]LogTexture: Display: Building textures: Texture2D_23 (BGRA8, 16X16)
[2020.02.25-19.35.06:194][565]LogTexture: Display: Building textures: Texture2D_20 (BGRA8, 16X16)
[2020.02.25-19.35.06:336][565]LogSavePackage: Moving '../../../../../../Users/Alba Samaranch/Documents/GitHub/TheDoors2/TheDoors2/Saved/NewMapLevelWithTerrain2AEE635D4637ECFE0F458A9D2A24551D.tmp' to '../../../../../../Users/Alba Samaranch/Documents/GitHub/TheDoors2/TheDoors2/Content/Maps/NewMapLevelWithTerrain.umap'
[2020.02.25-19.35.06:455][565]LogSavePackage: Moving '../../../../../../Users/Alba Samaranch/Documents/GitHub/TheDoors2/TheDoors2/Saved/NewMapLevelWithTerrain_BuiltData9C0942F54563F4231D036298DB7FB6C3.tmp' to '../../../../../../Users/Alba Samaranch/Documents/GitHub/TheDoors2/TheDoors2/Content/Maps/NewMapLevelWithTerrain_BuiltData.uasset'
[2020.02.25-19.35.06:476][565]AssetCheck: New page: Asset Save: multiple assets
[2020.02.25-19.35.06:476][565]LogContentValidation: Display: Validating World /Game/Maps/NewMapLevelWithTerrain.NewMapLevelWithTerrain
[2020.02.25-19.35.06:476][565]LogContentValidation: Display: Validating MapBuildDataRegistry /Game/Maps/NewMapLevelWithTerrain_BuiltData.NewMapLevelWithTerrain_BuiltData
[2020.02.25-19.37.13:829][327]LogTexture: Display: Building textures: Texture2D_26 (BGRA8, 16X16)
[2020.02.25-19.37.14:022][338]LogTexture: Display: Building textures: Texture2D_27 (BGRA8, 16X16)
[2020.02.25-19.37.16:089][457]LogTexture: Display: Building textures: Texture2D_28 (BGRA8, 16X16)
[2020.02.25-19.37.16:526][482]LogTexture: Display: Building textures: Texture2D_29 (BGRA8, 16X16)
[2020.02.25-19.37.21:637][732]LogTexture: Display: Building textures: Texture2D_30 (BGRA8, 16X16)
[2020.02.25-19.37.27:986][963]LogTexture: Display: Building textures: Texture2D_31 (BGRA8, 16X16)
[2020.02.25-19.37.28:004][963]LogTexture: Display: Building textures: Texture2D_32 (BGRA8, 16X16)
[2020.02.25-19.37.28:038][963]LogTexture: Display: Building textures: Texture2D_33 (BGRA8, 16X16)
[2020.02.25-19.37.29:584][ 49]LogTexture: Display: Building textures: Texture2D_34 (BGRA8, 16X16)
[2020.02.25-19.37.29:844][ 61]LogTexture: Display: Building textures: Texture2D_35 (BGRA8, 16X16)
[2020.02.25-19.37.30:602][102]LogMaterial: Display: Missing cached shader map for material Landscape, compiling. 
[2020.02.25-19.37.30:638][102]LogMaterial: Display: Missing cached shader map for material Landscape, compiling. 
[2020.02.25-19.37.30:668][102]LogShaderCompilers: Display: Worker (1/5): shaders left to compile 46
[2020.02.25-19.37.30:668][102]LogShaderCompilers: Display: Worker (2/5): shaders left to compile 36
[2020.02.25-19.37.30:668][102]LogShaderCompilers: Display: Worker (3/5): shaders left to compile 26
[2020.02.25-19.37.30:668][102]LogShaderCompilers: Display: Worker (4/5): shaders left to compile 16
[2020.02.25-19.37.30:674][102]LogMaterial: Display: Missing cached shader map for material Landscape, compiling. 
[2020.02.25-19.37.30:725][102]LogMaterial: Display: Missing cached shader map for material Landscape, compiling. 
[2020.02.25-19.37.30:945][112]LogMaterial: Display: Missing cached shader map for material Landscape, compiling. 
[2020.02.25-19.37.31:391][136]LogMaterial: Display: Missing cached shader map for material Landscape, compiling. 
[2020.02.25-19.37.32:540][178]LogMaterial: Display: Missing cached shader map for material Landscape, compiling. 
[2020.02.25-19.37.33:527][229]LogMaterial: Display: Missing cached shader map for material Landscape, compiling. 
[2020.02.25-19.37.33:597][230]LogMaterial: Display: Missing cached shader map for material Landscape, compiling. 
[2020.02.25-19.37.35:434][335]LogShaderCompilers: Display: Worker (1/5): shaders left to compile 374
[2020.02.25-19.37.35:434][335]LogShaderCompilers: Display: Worker (3/5): shaders left to compile 364
[2020.02.25-19.37.35:736][353]LogShaderCompilers: Display: Worker (4/5): shaders left to compile 354
[2020.02.25-19.37.35:885][362]LogShaderCompilers: Display: Worker (2/5): shaders left to compile 344
[2020.02.25-19.37.39:945][605]LogShaderCompilers: Display: Worker (1/5): shaders left to compile 334
[2020.02.25-19.37.40:197][620]LogShaderCompilers: Display: Worker (3/5): shaders left to compile 324
[2020.02.25-19.37.40:247][623]LogShaderCompilers: Display: Worker (4/5): shaders left to compile 314
[2020.02.25-19.37.40:429][634]LogShaderCompilers: Display: Worker (2/5): shaders left to compile 304
[2020.02.25-19.37.44:482][857]LogShaderCompilers: Display: Worker (3/5): shaders left to compile 294
[2020.02.25-19.37.44:730][872]LogShaderCompilers: Display: Worker (2/5): shaders left to compile 284
[2020.02.25-19.37.44:757][873]LogShaderCompilers: Display: Worker (1/5): shaders left to compile 274
[2020.02.25-19.37.45:098][893]LogShaderCompilers: Display: Worker (4/5): shaders left to compile 264
[2020.02.25-19.37.47:561][ 32]LogTemp: Repeating last play command: Selected Viewport
[2020.02.25-19.37.47:587][ 32]LogPlayLevel: PlayLevel: No blueprints needed recompiling
[2020.02.25-19.37.47:587][ 32]PIE: New page: PIE session: NewMapLevelWithTerrain (Feb 25, 2020, 9:37:47 PM)
[2020.02.25-19.37.47:589][ 32]LogOnline: OSS: Creating online subsystem instance for: NULL
[2020.02.25-19.37.47:590][ 32]LogOnline: OSS: TryLoadSubsystemAndSetDefault: Loaded subsystem for module [NULL]
[2020.02.25-19.37.47:591][ 32]LogPlayLevel: Creating play world package: /Game/Maps/UEDPIE_0_NewMapLevelWithTerrain
[2020.02.25-19.37.47:771][ 32]LogTexture: Display: Building textures: Texture2D_16 (BGRA8, 16X16)
[2020.02.25-19.37.47:771][ 32]LogTexture: Display: Building textures: Texture2D_21 (BGRA8, 16X16)
[2020.02.25-19.37.47:771][ 32]LogTexture: Display: Building textures: Texture2D_29 (BGRA8, 16X16)
[2020.02.25-19.37.47:771][ 32]LogTexture: Display: Building textures: Texture2D_15 (BGRA8, 16X16)
[2020.02.25-19.37.47:771][ 32]LogTexture: Display: Building textures: Texture2D_17 (BGRA8, 16X16)
[2020.02.25-19.37.47:771][ 32]LogTexture: Display: Building textures: Texture2D_14 (BGRA8, 16X16)
[2020.02.25-19.37.47:772][ 32]LogTexture: Display: Building textures: Texture2D_20 (BGRA8, 16X16)
[2020.02.25-19.37.47:772][ 32]LogTexture: Display: Building textures: Texture2D_8 (BGRA8, 16X16)
[2020.02.25-19.37.47:772][ 32]LogTexture: Display: Building textures: Texture2D_13 (BGRA8, 16X16)
[2020.02.25-19.37.47:772][ 32]LogTexture: Display: Building textures: Texture2D_28 (BGRA8, 16X16)
[2020.02.25-19.37.47:772][ 32]LogTexture: Display: Building textures: Texture2D_18 (BGRA8, 16X16)
[2020.02.25-19.37.47:772][ 32]LogTexture: Display: Building textures: Texture2D_12 (BGRA8, 16X16)
[2020.02.25-19.37.47:772][ 32]LogTexture: Display: Building textures: Texture2D_19 (BGRA8, 16X16)
[2020.02.25-19.37.47:772][ 32]LogTexture: Display: Building textures: Texture2D_11 (BGRA8, 16X16)
[2020.02.25-19.37.47:772][ 32]LogTexture: Display: Building textures: Texture2D_10 (BGRA8, 16X16)
[2020.02.25-19.37.47:772][ 32]LogTexture: Display: Building textures: Texture2D_23 (BGRA8, 16X16)
[2020.02.25-19.37.47:772][ 32]LogTexture: Display: Building textures: Texture2D_22 (BGRA8, 16X16)
[2020.02.25-19.37.47:772][ 32]LogTexture: Display: Building textures: Texture2D_9 (BGRA8, 16X16)
[2020.02.25-19.37.47:772][ 32]LogTexture: Display: Building textures: Texture2D_25 (BGRA8, 16X16)
[2020.02.25-19.37.47:772][ 32]LogTexture: Display: Building textures: Texture2D_30 (BGRA8, 16X16)
[2020.02.25-19.37.47:772][ 32]LogTexture: Display: Building textures: Texture2D_24 (BGRA8, 16X16)
[2020.02.25-19.37.47:772][ 32]LogTexture: Display: Building textures: Texture2D_7 (BGRA8, 16X16)
[2020.02.25-19.37.47:772][ 32]LogTexture: Display: Building textures: Texture2D_26 (BGRA8, 16X16)
[2020.02.25-19.37.47:772][ 32]LogTexture: Display: Building textures: Texture2D_6 (BGRA8, 16X16)
[2020.02.25-19.37.47:772][ 32]LogTexture: Display: Building textures: Texture2D_35 (BGRA8, 16X16)
[2020.02.25-19.37.47:772][ 32]LogTexture: Display: Building textures: Texture2D_27 (BGRA8, 16X16)
[2020.02.25-19.37.47:772][ 32]LogTexture: Display: Building textures: Texture2D_33 (BGRA8, 16X16)
[2020.02.25-19.37.47:772][ 32]LogTexture: Display: Building textures: Texture2D_31 (BGRA8, 16X16)
[2020.02.25-19.37.47:772][ 32]LogTexture: Display: Building textures: Texture2D_5 (BGRA8, 16X16)
[2020.02.25-19.37.47:772][ 32]LogTexture: Display: Building textures: Texture2D_4 (BGRA8, 16X16)
[2020.02.25-19.37.47:772][ 32]LogTexture: Display: Building textures: Texture2D_3 (BGRA8, 16X16)
[2020.02.25-19.37.47:772][ 32]LogTexture: Display: Building textures: Texture2D_32 (BGRA8, 16X16)
[2020.02.25-19.37.47:772][ 32]LogTexture: Display: Building textures: Texture2D_2 (BGRA8, 16X16)
[2020.02.25-19.37.47:772][ 32]LogTexture: Display: Building textures: Texture2D_34 (BGRA8, 16X16)
[2020.02.25-19.37.47:773][ 32]LogTexture: Display: Building textures: Texture2D_1 (BGRA8, 16X16)
[2020.02.25-19.37.47:773][ 32]LogPlayLevel: PIE: StaticDuplicateObject took: (0.181990s)
[2020.02.25-19.37.47:774][ 32]LogAIModule: Creating AISystem for world NewMapLevelWithTerrain
[2020.02.25-19.37.47:774][ 32]LogPlayLevel: PIE: World Init took: (0.001289s)
[2020.02.25-19.37.47:774][ 32]LogPlayLevel: PIE: Created PIE world by copying editor world from /Game/Maps/NewMapLevelWithTerrain.NewMapLevelWithTerrain to /Game/Maps/UEDPIE_0_NewMapLevelWithTerrain.NewMapLevelWithTerrain (0.183615s)
[2020.02.25-19.37.47:807][ 32]LogUObjectHash: Compacting FUObjectHashTables data took   2.55ms
[2020.02.25-19.37.47:809][ 32]LogAudioMixer: Display: Audio Mixer Platform Settings:
[2020.02.25-19.37.47:809][ 32]LogAudioMixer: Display: 	Sample Rate:						  48000
[2020.02.25-19.37.47:809][ 32]LogAudioMixer: Display: 	Callback Buffer Frame Size Requested: 1024
[2020.02.25-19.37.47:809][ 32]LogAudioMixer: Display: 	Callback Buffer Frame Size To Use:	  1024
[2020.02.25-19.37.47:809][ 32]LogAudioMixer: Display: 	Number of buffers to queue:			  2
[2020.02.25-19.37.47:809][ 32]LogAudioMixer: Display: 	Max Channels (voices):				  32
[2020.02.25-19.37.47:809][ 32]LogAudioMixer: Display: 	Number of Async Source Workers:		  0
[2020.02.25-19.37.47:809][ 32]LogAudio: Display: AudioDevice MaxSources: 32
[2020.02.25-19.37.47:810][ 32]LogAudio: Display: Using built-in audio occlusion.
[2020.02.25-19.37.47:810][ 32]LogAudioMixer: Display: Initializing audio mixer.
[2020.02.25-19.37.47:830][ 32]LogAudioMixer: Display: Audio Device Output Speaker Info:
[2020.02.25-19.37.47:830][ 32]LogAudioMixer: Display: Name: Headphones (Cirrus Logic CS8409 (AB 57))
[2020.02.25-19.37.47:830][ 32]LogAudioMixer: Display: Is Default: Yes
[2020.02.25-19.37.47:830][ 32]LogAudioMixer: Display: Sample Rate: 48000
[2020.02.25-19.37.47:830][ 32]LogAudioMixer: Display: Channel Count Used: 2
[2020.02.25-19.37.47:830][ 32]LogAudioMixer: Display: Device Channel Count: 2
[2020.02.25-19.37.47:830][ 32]LogAudioMixer: Display: Channel Order:
[2020.02.25-19.37.47:830][ 32]LogAudioMixer: Display: 0: FrontLeft
[2020.02.25-19.37.47:830][ 32]LogAudioMixer: Display: 1: FrontRight
[2020.02.25-19.37.47:854][ 32]LogAudioMixer: Display: Using Audio Device Headphones (Cirrus Logic CS8409 (AB 57))
[2020.02.25-19.37.47:856][ 32]LogInit: FAudioDevice initialized.
[2020.02.25-19.37.47:869][ 32]LogLoad: Game class is 'FirstPersonGameMode_C'
[2020.02.25-19.37.47:873][ 32]LogWorld: Bringing World /Game/Maps/UEDPIE_0_NewMapLevelWithTerrain.NewMapLevelWithTerrain up for play (max tick rate 60) at 2020.02.25-20.37.47
[2020.02.25-19.37.47:873][ 32]LogWorld: Bringing up level for play took: 0.002778
[2020.02.25-19.37.47:873][ 32]LogOnline: OSS: Creating online subsystem instance for: :Context_2
[2020.02.25-19.37.47:878][ 32]LogContentBrowser: Native class hierarchy updated for 'MovieSceneCapture' in 0.0004 seconds. Added 20 classes and 0 folders.
[2020.02.25-19.37.47:881][ 32]PIE: Play in editor start time for /Game/Maps/UEDPIE_0_NewMapLevelWithTerrain -0.138
[2020.02.25-19.37.49:233][110]LogShaderCompilers: Display: Worker (2/5): shaders left to compile 254
[2020.02.25-19.37.49:319][114]LogShaderCompilers: Display: Worker (3/5): shaders left to compile 244
[2020.02.25-19.37.49:700][137]LogShaderCompilers: Display: Worker (1/5): shaders left to compile 234
[2020.02.25-19.37.49:927][150]LogAudioMixer: Display: No commands were queued while flushing the source manager.
[2020.02.25-19.37.49:927][150]LogAudioMixer: Display: No commands were queued while flushing the source manager.
[2020.02.25-19.37.49:927][150]LogSlate: Updating window title bar state: overlay mode, drag disabled, window buttons hidden, title bar hidden
[2020.02.25-19.37.49:927][150]LogWorld: BeginTearingDown for /Game/Maps/UEDPIE_0_NewMapLevelWithTerrain
[2020.02.25-19.37.49:928][150]LogAudioMixer: Display: No commands were queued while flushing the source manager.
[2020.02.25-19.37.49:928][150]LogWorld: UWorld::CleanupWorld for NewMapLevelWithTerrain, bSessionEnded=true, bCleanupResources=true
[2020.02.25-19.37.49:929][150]LogSlate: InvalidateAllWidgets triggered.  All widgets were invalidated
[2020.02.25-19.37.49:938][150]LogPlayLevel: Display: Shutting down PIE online subsystems
[2020.02.25-19.37.49:943][150]LogSlate: InvalidateAllWidgets triggered.  All widgets were invalidated
[2020.02.25-19.37.49:976][150]LogAudioMixer: Display: No commands were queued while flushing the source manager.
[2020.02.25-19.37.49:980][150]LogShaderCompilers: Display: Worker (4/5): shaders left to compile 224
[2020.02.25-19.37.49:980][150]LogSlate: Updating window title bar state: overlay mode, drag disabled, window buttons hidden, title bar hidden
[2020.02.25-19.37.49:988][150]LogUObjectHash: Compacting FUObjectHashTables data took   2.90ms
[2020.02.25-19.37.50:028][152]LogPlayLevel: Display: Destroying online subsystem :Context_2
[2020.02.25-19.37.53:440][356]LogShaderCompilers: Display: Worker (2/5): shaders left to compile 214
[2020.02.25-19.37.53:772][376]LogShaderCompilers: Display: Worker (1/5): shaders left to compile 204
[2020.02.25-19.37.54:049][392]LogShaderCompilers: Display: Worker (3/5): shaders left to compile 194
[2020.02.25-19.37.54:608][426]LogShaderCompilers: Display: Worker (4/5): shaders left to compile 184
[2020.02.25-19.37.57:642][608]LogShaderCompilers: Display: Worker (2/5): shaders left to compile 174
[2020.02.25-19.37.58:375][652]LogShaderCompilers: Display: Worker (1/5): shaders left to compile 164
[2020.02.25-19.37.58:536][661]LogShaderCompilers: Display: Worker (3/5): shaders left to compile 154
[2020.02.25-19.37.59:011][690]LogShaderCompilers: Display: Worker (4/5): shaders left to compile 144
[2020.02.25-19.38.02:262][885]LogShaderCompilers: Display: Worker (2/5): shaders left to compile 134
[2020.02.25-19.38.02:528][901]LogShaderCompilers: Display: Worker (1/5): shaders left to compile 124
[2020.02.25-19.38.02:945][926]LogShaderCompilers: Display: Worker (3/5): shaders left to compile 114
[2020.02.25-19.38.03:255][944]LogShaderCompilers: Display: Worker (4/5): shaders left to compile 104
[2020.02.25-19.38.06:746][154]LogShaderCompilers: Display: Worker (2/5): shaders left to compile 94
[2020.02.25-19.38.06:796][157]LogShaderCompilers: Display: Worker (1/5): shaders left to compile 84
[2020.02.25-19.38.07:345][190]LogShaderCompilers: Display: Worker (3/5): shaders left to compile 74
[2020.02.25-19.38.07:880][222]LogShaderCompilers: Display: Worker (4/5): shaders left to compile 64
[2020.02.25-19.38.10:917][403]LogShaderCompilers: Display: Worker (2/5): shaders left to compile 54
[2020.02.25-19.38.11:508][439]LogShaderCompilers: Display: Worker (3/5): shaders left to compile 44
[2020.02.25-19.38.11:524][440]LogShaderCompilers: Display: Worker (1/5): shaders left to compile 34
[2020.02.25-19.38.12:491][498]LogShaderCompilers: Display: Worker (4/5): shaders left to compile 25
[2020.02.25-19.38.15:058][652]LogShaderCompilers: Display: Worker (2/5): shaders left to compile 18
[2020.02.25-19.38.15:375][671]LogShaderCompilers: Display: Worker (4/5): shaders left to compile 13
[2020.02.25-19.38.15:858][700]LogShaderCompilers: Display: Worker (1/5): shaders left to compile 9
[2020.02.25-19.38.16:243][723]LogShaderCompilers: Display: Worker (3/5): shaders left to compile 6
[2020.02.25-19.38.17:143][777]LogShaderCompilers: Display: Worker (4/5): shaders left to compile 4
[2020.02.25-19.38.17:309][787]LogShaderCompilers: Display: Worker (1/5): shaders left to compile 2
[2020.02.25-19.38.17:377][791]LogShaderCompilers: Display: Worker (2/5): shaders left to compile 1
[2020.02.25-19.38.51:953][856]LogUObjectHash: Compacting FUObjectHashTables data took   1.80ms
[2020.02.25-19.38.51:968][856]LogTexture: Display: Building textures: Texture2D_22 (BGRA8, 16X16)
[2020.02.25-19.38.51:968][856]LogTexture: Display: Building textures: Texture2D_1 (BGRA8, 16X16)
[2020.02.25-19.38.51:969][856]LogTexture: Display: Building textures: Texture2D_17 (BGRA8, 16X16)
[2020.02.25-19.38.51:969][856]LogTexture: Display: Building textures: Texture2D_6 (BGRA8, 16X16)
[2020.02.25-19.38.51:970][856]LogTexture: Display: Building textures: Texture2D_9 (BGRA8, 16X16)
[2020.02.25-19.38.51:970][856]LogTexture: Display: Building textures: Texture2D_12 (BGRA8, 16X16)
[2020.02.25-19.38.51:971][856]LogTexture: Display: Building textures: Texture2D_15 (BGRA8, 16X16)
[2020.02.25-19.38.51:971][856]LogTexture: Display: Building textures: Texture2D_16 (BGRA8, 16X16)
[2020.02.25-19.38.51:971][856]LogTexture: Display: Building textures: Texture2D_21 (BGRA8, 16X16)
[2020.02.25-19.38.51:972][856]LogTexture: Display: Building textures: Texture2D_30 (BGRA8, 16X16)
[2020.02.25-19.38.51:972][856]LogTexture: Display: Building textures: Texture2D_34 (BGRA8, 16X16)
[2020.02.25-19.38.51:973][856]LogTexture: Display: Building textures: Texture2D_2 (BGRA8, 16X16)
[2020.02.25-19.38.51:973][856]LogTexture: Display: Building textures: Texture2D_5 (BGRA8, 16X16)
[2020.02.25-19.38.51:974][856]LogTexture: Display: Building textures: Texture2D_31 (BGRA8, 16X16)
[2020.02.25-19.38.51:974][856]LogTexture: Display: Building textures: Texture2D_32 (BGRA8, 16X16)
[2020.02.25-19.38.51:975][856]LogTexture: Display: Building textures: Texture2D_3 (BGRA8, 16X16)
[2020.02.25-19.38.51:975][856]LogTexture: Display: Building textures: Texture2D_4 (BGRA8, 16X16)
[2020.02.25-19.38.51:975][856]LogTexture: Display: Building textures: Texture2D_35 (BGRA8, 16X16)
[2020.02.25-19.38.51:976][856]LogTexture: Display: Building textures: Texture2D_33 (BGRA8, 16X16)
[2020.02.25-19.38.51:976][856]LogTexture: Display: Building textures: Texture2D_27 (BGRA8, 16X16)
[2020.02.25-19.38.51:977][856]LogTexture: Display: Building textures: Texture2D_26 (BGRA8, 16X16)
[2020.02.25-19.38.51:977][856]LogTexture: Display: Building textures: Texture2D_7 (BGRA8, 16X16)
[2020.02.25-19.38.51:978][856]LogTexture: Display: Building textures: Texture2D_24 (BGRA8, 16X16)
[2020.02.25-19.38.51:978][856]LogTexture: Display: Building textures: Texture2D_25 (BGRA8, 16X16)
[2020.02.25-19.38.51:979][856]LogTexture: Display: Building textures: Texture2D_8 (BGRA8, 16X16)
[2020.02.25-19.38.51:979][856]LogTexture: Display: Building textures: Texture2D_19 (BGRA8, 16X16)
[2020.02.25-19.38.51:980][856]LogTexture: Display: Building textures: Texture2D_23 (BGRA8, 16X16)
[2020.02.25-19.38.51:980][856]LogTexture: Display: Building textures: Texture2D_10 (BGRA8, 16X16)
[2020.02.25-19.38.51:980][856]LogTexture: Display: Building textures: Texture2D_11 (BGRA8, 16X16)
[2020.02.25-19.38.51:980][856]LogTexture: Display: Building textures: Texture2D_28 (BGRA8, 16X16)
[2020.02.25-19.38.51:981][856]LogTexture: Display: Building textures: Texture2D_20 (BGRA8, 16X16)
[2020.02.25-19.38.51:981][856]LogTexture: Display: Building textures: Texture2D_18 (BGRA8, 16X16)
[2020.02.25-19.38.51:982][856]LogTexture: Display: Building textures: Texture2D_13 (BGRA8, 16X16)
[2020.02.25-19.38.51:982][856]LogTexture: Display: Building textures: Texture2D_14 (BGRA8, 16X16)
[2020.02.25-19.38.51:982][856]LogTexture: Display: Building textures: Texture2D_29 (BGRA8, 16X16)
[2020.02.25-19.38.52:165][856]LogSavePackage: Moving '../../../../../../Users/Alba Samaranch/Documents/GitHub/TheDoors2/TheDoors2/Saved/NewMapLevelWithTerrainD58B023847EF4F2EA656798E77394522.tmp' to '../../../../../../Users/Alba Samaranch/Documents/GitHub/TheDoors2/TheDoors2/Content/Maps/NewMapLevelWithTerrain.umap'
[2020.02.25-19.38.52:254][856]LogSavePackage: Moving '../../../../../../Users/Alba Samaranch/Documents/GitHub/TheDoors2/TheDoors2/Saved/NewMapLevelWithTerrain_BuiltDataB8A24B10426A2D242CCD6E867DD3E5EC.tmp' to '../../../../../../Users/Alba Samaranch/Documents/GitHub/TheDoors2/TheDoors2/Content/Maps/NewMapLevelWithTerrain_BuiltData.uasset'
[2020.02.25-19.38.52:270][856]AssetCheck: New page: Asset Save: multiple assets
[2020.02.25-19.38.52:270][856]LogContentValidation: Display: Validating World /Game/Maps/NewMapLevelWithTerrain.NewMapLevelWithTerrain
[2020.02.25-19.38.52:270][856]LogContentValidation: Display: Validating MapBuildDataRegistry /Game/Maps/NewMapLevelWithTerrain_BuiltData.NewMapLevelWithTerrain_BuiltData
