Log file open, 02/29/20 04:55:09
LogWindows: Failed to load 'aqProf.dll' (GetLastError=126)
LogWindows: File 'aqProf.dll' does not exist
LogWindows: Failed to load 'VtuneApi.dll' (GetLastError=126)
LogWindows: File 'VtuneApi.dll' does not exist
LogWindows: Failed to load 'VtuneApi32e.dll' (GetLastError=126)
LogWindows: File 'VtuneApi32e.dll' does not exist
LogConsoleResponse: Display: Failed to find resolution value strings in scalability ini. Falling back to default.
LogInit: Display: Running engine for game: TheDoors2
LogPlatformFile: Not using cached read wrapper
LogTaskGraph: Started task graph with 5 named threads and 23 total threads with 3 sets of task threads.
LogStats: Stats thread started at 0.077796
LogD3D11RHI: Loaded GFSDK_Aftermath_Lib.x64.dll
LogICUInternationalization: ICU TimeZone Detection - Raw Offset: +1:00, Platform Override: ''
LogPluginManager: Mounting plugin Paper2D
LogPluginManager: Mounting plugin AISupport
LogPluginManager: Mounting plugin LightPropagationVolume
LogPluginManager: Mounting plugin ActorLayerUtilities
LogPluginManager: Mounting plugin AnimationSharing
LogPluginManager: Mounting plugin CLionSourceCodeAccess
LogPluginManager: Mounting plugin CodeLiteSourceCodeAccess
LogPluginManager: Mounting plugin GitSourceControl
LogPluginManager: Mounting plugin KDevelopSourceCodeAccess
LogPluginManager: Mounting plugin NullSourceCodeAccess
LogPluginManager: Mounting plugin PerforceSourceControl
LogPluginManager: Mounting plugin PlasticSourceControl
LogPluginManager: Mounting plugin SubversionSourceControl
LogPluginManager: Mounting plugin UObjectPlugin
LogPluginManager: Mounting plugin VisualStudioCodeSourceCodeAccess
LogPluginManager: Mounting plugin VisualStudioSourceCodeAccess
LogPluginManager: Mounting plugin XCodeSourceCodeAccess
LogPluginManager: Mounting plugin AssetManagerEditor
LogPluginManager: Mounting plugin CryptoKeys
LogPluginManager: Mounting plugin CurveEditorTools
LogPluginManager: Mounting plugin DataValidation
LogPluginManager: Mounting plugin FacialAnimation
LogPluginManager: Mounting plugin GameplayTagsEditor
LogPluginManager: Mounting plugin MacGraphicsSwitching
LogPluginManager: Mounting plugin MaterialAnalyzer
LogPluginManager: Mounting plugin MobileLauncherProfileWizard
LogPluginManager: Mounting plugin PluginBrowser
LogPluginManager: Mounting plugin SpeedTreeImporter
LogPluginManager: Mounting plugin DatasmithContent
LogPluginManager: Mounting plugin VariantManagerContent
LogPluginManager: Mounting plugin AlembicImporter
LogPluginManager: Mounting plugin AutomationUtils
LogPluginManager: Mounting plugin BackChannel
LogPluginManager: Mounting plugin CharacterAI
LogPluginManager: Mounting plugin GeometryCache
LogPluginManager: Mounting plugin PlatformCrypto
LogPluginManager: Mounting plugin ProxyLODPlugin
LogPluginManager: Mounting plugin SkeletalReduction
LogPluginManager: Mounting plugin MagicLeap
LogPluginManager: Mounting plugin MagicLeapMedia
LogPluginManager: Mounting plugin MLSDK
LogPluginManager: Mounting plugin AndroidMedia
LogPluginManager: Mounting plugin AvfMedia
LogPluginManager: Mounting plugin ImgMedia
LogPluginManager: Mounting plugin MediaCompositing
LogPluginManager: Mounting plugin MediaPlayerEditor
LogPluginManager: Mounting plugin WebMMedia
LogPluginManager: Mounting plugin WmfMedia
LogPluginManager: Mounting plugin TcpMessaging
LogPluginManager: Mounting plugin UdpMessaging
LogPluginManager: Mounting plugin ActorSequence
LogPluginManager: Mounting plugin LevelSequenceEditor
LogPluginManager: Mounting plugin MatineeToLevelSequence
LogPluginManager: Mounting plugin NetcodeUnitTest
LogPluginManager: Mounting plugin NUTUnrealEngine4
LogPluginManager: Mounting plugin OnlineSubsystemGooglePlay
LogPluginManager: Mounting plugin OnlineSubsystemIOS
LogPluginManager: Mounting plugin OnlineSubsystem
LogPluginManager: Mounting plugin OnlineSubsystemNull
LogPluginManager: Mounting plugin OnlineSubsystemUtils
LogPluginManager: Mounting plugin LauncherChunkInstaller
LogPluginManager: Mounting plugin AndroidDeviceProfileSelector
LogPluginManager: Mounting plugin AndroidMoviePlayer
LogPluginManager: Mounting plugin AndroidPermission
LogPluginManager: Mounting plugin AppleImageUtils
LogPluginManager: Mounting plugin AppleMoviePlayer
LogPluginManager: Mounting plugin ArchVisCharacter
LogPluginManager: Mounting plugin AssetTags
LogPluginManager: Mounting plugin AudioCapture
LogPluginManager: Mounting plugin CableComponent
LogPluginManager: Mounting plugin CustomMeshComponent
LogPluginManager: Mounting plugin EditableMesh
LogPluginManager: Mounting plugin ExampleDeviceProfileSelector
LogPluginManager: Mounting plugin GoogleCloudMessaging
LogPluginManager: Mounting plugin IOSDeviceProfileSelector
LogPluginManager: Mounting plugin LinuxDeviceProfileSelector
LogPluginManager: Mounting plugin LocationServicesBPLibrary
LogPluginManager: Mounting plugin MobilePatchingUtils
LogPluginManager: Mounting plugin OculusVR
LogPluginManager: Mounting plugin PhysXVehicles
LogPluginManager: Mounting plugin PostSplashScreen
LogPluginManager: Mounting plugin ProceduralMeshComponent
LogPluginManager: Mounting plugin RuntimePhysXCooking
LogPluginManager: Mounting plugin SignificanceManager
LogPluginManager: Mounting plugin SteamVR
LogPluginManager: Mounting plugin WebMMoviePlayer
LogPluginManager: Mounting plugin WindowsMoviePlayer
LogPluginManager: Mounting plugin ScreenshotTools
LogInit: Using libcurl 7.55.1-DEV
LogInit:  - built for x86_64-pc-win32
LogInit:  - supports SSL with OpenSSL/1.1.1
LogInit:  - supports HTTP deflate (compression) using libz 1.2.8
LogInit:  - other features:
LogInit:      CURL_VERSION_SSL
LogInit:      CURL_VERSION_LIBZ
LogInit:      CURL_VERSION_IPV6
LogInit:      CURL_VERSION_ASYNCHDNS
LogInit:      CURL_VERSION_LARGEFILE
LogInit:      CURL_VERSION_IDN
LogInit:  CurlRequestOptions (configurable via config and command line):
LogInit:  - bVerifyPeer = true  - Libcurl will verify peer certificate
LogInit:  - bUseHttpProxy = false  - Libcurl will NOT use HTTP proxy
LogInit:  - bDontReuseConnections = false  - Libcurl will reuse connections
LogInit:  - MaxHostConnections = 16  - Libcurl will limit the number of connections to a host
LogInit:  - LocalHostAddr = Default
LogInit:  - BufferSize = 65536
LogOnline: OSS: Creating online subsystem instance for: NULL
LogInit: WinSock: version 1.1 (2.2), MaxSocks=32767, MaxUdp=65467
LogOnline: OSS: TryLoadSubsystemAndSetDefault: Loaded subsystem for module [NULL]
LogInit: Build: ++UE4+Release-4.24-CL-11100242
LogInit: Engine Version: 4.24.2-11100242+++UE4+Release-4.24
LogInit: Compatible Engine Version: 4.24.0-10570792+++UE4+Release-4.24
LogInit: Net CL: 10570792
LogInit: OS: Windows 10 (Release 1903) (), CPU: Intel(R) Core(TM) i7-7700HQ CPU @ 2.80GHz, GPU: Intel(R) HD Graphics 630
LogInit: Compiled (64-bit): Jan 24 2020 02:05:53
LogInit: Compiled with Visual C++: 19.16.27032.01
LogInit: Build Configuration: Development
LogInit: Branch Name: ++UE4+Release-4.24
LogInit: Command Line: 
LogInit: Base Directory: D:/Epic Games/UE_4.24/Engine/Binaries/Win64/
LogInit: Installed Engine Build: 1
LogDevObjectVersion: Number of dev versions registered: 25
LogDevObjectVersion:   Dev-Blueprints (B0D832E4-1F89-4F0D-ACCF-7EB736FD4AA2): 10
LogDevObjectVersion:   Dev-Build (E1C64328-A22C-4D53-A36C-8E866417BD8C): 0
LogDevObjectVersion:   Dev-Core (375EC13C-06E4-48FB-B500-84F0262A717E): 3
LogDevObjectVersion:   Dev-Editor (E4B068ED-F494-42E9-A231-DA0B2E46BB41): 37
LogDevObjectVersion:   Dev-Framework (CFFC743F-43B0-4480-9391-14DF171D2073): 36
LogDevObjectVersion:   Dev-Mobile (B02B49B5-BB20-44E9-A304-32B752E40360): 2
LogDevObjectVersion:   Dev-Networking (A4E4105C-59A1-49B5-A7C5-40C4547EDFEE): 0
LogDevObjectVersion:   Dev-Online (39C831C9-5AE6-47DC-9A44-9C173E1C8E7C): 0
LogDevObjectVersion:   Dev-Physics (78F01B33-EBEA-4F98-B9B4-84EACCB95AA2): 2
LogDevObjectVersion:   Dev-Platform (6631380F-2D4D-43E0-8009-CF276956A95A): 0
LogDevObjectVersion:   Dev-Rendering (12F88B9F-8875-4AFC-A67C-D90C383ABD29): 36
LogDevObjectVersion:   Dev-Sequencer (7B5AE74C-D270-4C10-A958-57980B212A5A): 11
LogDevObjectVersion:   Dev-VR (D7296918-1DD6-4BDD-9DE2-64A83CC13884): 2
LogDevObjectVersion:   Dev-LoadTimes (C2A15278-BFE7-4AFE-6C17-90FF531DF755): 1
LogDevObjectVersion:   Private-Geometry (6EACA3D4-40EC-4CC1-B786-8BED09428FC5): 3
LogDevObjectVersion:   Dev-AnimPhys (29E575DD-E0A3-4627-9D10-D276232CDCEA): 17
LogDevObjectVersion:   Dev-Anim (AF43A65D-7FD3-4947-9873-3E8ED9C1BB05): 2
LogDevObjectVersion:   Dev-ReflectionCapture (6B266CEC-1EC7-4B8F-A30B-E4D90942FC07): 1
LogDevObjectVersion:   Dev-Automation (0DF73D61-A23F-47EA-B727-89E90C41499A): 1
LogDevObjectVersion:   FortniteMain (601D1886-AC64-4F84-AA16-D3DE0DEAC7D6): 31
LogDevObjectVersion:   Dev-Enterprise (9DFFBCD6-494F-0158-E221-12823C92A888): 8
LogDevObjectVersion:   Dev-Niagara (F2AED0AC-9AFE-416F-8664-AA7FFA26D6FC): 1
LogDevObjectVersion:   Dev-Destruction (174F1F0B-B4C6-45A5-B13F-2EE8D0FB917D): 9
LogDevObjectVersion:   Dev-Physics-Ext (35F94A83-E258-406C-A318-09F59610247C): 8
LogDevObjectVersion:   Dev-CineCamera (B2E18506-4273-CFC2-A54E-F4BB758BBA07): 1
LogInit: Presizing for max 25165824 objects, including 0 objects not considered by GC, pre-allocating 0 bytes for permanent pool.
LogInit: Object subsystem initialized
LogConfig: Setting CVar [[con.DebugEarlyDefault:1]]
LogConfig: Setting CVar [[r.setres:1280x720]]
[2020.02.29-03.55.09:690][  0]LogConfig: Setting CVar [[r.VSync:0]]
[2020.02.29-03.55.09:690][  0]LogConfig: Setting CVar [[r.RHICmdBypass:0]]
[2020.02.29-03.55.09:690][  0]LogConfig: Applying CVar settings from Section [/Script/Engine.RendererSettings] File [C:/Users/Azazel/Documents/GitHub/TheDoors2/TheDoors2/Saved/Config/Windows/Engine.ini]
[2020.02.29-03.55.09:690][  0]LogConfig: Setting CVar [[r.GPUCrashDebugging:0]]
[2020.02.29-03.55.09:690][  0]LogConfig: Applying CVar settings from Section [/Script/Engine.RendererOverrideSettings] File [C:/Users/Azazel/Documents/GitHub/TheDoors2/TheDoors2/Saved/Config/Windows/Engine.ini]
[2020.02.29-03.55.09:690][  0]LogConfig: Applying CVar settings from Section [/Script/Engine.StreamingSettings] File [C:/Users/Azazel/Documents/GitHub/TheDoors2/TheDoors2/Saved/Config/Windows/Engine.ini]
[2020.02.29-03.55.09:690][  0]LogConfig: Setting CVar [[s.MinBulkDataSizeForAsyncLoading:131072]]
[2020.02.29-03.55.09:690][  0]LogConfig: Setting CVar [[s.AsyncLoadingThreadEnabled:0]]
[2020.02.29-03.55.09:690][  0]LogConfig: Setting CVar [[s.EventDrivenLoaderEnabled:1]]
[2020.02.29-03.55.09:690][  0]LogConfig: Setting CVar [[s.WarnIfTimeLimitExceeded:0]]
[2020.02.29-03.55.09:690][  0]LogConfig: Setting CVar [[s.TimeLimitExceededMultiplier:1.5]]
[2020.02.29-03.55.09:690][  0]LogConfig: Setting CVar [[s.TimeLimitExceededMinTime:0.005]]
[2020.02.29-03.55.09:690][  0]LogConfig: Setting CVar [[s.UseBackgroundLevelStreaming:1]]
[2020.02.29-03.55.09:690][  0]LogConfig: Setting CVar [[s.PriorityAsyncLoadingExtraTime:15.0]]
[2020.02.29-03.55.09:690][  0]LogConfig: Setting CVar [[s.LevelStreamingActorsUpdateTimeLimit:5.0]]
[2020.02.29-03.55.09:690][  0]LogConfig: Setting CVar [[s.PriorityLevelStreamingActorsUpdateExtraTime:5.0]]
[2020.02.29-03.55.09:690][  0]LogConfig: Setting CVar [[s.LevelStreamingComponentsRegistrationGranularity:10]]
[2020.02.29-03.55.09:690][  0]LogConfig: Setting CVar [[s.UnregisterComponentsTimeLimit:1.0]]
[2020.02.29-03.55.09:690][  0]LogConfig: Setting CVar [[s.LevelStreamingComponentsUnregistrationGranularity:5]]
[2020.02.29-03.55.09:690][  0]LogConfig: Setting CVar [[s.FlushStreamingOnExit:1]]
[2020.02.29-03.55.09:690][  0]LogConfig: Applying CVar settings from Section [/Script/Engine.GarbageCollectionSettings] File [C:/Users/Azazel/Documents/GitHub/TheDoors2/TheDoors2/Saved/Config/Windows/Engine.ini]
[2020.02.29-03.55.09:690][  0]LogConfig: Setting CVar [[gc.MaxObjectsNotConsideredByGC:1]]
[2020.02.29-03.55.09:690][  0]LogConfig: Setting CVar [[gc.SizeOfPermanentObjectPool:0]]
[2020.02.29-03.55.09:690][  0]LogConfig: Setting CVar [[gc.FlushStreamingOnGC:0]]
[2020.02.29-03.55.09:690][  0]LogConfig: Setting CVar [[gc.NumRetriesBeforeForcingGC:10]]
[2020.02.29-03.55.09:690][  0]LogConfig: Setting CVar [[gc.AllowParallelGC:1]]
[2020.02.29-03.55.09:690][  0]LogConfig: Setting CVar [[gc.TimeBetweenPurgingPendingKillObjects:61.1]]
[2020.02.29-03.55.09:690][  0]LogConfig: Setting CVar [[gc.MaxObjectsInEditor:25165824]]
[2020.02.29-03.55.09:690][  0]LogConfig: Setting CVar [[gc.IncrementalBeginDestroyEnabled:1]]
[2020.02.29-03.55.09:690][  0]LogConfig: Setting CVar [[gc.CreateGCClusters:1]]
[2020.02.29-03.55.09:690][  0]LogConfig: Setting CVar [[gc.MinGCClusterSize:5]]
[2020.02.29-03.55.09:690][  0]LogConfig: Setting CVar [[gc.ActorClusteringEnabled:0]]
[2020.02.29-03.55.09:690][  0]LogConfig: Setting CVar [[gc.BlueprintClusteringEnabled:0]]
[2020.02.29-03.55.09:690][  0]LogConfig: Setting CVar [[gc.UseDisregardForGCOnDedicatedServers:0]]
[2020.02.29-03.55.09:690][  0]LogConfig: Applying CVar settings from Section [/Script/Engine.NetworkSettings] File [C:/Users/Azazel/Documents/GitHub/TheDoors2/TheDoors2/Saved/Config/Windows/Engine.ini]
[2020.02.29-03.55.09:690][  0]LogConfig: Applying CVar settings from Section [/Script/UnrealEd.CookerSettings] File [C:/Users/Azazel/Documents/GitHub/TheDoors2/TheDoors2/Saved/Config/Windows/Engine.ini]
[2020.02.29-03.55.09:695][  0]LogConfig: Applying CVar settings from Section [ViewDistanceQuality@3] File [C:/Users/Azazel/Documents/GitHub/TheDoors2/TheDoors2/Saved/Config/Windows/Scalability.ini]
[2020.02.29-03.55.09:695][  0]LogConfig: Setting CVar [[r.SkeletalMeshLODBias:0]]
[2020.02.29-03.55.09:695][  0]LogConfig: Setting CVar [[r.ViewDistanceScale:1.0]]
[2020.02.29-03.55.09:695][  0]LogConfig: Applying CVar settings from Section [AntiAliasingQuality@3] File [C:/Users/Azazel/Documents/GitHub/TheDoors2/TheDoors2/Saved/Config/Windows/Scalability.ini]
[2020.02.29-03.55.09:695][  0]LogConfig: Setting CVar [[r.PostProcessAAQuality:4]]
[2020.02.29-03.55.09:695][  0]LogConfig: Applying CVar settings from Section [ShadowQuality@3] File [C:/Users/Azazel/Documents/GitHub/TheDoors2/TheDoors2/Saved/Config/Windows/Scalability.ini]
[2020.02.29-03.55.09:695][  0]LogConfig: Setting CVar [[r.LightFunctionQuality:1]]
[2020.02.29-03.55.09:695][  0]LogConfig: Setting CVar [[r.ShadowQuality:5]]
[2020.02.29-03.55.09:695][  0]LogConfig: Setting CVar [[r.Shadow.CSM.MaxCascades:10]]
[2020.02.29-03.55.09:695][  0]LogConfig: Setting CVar [[r.Shadow.MaxResolution:2048]]
[2020.02.29-03.55.09:695][  0]LogConfig: Setting CVar [[r.Shadow.MaxCSMResolution:2048]]
[2020.02.29-03.55.09:695][  0]LogConfig: Setting CVar [[r.Shadow.RadiusThreshold:0.01]]
[2020.02.29-03.55.09:695][  0]LogConfig: Setting CVar [[r.Shadow.DistanceScale:1.0]]
[2020.02.29-03.55.09:695][  0]LogConfig: Setting CVar [[r.Shadow.CSM.TransitionScale:1.0]]
[2020.02.29-03.55.09:695][  0]LogConfig: Setting CVar [[r.Shadow.PreShadowResolutionFactor:1.0]]
[2020.02.29-03.55.09:695][  0]LogConfig: Setting CVar [[r.DistanceFieldShadowing:1]]
[2020.02.29-03.55.09:695][  0]LogConfig: Setting CVar [[r.DistanceFieldAO:1]]
[2020.02.29-03.55.09:695][  0]LogConfig: Setting CVar [[r.AOQuality:2]]
[2020.02.29-03.55.09:695][  0]LogConfig: Setting CVar [[r.VolumetricFog:1]]
[2020.02.29-03.55.09:695][  0]LogConfig: Setting CVar [[r.VolumetricFog.GridPixelSize:8]]
[2020.02.29-03.55.09:695][  0]LogConfig: Setting CVar [[r.VolumetricFog.GridSizeZ:128]]
[2020.02.29-03.55.09:695][  0]LogConfig: Setting CVar [[r.VolumetricFog.HistoryMissSupersampleCount:4]]
[2020.02.29-03.55.09:695][  0]LogConfig: Setting CVar [[r.LightMaxDrawDistanceScale:1]]
[2020.02.29-03.55.09:695][  0]LogConfig: Setting CVar [[r.CapsuleShadows:1]]
[2020.02.29-03.55.09:695][  0]LogConfig: Applying CVar settings from Section [PostProcessQuality@3] File [C:/Users/Azazel/Documents/GitHub/TheDoors2/TheDoors2/Saved/Config/Windows/Scalability.ini]
[2020.02.29-03.55.09:695][  0]LogConfig: Setting CVar [[r.MotionBlurQuality:4]]
[2020.02.29-03.55.09:695][  0]LogConfig: Setting CVar [[r.AmbientOcclusionMipLevelFactor:0.4]]
[2020.02.29-03.55.09:695][  0]LogConfig: Setting CVar [[r.AmbientOcclusionMaxQuality:100]]
[2020.02.29-03.55.09:695][  0]LogConfig: Setting CVar [[r.AmbientOcclusionLevels:-1]]
[2020.02.29-03.55.09:695][  0]LogConfig: Setting CVar [[r.AmbientOcclusionRadiusScale:1.0]]
[2020.02.29-03.55.09:695][  0]LogConfig: Setting CVar [[r.DepthOfFieldQuality:2]]
[2020.02.29-03.55.09:695][  0]LogConfig: Setting CVar [[r.RenderTargetPoolMin:400]]
[2020.02.29-03.55.09:695][  0]LogConfig: Setting CVar [[r.LensFlareQuality:2]]
[2020.02.29-03.55.09:695][  0]LogConfig: Setting CVar [[r.SceneColorFringeQuality:1]]
[2020.02.29-03.55.09:695][  0]LogConfig: Setting CVar [[r.EyeAdaptationQuality:2]]
[2020.02.29-03.55.09:695][  0]LogConfig: Setting CVar [[r.BloomQuality:5]]
[2020.02.29-03.55.09:695][  0]LogConfig: Setting CVar [[r.FastBlurThreshold:100]]
[2020.02.29-03.55.09:695][  0]LogConfig: Setting CVar [[r.Upscale.Quality:3]]
[2020.02.29-03.55.09:695][  0]LogConfig: Setting CVar [[r.Tonemapper.GrainQuantization:1]]
[2020.02.29-03.55.09:695][  0]LogConfig: Setting CVar [[r.LightShaftQuality:1]]
[2020.02.29-03.55.09:695][  0]LogConfig: Setting CVar [[r.Filter.SizeScale:1]]
[2020.02.29-03.55.09:695][  0]LogConfig: Setting CVar [[r.Tonemapper.Quality:5]]
[2020.02.29-03.55.09:695][  0]LogConfig: Setting CVar [[r.DOF.Gather.AccumulatorQuality:1        ; higher gathering accumulator quality]]
[2020.02.29-03.55.09:695][  0]LogConfig: Setting CVar [[r.DOF.Gather.PostfilterMethod:1          ; Median3x3 postfilering method]]
[2020.02.29-03.55.09:695][  0]LogConfig: Setting CVar [[r.DOF.Gather.EnableBokehSettings:0       ; no bokeh simulation when gathering]]
[2020.02.29-03.55.09:695][  0]LogConfig: Setting CVar [[r.DOF.Gather.RingCount:4                 ; medium number of samples when gathering]]
[2020.02.29-03.55.09:695][  0]LogConfig: Setting CVar [[r.DOF.Scatter.ForegroundCompositing:1    ; additive foreground scattering]]
[2020.02.29-03.55.09:696][  0]LogConfig: Setting CVar [[r.DOF.Scatter.BackgroundCompositing:2    ; additive background scattering]]
[2020.02.29-03.55.09:696][  0]LogConfig: Setting CVar [[r.DOF.Scatter.EnableBokehSettings:1      ; bokeh simulation when scattering]]
[2020.02.29-03.55.09:696][  0]LogConfig: Setting CVar [[r.DOF.Scatter.MaxSpriteRatio:0.1         ; only a maximum of 10% of scattered bokeh]]
[2020.02.29-03.55.09:696][  0]LogConfig: Setting CVar [[r.DOF.Recombine.Quality:1                ; cheap slight out of focus]]
[2020.02.29-03.55.09:696][  0]LogConfig: Setting CVar [[r.DOF.Recombine.EnableBokehSettings:0    ; no bokeh simulation on slight out of focus]]
[2020.02.29-03.55.09:696][  0]LogConfig: Setting CVar [[r.DOF.TemporalAAQuality:1                ; more stable temporal accumulation]]
[2020.02.29-03.55.09:696][  0]LogConfig: Setting CVar [[r.DOF.Kernel.MaxForegroundRadius:0.025]]
[2020.02.29-03.55.09:696][  0]LogConfig: Setting CVar [[r.DOF.Kernel.MaxBackgroundRadius:0.025]]
[2020.02.29-03.55.09:696][  0]LogConfig: Applying CVar settings from Section [TextureQuality@3] File [C:/Users/Azazel/Documents/GitHub/TheDoors2/TheDoors2/Saved/Config/Windows/Scalability.ini]
[2020.02.29-03.55.09:696][  0]LogConfig: Setting CVar [[r.Streaming.MipBias:0]]
[2020.02.29-03.55.09:696][  0]LogConfig: Setting CVar [[r.Streaming.AmortizeCPUToGPUCopy:0]]
[2020.02.29-03.55.09:696][  0]LogConfig: Setting CVar [[r.Streaming.MaxNumTexturesToStreamPerFrame:0]]
[2020.02.29-03.55.09:696][  0]LogConfig: Setting CVar [[r.Streaming.Boost:1]]
[2020.02.29-03.55.09:696][  0]LogConfig: Setting CVar [[r.MaxAnisotropy:8]]
[2020.02.29-03.55.09:696][  0]LogConfig: Setting CVar [[r.VT.MaxAnisotropy:8]]
[2020.02.29-03.55.09:696][  0]LogConfig: Setting CVar [[r.Streaming.LimitPoolSizeToVRAM:0]]
[2020.02.29-03.55.09:696][  0]LogConfig: Setting CVar [[r.Streaming.PoolSize:1000]]
[2020.02.29-03.55.09:696][  0]LogConfig: Setting CVar [[r.Streaming.MaxEffectiveScreenSize:0]]
[2020.02.29-03.55.09:696][  0]LogConfig: Applying CVar settings from Section [EffectsQuality@3] File [C:/Users/Azazel/Documents/GitHub/TheDoors2/TheDoors2/Saved/Config/Windows/Scalability.ini]
[2020.02.29-03.55.09:696][  0]LogConfig: Setting CVar [[r.TranslucencyLightingVolumeDim:64]]
[2020.02.29-03.55.09:696][  0]LogConfig: Setting CVar [[r.RefractionQuality:2]]
[2020.02.29-03.55.09:696][  0]LogConfig: Setting CVar [[r.SSR.Quality:3]]
[2020.02.29-03.55.09:696][  0]LogConfig: Setting CVar [[r.SSR.HalfResSceneColor:0]]
[2020.02.29-03.55.09:696][  0]LogConfig: Setting CVar [[r.SceneColorFormat:4]]
[2020.02.29-03.55.09:696][  0]LogConfig: Setting CVar [[r.DetailMode:2]]
[2020.02.29-03.55.09:696][  0]LogConfig: Setting CVar [[r.TranslucencyVolumeBlur:1]]
[2020.02.29-03.55.09:696][  0]LogConfig: Setting CVar [[r.MaterialQualityLevel:1 ; High quality]]
[2020.02.29-03.55.09:696][  0]LogConfig: Setting CVar [[r.SSS.Scale:1]]
[2020.02.29-03.55.09:696][  0]LogConfig: Setting CVar [[r.SSS.SampleSet:2]]
[2020.02.29-03.55.09:696][  0]LogConfig: Setting CVar [[r.SSS.Quality:1]]
[2020.02.29-03.55.09:696][  0]LogConfig: Setting CVar [[r.SSS.HalfRes:1]]
[2020.02.29-03.55.09:696][  0]LogConfig: Setting CVar [[r.SSGI.Quality:3]]
[2020.02.29-03.55.09:696][  0]LogConfig: Setting CVar [[r.EmitterSpawnRateScale:1.0]]
[2020.02.29-03.55.09:696][  0]LogConfig: Setting CVar [[r.ParticleLightQuality:2]]
[2020.02.29-03.55.09:696][  0]LogConfig: Setting CVar [[r.SkyAtmosphere.AerialPerspectiveLUT.FastApplyOnOpaque:1 ; Always have FastSkyLUT 1 in this case to avoid wrong sky]]
[2020.02.29-03.55.09:696][  0]LogConfig: Setting CVar [[r.SkyAtmosphere.AerialPerspectiveLUT.SampleCountPerSlice:1]]
[2020.02.29-03.55.09:696][  0]LogConfig: Setting CVar [[r.SkyAtmosphere.AerialPerspectiveLUT.DepthResolution:16.0]]
[2020.02.29-03.55.09:696][  0]LogConfig: Setting CVar [[r.SkyAtmosphere.FastSkyLUT:1]]
[2020.02.29-03.55.09:696][  0]LogConfig: Setting CVar [[r.SkyAtmosphere.FastSkyLUT.SampleCountMin:4.0]]
[2020.02.29-03.55.09:696][  0]LogConfig: Setting CVar [[r.SkyAtmosphere.FastSkyLUT.SampleCountMax:32.0]]
[2020.02.29-03.55.09:696][  0]LogConfig: Setting CVar [[r.SkyAtmosphere.SampleCountMin:4.0]]
[2020.02.29-03.55.09:696][  0]LogConfig: Setting CVar [[r.SkyAtmosphere.SampleCountMax:32.0]]
[2020.02.29-03.55.09:696][  0]LogConfig: Setting CVar [[r.SkyAtmosphere.TransmittanceLUT.UseSmallFormat:0]]
[2020.02.29-03.55.09:696][  0]LogConfig: Setting CVar [[r.SkyAtmosphere.TransmittanceLUT.SampleCount:10.0]]
[2020.02.29-03.55.09:696][  0]LogConfig: Setting CVar [[r.SkyAtmosphere.MultiScatteringLUT.SampleCount:15.0]]
[2020.02.29-03.55.09:696][  0]LogConfig: Applying CVar settings from Section [FoliageQuality@3] File [C:/Users/Azazel/Documents/GitHub/TheDoors2/TheDoors2/Saved/Config/Windows/Scalability.ini]
[2020.02.29-03.55.09:696][  0]LogConfig: Setting CVar [[foliage.DensityScale:1.0]]
[2020.02.29-03.55.09:696][  0]LogConfig: Setting CVar [[grass.DensityScale:1.0]]
[2020.02.29-03.55.09:696][  0]LogConfig: Applying CVar settings from Section [ShadingQuality@3] File [C:/Users/Azazel/Documents/GitHub/TheDoors2/TheDoors2/Saved/Config/Windows/Scalability.ini]
[2020.02.29-03.55.09:696][  0]LogConfig: Setting CVar [[r.HairStrands.SkyLighting.SampleCount:16]]
[2020.02.29-03.55.09:696][  0]LogConfig: Setting CVar [[r.HairStrands.SkyLighting.JitterIntegration:0]]
[2020.02.29-03.55.09:696][  0]LogConfig: Setting CVar [[r.HairStrands.SkyAO.SampleCount:16]]
[2020.02.29-03.55.09:696][  0]LogInit: Selected Device Profile: [Windows]
[2020.02.29-03.55.09:696][  0]LogInit: Applying CVar settings loaded from the selected device profile: [Windows]
[2020.02.29-03.55.09:699][  0]LogHAL: Display: Platform has ~ 16 GB [17090662400 / 17179869184 / 16], which maps to Larger [LargestMinGB=32, LargerMinGB=12, DefaultMinGB=8, SmallerMinGB=6, SmallestMinGB=0)
[2020.02.29-03.55.09:699][  0]LogInit: Going up to parent DeviceProfile []
[2020.02.29-03.55.09:699][  0]LogConfig: Applying CVar settings from Section [ViewDistanceQuality@3] File [C:/Users/Azazel/Documents/GitHub/TheDoors2/TheDoors2/Saved/Config/Windows/Scalability.ini]
[2020.02.29-03.55.09:699][  0]LogConfig: Setting CVar [[r.SkeletalMeshLODBias:0]]
[2020.02.29-03.55.09:699][  0]LogConfig: Setting CVar [[r.ViewDistanceScale:1.0]]
[2020.02.29-03.55.09:699][  0]LogConfig: Applying CVar settings from Section [AntiAliasingQuality@3] File [C:/Users/Azazel/Documents/GitHub/TheDoors2/TheDoors2/Saved/Config/Windows/Scalability.ini]
[2020.02.29-03.55.09:699][  0]LogConfig: Setting CVar [[r.PostProcessAAQuality:4]]
[2020.02.29-03.55.09:699][  0]LogConfig: Applying CVar settings from Section [ShadowQuality@3] File [C:/Users/Azazel/Documents/GitHub/TheDoors2/TheDoors2/Saved/Config/Windows/Scalability.ini]
[2020.02.29-03.55.09:699][  0]LogConfig: Setting CVar [[r.LightFunctionQuality:1]]
[2020.02.29-03.55.09:699][  0]LogConfig: Setting CVar [[r.ShadowQuality:5]]
[2020.02.29-03.55.09:699][  0]LogConfig: Setting CVar [[r.Shadow.CSM.MaxCascades:10]]
[2020.02.29-03.55.09:699][  0]LogConfig: Setting CVar [[r.Shadow.MaxResolution:2048]]
[2020.02.29-03.55.09:699][  0]LogConfig: Setting CVar [[r.Shadow.MaxCSMResolution:2048]]
[2020.02.29-03.55.09:699][  0]LogConfig: Setting CVar [[r.Shadow.RadiusThreshold:0.01]]
[2020.02.29-03.55.09:699][  0]LogConfig: Setting CVar [[r.Shadow.DistanceScale:1.0]]
[2020.02.29-03.55.09:699][  0]LogConfig: Setting CVar [[r.Shadow.CSM.TransitionScale:1.0]]
[2020.02.29-03.55.09:699][  0]LogConfig: Setting CVar [[r.Shadow.PreShadowResolutionFactor:1.0]]
[2020.02.29-03.55.09:699][  0]LogConfig: Setting CVar [[r.DistanceFieldShadowing:1]]
[2020.02.29-03.55.09:699][  0]LogConfig: Setting CVar [[r.DistanceFieldAO:1]]
[2020.02.29-03.55.09:699][  0]LogConfig: Setting CVar [[r.AOQuality:2]]
[2020.02.29-03.55.09:699][  0]LogConfig: Setting CVar [[r.VolumetricFog:1]]
[2020.02.29-03.55.09:699][  0]LogConfig: Setting CVar [[r.VolumetricFog.GridPixelSize:8]]
[2020.02.29-03.55.09:699][  0]LogConfig: Setting CVar [[r.VolumetricFog.GridSizeZ:128]]
[2020.02.29-03.55.09:699][  0]LogConfig: Setting CVar [[r.VolumetricFog.HistoryMissSupersampleCount:4]]
[2020.02.29-03.55.09:699][  0]LogConfig: Setting CVar [[r.LightMaxDrawDistanceScale:1]]
[2020.02.29-03.55.09:699][  0]LogConfig: Setting CVar [[r.CapsuleShadows:1]]
[2020.02.29-03.55.09:699][  0]LogConfig: Applying CVar settings from Section [PostProcessQuality@3] File [C:/Users/Azazel/Documents/GitHub/TheDoors2/TheDoors2/Saved/Config/Windows/Scalability.ini]
[2020.02.29-03.55.09:699][  0]LogConfig: Setting CVar [[r.MotionBlurQuality:4]]
[2020.02.29-03.55.09:699][  0]LogConfig: Setting CVar [[r.AmbientOcclusionMipLevelFactor:0.4]]
[2020.02.29-03.55.09:699][  0]LogConfig: Setting CVar [[r.AmbientOcclusionMaxQuality:100]]
[2020.02.29-03.55.09:699][  0]LogConfig: Setting CVar [[r.AmbientOcclusionLevels:-1]]
[2020.02.29-03.55.09:699][  0]LogConfig: Setting CVar [[r.AmbientOcclusionRadiusScale:1.0]]
[2020.02.29-03.55.09:699][  0]LogConfig: Setting CVar [[r.DepthOfFieldQuality:2]]
[2020.02.29-03.55.09:699][  0]LogConfig: Setting CVar [[r.RenderTargetPoolMin:400]]
[2020.02.29-03.55.09:699][  0]LogConfig: Setting CVar [[r.LensFlareQuality:2]]
[2020.02.29-03.55.09:699][  0]LogConfig: Setting CVar [[r.SceneColorFringeQuality:1]]
[2020.02.29-03.55.09:699][  0]LogConfig: Setting CVar [[r.EyeAdaptationQuality:2]]
[2020.02.29-03.55.09:699][  0]LogConfig: Setting CVar [[r.BloomQuality:5]]
[2020.02.29-03.55.09:699][  0]LogConfig: Setting CVar [[r.FastBlurThreshold:100]]
[2020.02.29-03.55.09:699][  0]LogConfig: Setting CVar [[r.Upscale.Quality:3]]
[2020.02.29-03.55.09:699][  0]LogConfig: Setting CVar [[r.Tonemapper.GrainQuantization:1]]
[2020.02.29-03.55.09:699][  0]LogConfig: Setting CVar [[r.LightShaftQuality:1]]
[2020.02.29-03.55.09:699][  0]LogConfig: Setting CVar [[r.Filter.SizeScale:1]]
[2020.02.29-03.55.09:699][  0]LogConfig: Setting CVar [[r.Tonemapper.Quality:5]]
[2020.02.29-03.55.09:699][  0]LogConfig: Setting CVar [[r.DOF.Gather.AccumulatorQuality:1        ; higher gathering accumulator quality]]
[2020.02.29-03.55.09:699][  0]LogConfig: Setting CVar [[r.DOF.Gather.PostfilterMethod:1          ; Median3x3 postfilering method]]
[2020.02.29-03.55.09:700][  0]LogConfig: Setting CVar [[r.DOF.Gather.EnableBokehSettings:0       ; no bokeh simulation when gathering]]
[2020.02.29-03.55.09:700][  0]LogConfig: Setting CVar [[r.DOF.Gather.RingCount:4                 ; medium number of samples when gathering]]
[2020.02.29-03.55.09:700][  0]LogConfig: Setting CVar [[r.DOF.Scatter.ForegroundCompositing:1    ; additive foreground scattering]]
[2020.02.29-03.55.09:700][  0]LogConfig: Setting CVar [[r.DOF.Scatter.BackgroundCompositing:2    ; additive background scattering]]
[2020.02.29-03.55.09:700][  0]LogConfig: Setting CVar [[r.DOF.Scatter.EnableBokehSettings:1      ; bokeh simulation when scattering]]
[2020.02.29-03.55.09:700][  0]LogConfig: Setting CVar [[r.DOF.Scatter.MaxSpriteRatio:0.1         ; only a maximum of 10% of scattered bokeh]]
[2020.02.29-03.55.09:700][  0]LogConfig: Setting CVar [[r.DOF.Recombine.Quality:1                ; cheap slight out of focus]]
[2020.02.29-03.55.09:700][  0]LogConfig: Setting CVar [[r.DOF.Recombine.EnableBokehSettings:0    ; no bokeh simulation on slight out of focus]]
[2020.02.29-03.55.09:700][  0]LogConfig: Setting CVar [[r.DOF.TemporalAAQuality:1                ; more stable temporal accumulation]]
[2020.02.29-03.55.09:700][  0]LogConfig: Setting CVar [[r.DOF.Kernel.MaxForegroundRadius:0.025]]
[2020.02.29-03.55.09:700][  0]LogConfig: Setting CVar [[r.DOF.Kernel.MaxBackgroundRadius:0.025]]
[2020.02.29-03.55.09:700][  0]LogConfig: Applying CVar settings from Section [TextureQuality@3] File [C:/Users/Azazel/Documents/GitHub/TheDoors2/TheDoors2/Saved/Config/Windows/Scalability.ini]
[2020.02.29-03.55.09:700][  0]LogConfig: Setting CVar [[r.Streaming.MipBias:0]]
[2020.02.29-03.55.09:700][  0]LogConfig: Setting CVar [[r.Streaming.AmortizeCPUToGPUCopy:0]]
[2020.02.29-03.55.09:700][  0]LogConfig: Setting CVar [[r.Streaming.MaxNumTexturesToStreamPerFrame:0]]
[2020.02.29-03.55.09:700][  0]LogConfig: Setting CVar [[r.Streaming.Boost:1]]
[2020.02.29-03.55.09:700][  0]LogConfig: Setting CVar [[r.MaxAnisotropy:8]]
[2020.02.29-03.55.09:700][  0]LogConfig: Setting CVar [[r.VT.MaxAnisotropy:8]]
[2020.02.29-03.55.09:700][  0]LogConfig: Setting CVar [[r.Streaming.LimitPoolSizeToVRAM:0]]
[2020.02.29-03.55.09:700][  0]LogConfig: Setting CVar [[r.Streaming.PoolSize:1000]]
[2020.02.29-03.55.09:700][  0]LogConfig: Setting CVar [[r.Streaming.MaxEffectiveScreenSize:0]]
[2020.02.29-03.55.09:700][  0]LogConfig: Applying CVar settings from Section [EffectsQuality@3] File [C:/Users/Azazel/Documents/GitHub/TheDoors2/TheDoors2/Saved/Config/Windows/Scalability.ini]
[2020.02.29-03.55.09:700][  0]LogConfig: Setting CVar [[r.TranslucencyLightingVolumeDim:64]]
[2020.02.29-03.55.09:700][  0]LogConfig: Setting CVar [[r.RefractionQuality:2]]
[2020.02.29-03.55.09:700][  0]LogConfig: Setting CVar [[r.SSR.Quality:3]]
[2020.02.29-03.55.09:700][  0]LogConfig: Setting CVar [[r.SSR.HalfResSceneColor:0]]
[2020.02.29-03.55.09:700][  0]LogConfig: Setting CVar [[r.SceneColorFormat:4]]
[2020.02.29-03.55.09:700][  0]LogConfig: Setting CVar [[r.DetailMode:2]]
[2020.02.29-03.55.09:700][  0]LogConfig: Setting CVar [[r.TranslucencyVolumeBlur:1]]
[2020.02.29-03.55.09:700][  0]LogConfig: Setting CVar [[r.MaterialQualityLevel:1 ; High quality]]
[2020.02.29-03.55.09:700][  0]LogConfig: Setting CVar [[r.SSS.Scale:1]]
[2020.02.29-03.55.09:700][  0]LogConfig: Setting CVar [[r.SSS.SampleSet:2]]
[2020.02.29-03.55.09:700][  0]LogConfig: Setting CVar [[r.SSS.Quality:1]]
[2020.02.29-03.55.09:700][  0]LogConfig: Setting CVar [[r.SSS.HalfRes:1]]
[2020.02.29-03.55.09:700][  0]LogConfig: Setting CVar [[r.SSGI.Quality:3]]
[2020.02.29-03.55.09:700][  0]LogConfig: Setting CVar [[r.EmitterSpawnRateScale:1.0]]
[2020.02.29-03.55.09:700][  0]LogConfig: Setting CVar [[r.ParticleLightQuality:2]]
[2020.02.29-03.55.09:700][  0]LogConfig: Setting CVar [[r.SkyAtmosphere.AerialPerspectiveLUT.FastApplyOnOpaque:1 ; Always have FastSkyLUT 1 in this case to avoid wrong sky]]
[2020.02.29-03.55.09:700][  0]LogConfig: Setting CVar [[r.SkyAtmosphere.AerialPerspectiveLUT.SampleCountPerSlice:1]]
[2020.02.29-03.55.09:700][  0]LogConfig: Setting CVar [[r.SkyAtmosphere.AerialPerspectiveLUT.DepthResolution:16.0]]
[2020.02.29-03.55.09:700][  0]LogConfig: Setting CVar [[r.SkyAtmosphere.FastSkyLUT:1]]
[2020.02.29-03.55.09:700][  0]LogConfig: Setting CVar [[r.SkyAtmosphere.FastSkyLUT.SampleCountMin:4.0]]
[2020.02.29-03.55.09:700][  0]LogConfig: Setting CVar [[r.SkyAtmosphere.FastSkyLUT.SampleCountMax:32.0]]
[2020.02.29-03.55.09:700][  0]LogConfig: Setting CVar [[r.SkyAtmosphere.SampleCountMin:4.0]]
[2020.02.29-03.55.09:700][  0]LogConfig: Setting CVar [[r.SkyAtmosphere.SampleCountMax:32.0]]
[2020.02.29-03.55.09:700][  0]LogConfig: Setting CVar [[r.SkyAtmosphere.TransmittanceLUT.UseSmallFormat:0]]
[2020.02.29-03.55.09:700][  0]LogConfig: Setting CVar [[r.SkyAtmosphere.TransmittanceLUT.SampleCount:10.0]]
[2020.02.29-03.55.09:700][  0]LogConfig: Setting CVar [[r.SkyAtmosphere.MultiScatteringLUT.SampleCount:15.0]]
[2020.02.29-03.55.09:701][  0]LogConfig: Applying CVar settings from Section [FoliageQuality@3] File [C:/Users/Azazel/Documents/GitHub/TheDoors2/TheDoors2/Saved/Config/Windows/Scalability.ini]
[2020.02.29-03.55.09:701][  0]LogConfig: Setting CVar [[foliage.DensityScale:1.0]]
[2020.02.29-03.55.09:701][  0]LogConfig: Setting CVar [[grass.DensityScale:1.0]]
[2020.02.29-03.55.09:701][  0]LogConfig: Applying CVar settings from Section [ShadingQuality@3] File [C:/Users/Azazel/Documents/GitHub/TheDoors2/TheDoors2/Saved/Config/Windows/Scalability.ini]
[2020.02.29-03.55.09:701][  0]LogConfig: Setting CVar [[r.HairStrands.SkyLighting.SampleCount:16]]
[2020.02.29-03.55.09:701][  0]LogConfig: Setting CVar [[r.HairStrands.SkyLighting.JitterIntegration:0]]
[2020.02.29-03.55.09:701][  0]LogConfig: Setting CVar [[r.HairStrands.SkyAO.SampleCount:16]]
[2020.02.29-03.55.09:701][  0]LogConfig: Applying CVar settings from Section [Startup] File [../../../Engine/Config/ConsoleVariables.ini]
[2020.02.29-03.55.09:701][  0]LogConfig: Setting CVar [[net.UseAdaptiveNetUpdateFrequency:0]]
[2020.02.29-03.55.09:701][  0]LogConfig: Setting CVar [[p.chaos.AllowCreatePhysxBodies:1]]
[2020.02.29-03.55.09:701][  0]LogConfig: Applying CVar settings from Section [ConsoleVariables] File [C:/Users/Azazel/Documents/GitHub/TheDoors2/TheDoors2/Saved/Config/Windows/Engine.ini]
[2020.02.29-03.55.09:701][  0]LogInit: Computer: DESKTOP-85HOELG
[2020.02.29-03.55.09:701][  0]LogInit: User: Azazel
[2020.02.29-03.55.09:701][  0]LogInit: CPU Page size=4096, Cores=4
[2020.02.29-03.55.09:701][  0]LogInit: High frequency timer resolution =10.000000 MHz
[2020.02.29-03.55.09:701][  0]LogMemory: Memory total: Physical=15.9GB (16GB approx)
[2020.02.29-03.55.09:701][  0]LogMemory: Platform Memory Stats for Windows
[2020.02.29-03.55.09:701][  0]LogMemory: Process Physical Memory: 104.88 MB used, 104.88 MB peak
[2020.02.29-03.55.09:701][  0]LogMemory: Process Virtual Memory: 100.64 MB used, 100.64 MB peak
[2020.02.29-03.55.09:701][  0]LogMemory: Physical Memory: 7958.49 MB used,  8340.44 MB free, 16298.93 MB total
[2020.02.29-03.55.09:701][  0]LogMemory: Virtual Memory: 5137.50 MB used,  134212592.00 MB free, 134217728.00 MB total
[2020.02.29-03.55.09:704][  0]LogWindows: WindowsPlatformFeatures enabled
[2020.02.29-03.55.09:726][  0]LogInit: Overriding language with editor language configuration option (en).
[2020.02.29-03.55.09:726][  0]LogInit: Overriding locale with editor locale configuration option (en).
[2020.02.29-03.55.09:901][  0]LogInit: Setting process to per monitor DPI aware
[2020.02.29-03.55.09:939][  0]LogSlate: New Slate User Created.  User Index 0, Is Virtual User: 0
[2020.02.29-03.55.09:939][  0]LogSlate: Slate User Registered.  User Index 0, Is Virtual User: 0
[2020.02.29-03.55.10:107][  0]LogHMD: Failed to initialize OpenVR with code 110
[2020.02.29-03.55.10:107][  0]LogD3D11RHI: D3D11 min allowed feature level: 11_0
[2020.02.29-03.55.10:107][  0]LogD3D11RHI: D3D11 max allowed feature level: 11_0
[2020.02.29-03.55.10:107][  0]LogD3D11RHI: D3D11 adapters:
[2020.02.29-03.55.10:185][  0]LogD3D11RHI:    0. 'NVIDIA GeForce GTX 1050 Ti' (Feature Level 11_0)
[2020.02.29-03.55.10:185][  0]LogD3D11RHI:       4021/0/8149 MB DedicatedVideo/DedicatedSystem/SharedSystem, Outputs:1, VendorId:0x10de
[2020.02.29-03.55.10:195][  0]LogD3D11RHI:    1. 'Intel(R) HD Graphics 630' (Feature Level 11_0)
[2020.02.29-03.55.10:195][  0]LogD3D11RHI:       128/0/8149 MB DedicatedVideo/DedicatedSystem/SharedSystem, Outputs:0, VendorId:0x8086
[2020.02.29-03.55.10:198][  0]LogD3D11RHI:    2. 'Microsoft Basic Render Driver' (Feature Level 11_0)
[2020.02.29-03.55.10:198][  0]LogD3D11RHI:       0/0/8149 MB DedicatedVideo/DedicatedSystem/SharedSystem, Outputs:0, VendorId:0x1414
[2020.02.29-03.55.10:198][  0]LogD3D11RHI: Chosen D3D11 Adapter: 0
[2020.02.29-03.55.10:233][  0]LogD3D11RHI: Creating new Direct3DDevice
[2020.02.29-03.55.10:233][  0]LogD3D11RHI:     GPU DeviceId: 0x1c8c (for the marketing name, search the web for "GPU Device Id")
[2020.02.29-03.55.10:233][  0]LogWindows: EnumDisplayDevices:
[2020.02.29-03.55.10:233][  0]LogWindows:    0. 'Intel(R) HD Graphics 630' (P:1 D:1)
[2020.02.29-03.55.10:233][  0]LogWindows:    1. 'Intel(R) HD Graphics 630' (P:0 D:0)
[2020.02.29-03.55.10:234][  0]LogWindows:    2. 'Intel(R) HD Graphics 630' (P:0 D:0)
[2020.02.29-03.55.10:234][  0]LogWindows: DebugString: PrimaryIsNotTheChoosenAdapter PrimaryIsNotTheChoosenAdapter PrimaryIsNotTheChoosenAdapter FoundDriverCount:0 
[2020.02.29-03.55.10:234][  0]LogD3D11RHI:     Adapter Name: NVIDIA GeForce GTX 1050 Ti
[2020.02.29-03.55.10:234][  0]LogD3D11RHI:   Driver Version: Unknown (internal:Unknown, unified:Unknown)
[2020.02.29-03.55.10:234][  0]LogD3D11RHI:      Driver Date: Unknown
[2020.02.29-03.55.10:234][  0]LogRHI: Texture pool is 2814 MB (70% of 4021 MB)
[2020.02.29-03.55.10:281][  0]LogD3D11RHI: RHI has support for 64 bit atomics
[2020.02.29-03.55.10:281][  0]LogD3D11RHI: Async texture creation enabled
[2020.02.29-03.55.10:299][  0]LogD3D11RHI: GPU Timing Frequency: 1000.000000 (Debug: 2 2)
[2020.02.29-03.55.10:631][  0]LogTargetPlatformManager: Display: Loaded TargetPlatform 'AllDesktop'
[2020.02.29-03.55.10:661][  0]LogTargetPlatformManager: Display: Loaded TargetPlatform 'Android'
[2020.02.29-03.55.10:661][  0]LogTargetPlatformManager: Display: Loaded TargetPlatform 'Android_ASTC'
[2020.02.29-03.55.10:661][  0]LogTargetPlatformManager: Display: Loaded TargetPlatform 'Android_ATC'
[2020.02.29-03.55.10:661][  0]LogTargetPlatformManager: Display: Loaded TargetPlatform 'Android_DXT'
[2020.02.29-03.55.10:661][  0]LogTargetPlatformManager: Display: Loaded TargetPlatform 'Android_ETC1'
[2020.02.29-03.55.10:661][  0]LogTargetPlatformManager: Display: Loaded TargetPlatform 'Android_ETC1a'
[2020.02.29-03.55.10:661][  0]LogTargetPlatformManager: Display: Loaded TargetPlatform 'Android_ETC2'
[2020.02.29-03.55.10:661][  0]LogTargetPlatformManager: Display: Loaded TargetPlatform 'Android_PVRTC'
[2020.02.29-03.55.10:662][  0]LogTargetPlatformManager: Display: Loaded TargetPlatform 'AndroidClient'
[2020.02.29-03.55.10:662][  0]LogTargetPlatformManager: Display: Loaded TargetPlatform 'Android_ASTCClient'
[2020.02.29-03.55.10:662][  0]LogTargetPlatformManager: Display: Loaded TargetPlatform 'Android_ATCClient'
[2020.02.29-03.55.10:662][  0]LogTargetPlatformManager: Display: Loaded TargetPlatform 'Android_DXTClient'
[2020.02.29-03.55.10:662][  0]LogTargetPlatformManager: Display: Loaded TargetPlatform 'Android_ETC1Client'
[2020.02.29-03.55.10:662][  0]LogTargetPlatformManager: Display: Loaded TargetPlatform 'Android_ETC1aClient'
[2020.02.29-03.55.10:662][  0]LogTargetPlatformManager: Display: Loaded TargetPlatform 'Android_ETC2Client'
[2020.02.29-03.55.10:662][  0]LogTargetPlatformManager: Display: Loaded TargetPlatform 'Android_PVRTCClient'
[2020.02.29-03.55.10:662][  0]LogTargetPlatformManager: Display: Loaded TargetPlatform 'Android_Multi'
[2020.02.29-03.55.10:662][  0]LogTargetPlatformManager: Display: Loaded TargetPlatform 'Android_MultiClient'
[2020.02.29-03.55.10:680][  0]LogTargetPlatformManager: Display: Loaded TargetPlatform 'IOSClient'
[2020.02.29-03.55.10:680][  0]LogTargetPlatformManager: Display: Loaded TargetPlatform 'IOS'
[2020.02.29-03.55.10:687][  0]LogTargetPlatformManager: Display: Loaded TargetPlatform 'LinuxNoEditor'
[2020.02.29-03.55.10:694][  0]LogTargetPlatformManager: Display: Loaded TargetPlatform 'LinuxClient'
[2020.02.29-03.55.10:701][  0]LogTargetPlatformManager: Display: Loaded TargetPlatform 'LinuxServer'
[2020.02.29-03.55.10:708][  0]LogTargetPlatformManager: Display: Loaded TargetPlatform 'LinuxAArch64NoEditor'
[2020.02.29-03.55.10:715][  0]LogTargetPlatformManager: Display: Loaded TargetPlatform 'LinuxAArch64Client'
[2020.02.29-03.55.10:722][  0]LogTargetPlatformManager: Display: Loaded TargetPlatform 'LinuxAArch64Server'
[2020.02.29-03.55.10:746][  0]LogTargetPlatformManager: Display: Loaded TargetPlatform 'Lumin'
[2020.02.29-03.55.10:746][  0]LogTargetPlatformManager: Display: Loaded TargetPlatform 'LuminClient'
[2020.02.29-03.55.10:760][  0]LogTargetPlatformManager: Display: Loaded TargetPlatform 'TVOSClient'
[2020.02.29-03.55.10:760][  0]LogTargetPlatformManager: Display: Loaded TargetPlatform 'TVOS'
[2020.02.29-03.55.10:767][  0]LogTargetPlatformManager: Display: Loaded TargetPlatform 'WindowsNoEditor'
[2020.02.29-03.55.10:775][  0]LogTargetPlatformManager: Display: Loaded TargetPlatform 'Windows'
[2020.02.29-03.55.10:782][  0]LogTargetPlatformManager: Display: Loaded TargetPlatform 'WindowsClient'
[2020.02.29-03.55.10:789][  0]LogTargetPlatformManager: Display: Loaded TargetPlatform 'WindowsServer'
[2020.02.29-03.55.10:789][  0]LogTargetPlatformManager: Display: Building Assets For Windows
[2020.02.29-03.55.10:792][  0]LogAudioDebug: Display: Lib vorbis DLL was dynamically loaded.
[2020.02.29-03.55.10:812][  0]LogShaderCompilers: Guid format shader working directory is -5 characters bigger than the processId version (C:/Users/Azazel/Documents/GitHub/TheDoors2/TheDoors2/Intermediate/Shaders/WorkingDirectory/5744/).
[2020.02.29-03.55.10:812][  0]LogShaderCompilers: Cleaned the shader compiler working directory 'C:/Users/Azazel/AppData/Local/Temp/UnrealShaderWorkingDir/306A83A74E5E90EC73B52F98B26B2BE4/'.
[2020.02.29-03.55.10:812][  0]LogXGEController: Cleaning working directory: C:/Users/Azazel/AppData/Local/Temp/UnrealXGEWorkingDir/
[2020.02.29-03.55.10:812][  0]LogXGEController: Cannot use XGE Controller as Incredibuild is not installed on this machine.
[2020.02.29-03.55.10:812][  0]LogShaderCompilers: Cannot use XGE Shader Compiler as Incredibuild is not installed on this machine.
[2020.02.29-03.55.10:813][  0]LogShaderCompilers: Display: Using Local Shader Compiler.
[2020.02.29-03.55.11:547][  0]LogDerivedDataCache: Display: Max Cache Size: 512 MB
[2020.02.29-03.55.11:601][  0]LogDerivedDataCache: Loaded boot cache 0.05s 78MB C:/Users/Azazel/AppData/Local/UnrealEngine/4.24/DerivedDataCache/Boot.ddc.
[2020.02.29-03.55.11:601][  0]LogDerivedDataCache: Display: Loaded Boot cache: C:/Users/Azazel/AppData/Local/UnrealEngine/4.24/DerivedDataCache/Boot.ddc
[2020.02.29-03.55.11:601][  0]LogDerivedDataCache: FDerivedDataBackendGraph:  Pak pak cache file C:/Users/Azazel/Documents/GitHub/TheDoors2/TheDoors2/DerivedDataCache/DDC.ddp not found, will not use a pak cache.
[2020.02.29-03.55.11:601][  0]LogDerivedDataCache: Unable to find inner node Pak for hierarchical cache Hierarchy.
[2020.02.29-03.55.11:601][  0]LogDerivedDataCache: FDerivedDataBackendGraph:  CompressedPak pak cache file C:/Users/Azazel/Documents/GitHub/TheDoors2/TheDoors2/DerivedDataCache/Compressed.ddp not found, will not use a pak cache.
[2020.02.29-03.55.11:601][  0]LogDerivedDataCache: Unable to find inner node CompressedPak for hierarchical cache Hierarchy.
[2020.02.29-03.55.11:612][  0]LogDerivedDataCache: Display: Pak cache opened for reading ../../../Engine/DerivedDataCache/Compressed.ddp.
[2020.02.29-03.55.11:612][  0]LogDerivedDataCache: FDerivedDataBackendGraph:  EnterprisePak pak cache file ../../../Enterprise/DerivedDataCache/Compressed.ddp not found, will not use a pak cache.
[2020.02.29-03.55.11:612][  0]LogDerivedDataCache: Unable to find inner node EnterprisePak for hierarchical cache Hierarchy.
[2020.02.29-03.55.11:614][  0]LogDerivedDataCache: Using Local data cache path C:/Users/Azazel/AppData/Local/UnrealEngine/Common/DerivedDataCache: Writable
[2020.02.29-03.55.11:614][  0]LogDerivedDataCache: Shared data cache path not found in *engine.ini, will not use an Shared cache.
[2020.02.29-03.55.11:614][  0]LogDerivedDataCache: Unable to find inner node Shared for hierarchical cache Hierarchy.
[2020.02.29-03.55.11:642][  0]LogMaterial: Verifying Global Shaders for PCD3D_SM5
[2020.02.29-03.55.11:645][  0]LogSlate: Using FreeType 2.10.0
[2020.02.29-03.55.11:645][  0]LogSlate: SlateFontServices - WITH_FREETYPE: 1, WITH_HARFBUZZ: 1
[2020.02.29-03.55.11:697][  0]LogAssetRegistry: FAssetRegistry took 0.0027 seconds to start up
[2020.02.29-03.55.11:984][  0]LogInit: Selected Device Profile: [Windows]
[2020.02.29-03.55.12:137][  0]LogMeshReduction: Using QuadricMeshReduction for automatic static mesh reduction
[2020.02.29-03.55.12:137][  0]LogMeshReduction: Using SimplygonMeshReduction for automatic skeletal mesh reduction
[2020.02.29-03.55.12:137][  0]LogMeshReduction: Using ProxyLODMeshReduction for automatic mesh merging
[2020.02.29-03.55.12:137][  0]LogMeshReduction: No distributed automatic mesh merging module available
[2020.02.29-03.55.12:137][  0]LogMeshMerging: No distributed automatic mesh merging module available
[2020.02.29-03.55.12:149][  0]LogNetVersion: TheDoors2 1.0.0, NetCL: 10570792, EngineNetVer: 13, GameNetVer: 0 (Checksum: 2300638170)
[2020.02.29-03.55.13:184][  0]LogPackageLocalizationCache: Processed 10 localized package path(s) for 1 prioritized culture(s) in 0.057802 seconds
[2020.02.29-03.55.13:192][  0]LogUObjectArray: 46750 objects as part of root set at end of initial load.
[2020.02.29-03.55.13:192][  0]LogUObjectAllocator: 8137160 out of 0 bytes used by permanent object pool.
[2020.02.29-03.55.13:192][  0]LogUObjectArray: CloseDisregardForGC: 0/0 objects in disregard for GC pool
[2020.02.29-03.55.13:572][  0]LogTcpMessaging: Initializing TcpMessaging bridge
[2020.02.29-03.55.13:575][  0]LogUdpMessaging: Initializing bridge on interface 0.0.0.0:0 to multicast group 230.0.0.1:6666.
[2020.02.29-03.55.13:621][  0]SourceControl: Source control is disabled
[2020.02.29-03.55.13:621][  0]SourceControl: Source control is disabled
[2020.02.29-03.55.13:622][  0]SourceControl: Source control is disabled
[2020.02.29-03.55.13:623][  0]SourceControl: Source control is disabled
[2020.02.29-03.55.13:624][  0]SourceControl: Source control is disabled
[2020.02.29-03.55.13:698][  0]LogAndroidPermission: UAndroidPermissionCallbackProxy::GetInstance
[2020.02.29-03.55.13:708][  0]LogAudioCaptureCore: Display: No Audio Capture implementations found. Audio input will be silent.
[2020.02.29-03.55.13:708][  0]LogAudioCaptureCore: Display: No Audio Capture implementations found. Audio input will be silent.
[2020.02.29-03.55.13:788][  0]LogOcInput: OculusInput pre-init called
[2020.02.29-03.55.13:795][  0]LogWindows: Failed to load 'OVRPlugin.dll' (GetLastError=126)
[2020.02.29-03.55.13:795][  0]LogWindows: File 'OVRPlugin.dll' does not exist
[2020.02.29-03.55.13:865][  0]LogEngine: Initializing Engine...
[2020.02.29-03.55.13:865][  0]LogHMD: Failed to initialize OpenVR with code 110
[2020.02.29-03.55.13:866][  0]LogStats: UGameplayTagsManager::InitializeManager -  0.000 s
[2020.02.29-03.55.14:204][  0]LogInit: Initializing FReadOnlyCVARCache
[2020.02.29-03.55.14:211][  0]LogAIModule: Creating AISystem for world Untitled
[2020.02.29-03.55.14:218][  0]LogAudioMixer: Display: Audio Mixer Platform Settings:
[2020.02.29-03.55.14:218][  0]LogAudioMixer: Display: 	Sample Rate:						  48000
[2020.02.29-03.55.14:218][  0]LogAudioMixer: Display: 	Callback Buffer Frame Size Requested: 1024
[2020.02.29-03.55.14:218][  0]LogAudioMixer: Display: 	Callback Buffer Frame Size To Use:	  1024
[2020.02.29-03.55.14:218][  0]LogAudioMixer: Display: 	Number of buffers to queue:			  2
[2020.02.29-03.55.14:218][  0]LogAudioMixer: Display: 	Max Channels (voices):				  32
[2020.02.29-03.55.14:218][  0]LogAudioMixer: Display: 	Number of Async Source Workers:		  0
[2020.02.29-03.55.14:218][  0]LogAudio: Display: AudioDevice MaxSources: 32
[2020.02.29-03.55.14:218][  0]LogAudio: Display: Using built-in audio occlusion.
[2020.02.29-03.55.14:218][  0]LogAudioMixer: Display: Initializing audio mixer.
[2020.02.29-03.55.14:251][  0]LogAudioMixer: Display: Audio Device Output Speaker Info:
[2020.02.29-03.55.14:252][  0]LogAudioMixer: Display: Name: Altavoces (Realtek High Definition Audio)
[2020.02.29-03.55.14:252][  0]LogAudioMixer: Display: Is Default: Yes
[2020.02.29-03.55.14:252][  0]LogAudioMixer: Display: Sample Rate: 48000
[2020.02.29-03.55.14:252][  0]LogAudioMixer: Display: Channel Count Used: 2
[2020.02.29-03.55.14:252][  0]LogAudioMixer: Display: Device Channel Count: 2
[2020.02.29-03.55.14:252][  0]LogAudioMixer: Display: Channel Order:
[2020.02.29-03.55.14:252][  0]LogAudioMixer: Display: 0: FrontLeft
[2020.02.29-03.55.14:252][  0]LogAudioMixer: Display: 1: FrontRight
[2020.02.29-03.55.14:556][  0]LogAudioMixer: Display: Using Audio Device Altavoces (Realtek High Definition Audio)
[2020.02.29-03.55.14:561][  0]LogInit: FAudioDevice initialized.
[2020.02.29-03.55.14:561][  0]LogNetVersion: Set ProjectVersion to 1.0.0.0. Version Checksum will be recalculated on next use.
[2020.02.29-03.55.14:746][  0]LogDerivedDataCache: Saved boot cache 0.19s 78MB C:/Users/Azazel/AppData/Local/UnrealEngine/4.24/DerivedDataCache/Boot.ddc.
[2020.02.29-03.55.14:754][  0]LogInit: Texture streaming: Enabled
[2020.02.29-03.55.14:771][  0]LogEngineSessionManager: EngineSessionManager initialized
[2020.02.29-03.55.14:771][  0]LogEngineSessionManager: EngineSessionManager sent abnormal shutdown report. Type=AbnormalShutdown, SessionId={63639A96-49B9-ACBB-45A1-DDAF36BA7779}
[2020.02.29-03.55.14:771][  0]LogEngineSessionManager: EngineSessionManager sent abnormal shutdown report. Type=Crashed, SessionId={19AA3769-4769-08C8-8030-B28294C4FA74}
[2020.02.29-03.55.14:771][  0]LogEditorSessionSummary: Verbose: Initializing EditorSessionSummaryWriter for editor session tracking
[2020.02.29-03.55.14:782][  0]LogEditorSessionSummary: EditorSessionSummaryWriter initialized
[2020.02.29-03.55.14:848][  0]LogInit: Transaction tracking system initialized
[2020.02.29-03.55.14:855][  0]BlueprintLog: New page: Editor Load
[2020.02.29-03.55.14:884][  0]LocalizationService: Localization service is disabled
[2020.02.29-03.55.15:131][  0]LogCook: Display: Max memory allowance for cook 16384mb min free memory 0mb
[2020.02.29-03.55.15:132][  0]LogCook: Display: Mobile HDR setting 1
[2020.02.29-03.55.15:205][  0]LogFileCache: Scanning file cache for directory 'C:/Users/Azazel/Documents/GitHub/TheDoors2/TheDoors2/Content/' took 0.02s
[2020.02.29-03.55.15:778][  0]SourceControl: Source control is disabled
[2020.02.29-03.55.15:778][  0]Cmd: MAP LOAD FILE="C:/Users/Azazel/Documents/GitHub/TheDoors2/TheDoors2/Content/FirstPersonBP/Maps/FirstPersonExampleMap.umap" TEMPLATE=0 SHOWPROGRESS=1 FEATURELEVEL=3
[2020.02.29-03.55.15:778][  0]LightingResults: New page: Lighting Build
[2020.02.29-03.55.15:779][  0]LogWorld: UWorld::CleanupWorld for Untitled, bSessionEnded=true, bCleanupResources=true
[2020.02.29-03.55.15:779][  0]LogSlate: InvalidateAllWidgets triggered.  All widgets were invalidated
[2020.02.29-03.55.15:779][  0]MapCheck: New page: Map Check
[2020.02.29-03.55.15:779][  0]LightingResults: New page: Lighting Build
[2020.02.29-03.55.15:806][  0]LogUObjectHash: Compacting FUObjectHashTables data took   1.90ms
[2020.02.29-03.55.16:363][  0]LogAIModule: Creating AISystem for world FirstPersonExampleMap
[2020.02.29-03.55.16:398][  0]LogEditorServer: Finished looking for orphan Actors (0.000 secs)
[2020.02.29-03.55.16:427][  0]LogUObjectHash: Compacting FUObjectHashTables data took   2.27ms
[2020.02.29-03.55.16:427][  0]Cmd: MAP CHECKDEP NOCLEARLOG
[2020.02.29-03.55.16:427][  0]MapCheck: Map check complete: 0 Error(s), 0 Warning(s), took 0.167ms to complete.
[2020.02.29-03.55.16:427][  0]LogFileHelpers: Loading map 'FirstPersonExampleMap' took 0.650
[2020.02.29-03.55.16:572][  0]LogSlate: Updating window title bar state: overlay mode, drag disabled, window buttons hidden, title bar hidden
[2020.02.29-03.55.16:580][  0]LogSlate: Updating window title bar state: overlay mode, drag disabled, window buttons hidden, title bar hidden
[2020.02.29-03.55.16:587][  0]LogSlate: Updating window title bar state: overlay mode, drag disabled, window buttons hidden, title bar hidden
[2020.02.29-03.55.16:594][  0]LogSlate: Updating window title bar state: overlay mode, drag disabled, window buttons hidden, title bar hidden
[2020.02.29-03.55.16:605][  0]LogCollectionManager: Loaded 0 collections in 0.002261 seconds
[2020.02.29-03.55.16:618][  0]LogFileCache: Scanning file cache for directory 'C:/Users/Azazel/Documents/GitHub/TheDoors2/TheDoors2/Saved/Collections/' took 0.00s
[2020.02.29-03.55.16:618][  0]LogFileCache: Scanning file cache for directory 'C:/Users/Azazel/Documents/GitHub/TheDoors2/TheDoors2/Content/Developers/Azazel/Collections/' took 0.00s
[2020.02.29-03.55.16:618][  0]LogFileCache: Scanning file cache for directory 'C:/Users/Azazel/Documents/GitHub/TheDoors2/TheDoors2/Content/Collections/' took 0.00s
[2020.02.29-03.55.16:618][  0]LogContentBrowser: Native class hierarchy populated in 0.0089 seconds. Added 3015 classes and 717 folders.
[2020.02.29-03.55.16:620][  0]LogContentBrowser: Native class hierarchy updated for 'WidgetCarousel' in 0.0003 seconds. Added 0 classes and 0 folders.
[2020.02.29-03.55.16:667][  0]LogContentBrowser: Native class hierarchy updated for 'AddContentDialog' in 0.0002 seconds. Added 0 classes and 0 folders.
[2020.02.29-03.55.16:671][  0]LogContentBrowser: Native class hierarchy updated for 'SceneOutliner' in 0.0003 seconds. Added 2 classes and 3 folders.
[2020.02.29-03.55.16:728][  0]LogContentBrowser: Native class hierarchy updated for 'HierarchicalLODOutliner' in 0.0003 seconds. Added 0 classes and 0 folders.
[2020.02.29-03.55.16:729][  0]LogLoad: (Engine Initialization) Total time: 8.14 seconds
[2020.02.29-03.55.16:729][  0]LogLoad: (Engine Initialization) Total Blueprint compile time: 0.00 seconds
[2020.02.29-03.55.16:793][  0]LogContentStreaming: Texture pool size now 1000 MB
[2020.02.29-03.55.16:794][  0]LogSlate: Took 0.000165 seconds to synchronously load lazily loaded font '../../../Engine/Content/Slate/Fonts/Roboto-Regular.ttf' (155K)
[2020.02.29-03.55.16:796][  0]LogSlate: Took 0.000199 seconds to synchronously load lazily loaded font '../../../Engine/Content/Slate/Fonts/Roboto-Bold.ttf' (160K)
[2020.02.29-03.55.16:800][  0]LogSlate: Took 0.000162 seconds to synchronously load lazily loaded font '../../../Engine/Content/Editor/Slate/Fonts/FontAwesome.ttf' (139K)
[2020.02.29-03.55.16:916][  1]LogRenderer: Reallocating scene render targets to support 804x360 Format 10 NumSamples 1 (Frame:1).
[2020.02.29-03.55.16:916][  1]LogAssetRegistry: Asset discovery search completed in 5.2196 seconds
[2020.02.29-03.55.16:919][  1]LogCollectionManager: Fixed up redirectors for 0 collections in 0.000009 seconds (updated 0 objects)
[2020.02.29-03.55.19:268][133]LogRenderer: Reallocating scene render targets to support 1208x572 Format 10 NumSamples 1 (Frame:130).
[2020.02.29-03.55.21:094][241]LogSlate: Took 0.000162 seconds to synchronously load lazily loaded font '../../../Engine/Content/Slate/Fonts/Roboto-Light.ttf' (167K)
[2020.02.29-03.55.32:561][925]LogSlate: Took 0.000206 seconds to synchronously load lazily loaded font '../../../Engine/Content/Slate/Fonts/Roboto-Light.ttf' (167K)
[2020.02.29-03.55.34:027][925]LogSlate: Window 'Pick Parent Class' being destroyed
[2020.02.29-03.55.42:473][427]LogAssetEditorSubsystem: Opening Asset editor for Blueprint /Game/IaAndStuffRelated/NPC.NPC
[2020.02.29-03.55.42:663][427]LogContentBrowser: Native class hierarchy updated for 'BlueprintGraph' in 0.0006 seconds. Added 121 classes and 0 folders.
[2020.02.29-03.55.46:824][585]LogRenderer: Reallocating scene render targets to support 1208x712 Format 10 NumSamples 1 (Frame:154).
[2020.02.29-03.55.47:719][636]LogSlate: Took 0.000208 seconds to synchronously load lazily loaded font '../../../Engine/Content/Slate/Fonts/Roboto-Italic.ttf' (157K)
[2020.02.29-03.56.26:202][588]LogTexture: Display: Building textures: T_Sevarog_porcelainrockcolor (AutoDXT, 512X512)
[2020.02.29-03.56.26:202][588]LogTexture: Display: Building textures: T_Sevarog_porcelainmaskA (AutoDXT, 512X512)
[2020.02.29-03.56.26:202][588]LogTexture: Display: Building textures: T_Sevarog_porcelainmaskc (AutoDXT, 4096X4096)
[2020.02.29-03.56.26:202][588]LogTexture: Display: Building textures: T_Sevarog_porcelainmaskB (AutoDXT, 2048X2048)
[2020.02.29-03.56.26:202][588]LogTexture: Display: Building textures: T_ML_FineRubber_N (BC5, 2048X2048)
[2020.02.29-03.56.26:202][588]LogTexture: Display: Building textures: T_Gem_Translucent_01_RGBA (AutoDXT, 2048X2048)
[2020.02.29-03.56.26:202][588]LogTexture: Display: Building textures: T_ML_Fabric_Blue_Medium_N (BC5, 1024X1024)
[2020.02.29-03.56.26:202][588]LogTexture: Display: Building textures: T_leather_02 (AutoDXT, 4096X4096)
[2020.02.29-03.56.26:202][588]LogMaterial: Display: Missing cached shader map for material M_Sevarog_MaskReaperer, compiling. 
[2020.02.29-03.56.26:532][588]LogShaderCompilers: Display: Worker (1/5): shaders left to compile 208
[2020.02.29-03.56.26:532][588]LogShaderCompilers: Display: Worker (2/5): shaders left to compile 198
[2020.02.29-03.56.26:532][588]LogShaderCompilers: Display: Worker (3/5): shaders left to compile 188
[2020.02.29-03.56.26:532][588]LogShaderCompilers: Display: Worker (4/5): shaders left to compile 178
[2020.02.29-03.56.26:532][588]LogTexture: Display: Building textures: T_ML_Fabric_Dirty (AutoDXT, 1024X1024)
[2020.02.29-03.56.29:498][588]LogMaterial: Display: Missing cached shader map for material M_Sevarog_MaskReaperChainmail, compiling. 
[2020.02.29-03.56.29:643][588]LogMaterial: Display: Missing cached shader map for material M_Sevarog_MaskReaperBack_01, compiling. 
[2020.02.29-03.56.29:749][588]LogMaterial: Display: Missing cached shader map for material M_Sevarog_MaskReaperArmorRuins2, compiling. 
[2020.02.29-03.56.33:333][588]LogShaderCompilers: Display: Worker (3/5): shaders left to compile 644
[2020.02.29-03.56.33:333][588]LogTexture: Display: Building textures: T_Dark_Leather2_desat (AutoDXT, 2048X2048)
[2020.02.29-03.56.36:086][588]LogShaderCompilers: Display: Worker (2/5): shaders left to compile 634
[2020.02.29-03.56.36:086][588]LogSkeletalMesh: Building Skeletal Mesh Sevarog_MaskedReaper_GDC...
[2020.02.29-03.56.36:499][588]LogShaderCompilers: Display: Worker (1/5): shaders left to compile 624
[2020.02.29-03.56.36:499][588]LogShaderCompilers: Display: Worker (3/5): shaders left to compile 614
[2020.02.29-03.56.36:499][588]LogSkeletalMesh: Built Skeletal Mesh [0.41s] /Game/ParagonSevarog/Characters/Heroes/Sevarog/Skins/Tier_1_5/MaskedReaper/Mesh/Sevarog_MaskedReaper_GDC.Sevarog_MaskedReaper_GDC
[2020.02.29-03.56.36:511][588]LogMaterial: Display: Missing cached shader map for material M_invis, compiling. 
[2020.02.29-03.56.36:618][588]LogMaterial: Display: Missing cached shader map for material M_Sevarog_MaskedReaperTorso, compiling. 
[2020.02.29-03.56.38:002][607]LogShaderCompilers: Display: Worker (4/5): shaders left to compile 914
[2020.02.29-03.56.40:445][709]LogShaderCompilers: Display: Worker (1/5): shaders left to compile 904
[2020.02.29-03.56.40:628][716]LogShaderCompilers: Display: Worker (2/5): shaders left to compile 894
[2020.02.29-03.56.41:346][742]LogShaderCompilers: Display: Worker (3/5): shaders left to compile 884
[2020.02.29-03.56.43:961][837]LogShaderCompilers: Display: Worker (1/5): shaders left to compile 874
[2020.02.29-03.56.45:994][907]LogShaderCompilers: Display: Worker (2/5): shaders left to compile 864
[2020.02.29-03.56.46:150][912]LogShaderCompilers: Display: Worker (4/5): shaders left to compile 854
[2020.02.29-03.56.46:934][939]LogShaderCompilers: Display: Worker (1/5): shaders left to compile 844
[2020.02.29-03.56.47:873][970]LogShaderCompilers: Display: Worker (3/5): shaders left to compile 834
[2020.02.29-03.56.50:159][ 47]LogShaderCompilers: Display: Worker (1/5): shaders left to compile 824
[2020.02.29-03.56.51:104][ 78]LogShaderCompilers: Display: Worker (2/5): shaders left to compile 814
[2020.02.29-03.56.52:065][111]LogShaderCompilers: Display: Worker (4/5): shaders left to compile 804
[2020.02.29-03.56.53:799][170]LogShaderCompilers: Display: Worker (3/5): shaders left to compile 794
[2020.02.29-03.56.53:957][175]LogShaderCompilers: Display: Worker (2/5): shaders left to compile 784
[2020.02.29-03.56.55:814][238]LogShaderCompilers: Display: Worker (1/5): shaders left to compile 774
[2020.02.29-03.56.57:727][303]LogShaderCompilers: Display: Worker (2/5): shaders left to compile 764
[2020.02.29-03.56.58:523][329]LogShaderCompilers: Display: Worker (4/5): shaders left to compile 754
[2020.02.29-03.56.59:036][346]LogShaderCompilers: Display: Worker (3/5): shaders left to compile 744
[2020.02.29-03.56.59:217][349]LogShaderCompilers: Display: Worker (1/5): shaders left to compile 734
[2020.02.29-03.57.03:741][501]LogShaderCompilers: Display: Worker (3/5): shaders left to compile 724
[2020.02.29-03.57.03:933][507]LogShaderCompilers: Display: Worker (1/5): shaders left to compile 714
[2020.02.29-03.57.07:792][634]LogShaderCompilers: Display: Worker (1/5): shaders left to compile 704
[2020.02.29-03.57.08:660][663]LogShaderCompilers: Display: Worker (2/5): shaders left to compile 694
[2020.02.29-03.57.09:293][684]LogShaderCompilers: Display: Worker (4/5): shaders left to compile 684
[2020.02.29-03.57.12:109][778]LogShaderCompilers: Display: Worker (3/5): shaders left to compile 674
[2020.02.29-03.57.12:463][790]LogShaderCompilers: Display: Worker (1/5): shaders left to compile 664
[2020.02.29-03.57.12:730][799]LogShaderCompilers: Display: Worker (4/5): shaders left to compile 654
[2020.02.29-03.57.15:770][901]LogShaderCompilers: Display: Worker (4/5): shaders left to compile 644
[2020.02.29-03.57.17:201][948]LogShaderCompilers: Display: Worker (2/5): shaders left to compile 634
[2020.02.29-03.57.17:379][954]LogShaderCompilers: Display: Worker (3/5): shaders left to compile 624
[2020.02.29-03.57.20:617][ 62]LogShaderCompilers: Display: Worker (1/5): shaders left to compile 614
[2020.02.29-03.57.21:259][ 83]LogShaderCompilers: Display: Worker (3/5): shaders left to compile 604
[2020.02.29-03.57.21:778][100]LogShaderCompilers: Display: Worker (4/5): shaders left to compile 594
[2020.02.29-03.57.24:629][192]LogShaderCompilers: Display: Worker (2/5): shaders left to compile 584
[2020.02.29-03.57.25:267][211]LogShaderCompilers: Display: Worker (1/5): shaders left to compile 574
[2020.02.29-03.57.26:563][254]LogShaderCompilers: Display: Worker (4/5): shaders left to compile 564
[2020.02.29-03.57.29:260][345]LogShaderCompilers: Display: Worker (2/5): shaders left to compile 554
[2020.02.29-03.57.30:411][383]LogShaderCompilers: Display: Worker (4/5): shaders left to compile 544
[2020.02.29-03.57.32:378][449]LogShaderCompilers: Display: Worker (3/5): shaders left to compile 534
[2020.02.29-03.57.33:622][490]LogShaderCompilers: Display: Worker (1/5): shaders left to compile 524
[2020.02.29-03.57.33:932][500]LogShaderCompilers: Display: Worker (2/5): shaders left to compile 514
[2020.02.29-03.57.35:860][565]LogShaderCompilers: Display: Worker (3/5): shaders left to compile 504
[2020.02.29-03.57.38:890][666]LogShaderCompilers: Display: Worker (1/5): shaders left to compile 494
[2020.02.29-03.57.39:031][671]LogShaderCompilers: Display: Worker (3/5): shaders left to compile 484
[2020.02.29-03.57.39:098][673]LogShaderCompilers: Display: Worker (4/5): shaders left to compile 474
[2020.02.29-03.57.42:151][774]LogShaderCompilers: Display: Worker (2/5): shaders left to compile 464
[2020.02.29-03.57.42:914][799]LogShaderCompilers: Display: Worker (4/5): shaders left to compile 454
[2020.02.29-03.57.45:043][869]LogShaderCompilers: Display: Worker (1/5): shaders left to compile 444
[2020.02.29-03.57.45:845][896]LogShaderCompilers: Display: Worker (2/5): shaders left to compile 434
[2020.02.29-03.57.46:193][907]LogShaderCompilers: Display: Worker (3/5): shaders left to compile 424
[2020.02.29-03.57.49:425][ 11]LogShaderCompilers: Display: Worker (3/5): shaders left to compile 414
[2020.02.29-03.57.50:489][ 46]LogShaderCompilers: Display: Worker (4/5): shaders left to compile 404
[2020.02.29-03.57.51:922][ 93]LogShaderCompilers: Display: Worker (2/5): shaders left to compile 394
[2020.02.29-03.57.54:092][165]LogShaderCompilers: Display: Worker (1/5): shaders left to compile 384
[2020.02.29-03.57.54:931][193]LogShaderCompilers: Display: Worker (2/5): shaders left to compile 374
[2020.02.29-03.57.55:509][212]LogShaderCompilers: Display: Worker (4/5): shaders left to compile 364
[2020.02.29-03.57.56:311][238]LogShaderCompilers: Display: Worker (3/5): shaders left to compile 354
[2020.02.29-03.57.59:114][331]LogShaderCompilers: Display: Worker (4/5): shaders left to compile 344
[2020.02.29-03.57.59:312][337]LogShaderCompilers: Display: Worker (2/5): shaders left to compile 334
[2020.02.29-03.58.01:282][402]LogShaderCompilers: Display: Worker (1/5): shaders left to compile 324
[2020.02.29-03.58.03:175][465]LogShaderCompilers: Display: Worker (4/5): shaders left to compile 314
[2020.02.29-03.58.03:471][474]LogShaderCompilers: Display: Worker (2/5): shaders left to compile 304
[2020.02.29-03.58.03:495][475]LogShaderCompilers: Display: Worker (3/5): shaders left to compile 294
[2020.02.29-03.58.06:662][580]LogShaderCompilers: Display: Worker (4/5): shaders left to compile 284
[2020.02.29-03.58.06:783][584]LogShaderCompilers: Display: Worker (2/5): shaders left to compile 274
[2020.02.29-03.58.07:914][621]LogShaderCompilers: Display: Worker (1/5): shaders left to compile 264
[2020.02.29-03.58.08:160][626]LogShaderCompilers: Display: Worker (3/5): shaders left to compile 254
[2020.02.29-03.58.09:694][676]LogShaderCompilers: Display: Worker (2/5): shaders left to compile 244
[2020.02.29-03.58.12:015][752]LogShaderCompilers: Display: Worker (1/5): shaders left to compile 234
[2020.02.29-03.58.12:542][769]LogShaderCompilers: Display: Worker (4/5): shaders left to compile 224
[2020.02.29-03.58.12:546][769]LogShaderCompilers: Display: Worker (2/5): shaders left to compile 214
[2020.02.29-03.58.13:480][800]LogShaderCompilers: Display: Worker (3/5): shaders left to compile 204
[2020.02.29-03.58.15:160][856]LogShaderCompilers: Display: Worker (2/5): shaders left to compile 194
[2020.02.29-03.58.15:576][870]LogShaderCompilers: Display: Worker (1/5): shaders left to compile 184
[2020.02.29-03.58.17:114][921]LogShaderCompilers: Display: Worker (3/5): shaders left to compile 174
[2020.02.29-03.58.17:842][945]LogShaderCompilers: Display: Worker (4/5): shaders left to compile 164
[2020.02.29-03.58.18:388][963]LogShaderCompilers: Display: Worker (1/5): shaders left to compile 154
[2020.02.29-03.58.20:558][ 35]LogShaderCompilers: Display: Worker (3/5): shaders left to compile 144
[2020.02.29-03.58.20:680][ 39]LogShaderCompilers: Display: Worker (2/5): shaders left to compile 134
[2020.02.29-03.58.22:624][104]LogShaderCompilers: Display: Worker (1/5): shaders left to compile 124
[2020.02.29-03.58.22:692][106]LogShaderCompilers: Display: Worker (4/5): shaders left to compile 114
[2020.02.29-03.58.24:533][165]LogShaderCompilers: Display: Worker (3/5): shaders left to compile 104
[2020.02.29-03.58.26:164][219]LogShaderCompilers: Display: Worker (4/5): shaders left to compile 94
[2020.02.29-03.58.30:051][346]LogShaderCompilers: Display: Worker (1/5): shaders left to compile 84
[2020.02.29-03.58.32:214][417]LogShaderCompilers: Display: Worker (2/5): shaders left to compile 74
[2020.02.29-03.58.32:385][423]LogShaderCompilers: Display: Worker (4/5): shaders left to compile 64
[2020.02.29-03.58.33:198][450]LogShaderCompilers: Display: Worker (1/5): shaders left to compile 54
[2020.02.29-03.58.34:721][500]LogShaderCompilers: Display: Worker (3/5): shaders left to compile 44
[2020.02.29-03.58.37:513][592]LogShaderCompilers: Display: Worker (1/5): shaders left to compile 34
[2020.02.29-03.58.37:667][597]LogShaderCompilers: Display: Worker (4/5): shaders left to compile 25
[2020.02.29-03.58.40:075][676]LogShaderCompilers: Display: Worker (4/5): shaders left to compile 18
[2020.02.29-03.58.41:571][726]LogShaderCompilers: Display: Worker (1/5): shaders left to compile 13
[2020.02.29-03.58.43:331][783]LogShaderCompilers: Display: Worker (2/5): shaders left to compile 9
[2020.02.29-03.58.43:798][798]LogShaderCompilers: Display: Worker (4/5): shaders left to compile 6
[2020.02.29-03.58.45:596][857]LogShaderCompilers: Display: Worker (4/5): shaders left to compile 4
[2020.02.29-03.58.45:764][863]LogShaderCompilers: Display: Worker (3/5): shaders left to compile 2
[2020.02.29-03.58.46:161][876]LogShaderCompilers: Display: Worker (3/5): shaders left to compile 1
[2020.02.29-03.59.32:566][585]BlueprintLog: New page: Compile NPC
[2020.02.29-03.59.33:335][585]LogUObjectHash: Compacting FUObjectHashTables data took   4.93ms
[2020.02.29-03.59.56:609][946]Cmd: OBJ SAVEPACKAGE PACKAGE="/Game/IaAndStuffRelated/NPC" FILE="C:/Users/Azazel/Documents/GitHub/TheDoors2/TheDoors2/Content/IaAndStuffRelated/NPC.uasset" SILENT=true
[2020.02.29-03.59.56:650][946]LogSavePackage: Moving 'C:/Users/Azazel/Documents/GitHub/TheDoors2/TheDoors2/Saved/NPC47EF546141858DCACCF58DA1EA464AAF.tmp' to 'C:/Users/Azazel/Documents/GitHub/TheDoors2/TheDoors2/Content/IaAndStuffRelated/NPC.uasset'
[2020.02.29-03.59.56:682][946]AssetCheck: New page: Asset Save: NPC
[2020.02.29-03.59.56:682][946]LogContentValidation: Display: Validating Blueprint /Game/IaAndStuffRelated/NPC.NPC
[2020.02.29-04.01.24:798][770]LogSlate: Prevented a slow task dialog from being summoned while a context menu was open
[2020.02.29-04.01.35:479][406]LogSlate: Prevented a slow task dialog from being summoned while a context menu was open
[2020.02.29-04.01.36:170][406]LogAnimationCompression: Building Anim DDC data for AnimSequence /Game/ParagonSevarog/Characters/Heroes/Sevarog/Animations/Jog_Fwd.Jog_Fwd
[2020.02.29-04.01.36:182][406]LogAnimationCompression: Recompressing (AnimSequence /Game/ParagonSevarog/Characters/Heroes/Sevarog/Animations/Jog_Fwd.Jog_Fwd) using current/default (AnimCompress_PerTrackCompression_144) bFirstRecompressUsingCurrentOrDefault(1) bTryAlternateCompressor(0) IsCompressedDataValid(0)
[2020.02.29-04.01.36:205][406]LogAnimationCompression: Building Anim DDC data for AnimSequence /Game/ParagonSevarog/Characters/Heroes/Sevarog/Animations/Jog_Fwd_Circle_Lt.Jog_Fwd_Circle_Lt
[2020.02.29-04.01.36:206][406]LogAnimationCompression: Recompressing (AnimSequence /Game/ParagonSevarog/Characters/Heroes/Sevarog/Animations/Jog_Fwd_Circle_Lt.Jog_Fwd_Circle_Lt) using current/default (AnimCompress_PerTrackCompression_147) bFirstRecompressUsingCurrentOrDefault(1) bTryAlternateCompressor(0) IsCompressedDataValid(0)
[2020.02.29-04.01.36:222][406]LogAnimationCompression: Building Anim DDC data for AnimSequence /Game/ParagonSevarog/Characters/Heroes/Sevarog/Animations/Jog_Fwd_Uphill.Jog_Fwd_Uphill
[2020.02.29-04.01.36:222][406]LogAnimationCompression: Recompressing (AnimSequence /Game/ParagonSevarog/Characters/Heroes/Sevarog/Animations/Jog_Fwd_Uphill.Jog_Fwd_Uphill) using current/default (AnimCompress_PerTrackCompression_145) bFirstRecompressUsingCurrentOrDefault(1) bTryAlternateCompressor(0) IsCompressedDataValid(0)
[2020.02.29-04.01.36:239][406]LogAnimationCompression: Building Anim DDC data for AnimSequence /Game/ParagonSevarog/Characters/Heroes/Sevarog/Animations/Jog_Fwd_Downhill.Jog_Fwd_Downhill
[2020.02.29-04.01.36:240][406]LogAnimationCompression: Recompressing (AnimSequence /Game/ParagonSevarog/Characters/Heroes/Sevarog/Animations/Jog_Fwd_Downhill.Jog_Fwd_Downhill) using current/default (AnimCompress_PerTrackCompression_146) bFirstRecompressUsingCurrentOrDefault(1) bTryAlternateCompressor(0) IsCompressedDataValid(0)
[2020.02.29-04.01.36:253][406]LogAnimationCompression: Building Anim DDC data for AnimSequence /Game/ParagonSevarog/Characters/Heroes/Sevarog/Animations/Jog_Fwd_Circle_Rt.Jog_Fwd_Circle_Rt
[2020.02.29-04.01.36:254][406]LogAnimationCompression: Recompressing (AnimSequence /Game/ParagonSevarog/Characters/Heroes/Sevarog/Animations/Jog_Fwd_Circle_Rt.Jog_Fwd_Circle_Rt) using current/default (AnimCompress_PerTrackCompression_148) bFirstRecompressUsingCurrentOrDefault(1) bTryAlternateCompressor(0) IsCompressedDataValid(0)
[2020.02.29-04.01.36:295][406]LogMaterial: Display: Missing cached shader map for material M_Sevarog_Back_01, compiling. 
[2020.02.29-04.01.36:377][406]LogShaderCompilers: Display: Worker (1/5): shaders left to compile 150
[2020.02.29-04.01.36:377][406]LogShaderCompilers: Display: Worker (2/5): shaders left to compile 140
[2020.02.29-04.01.36:377][406]LogShaderCompilers: Display: Worker (3/5): shaders left to compile 130
[2020.02.29-04.01.36:377][406]LogShaderCompilers: Display: Worker (4/5): shaders left to compile 120
[2020.02.29-04.01.36:377][406]LogMaterial: Display: Missing cached shader map for material M_Sevarog_ArmourRuins, compiling. 
[2020.02.29-04.01.36:502][406]LogAnimationCompression: Building Anim DDC data for AnimSequence /Game/ParagonSevarog/Characters/Heroes/Sevarog/Animations/Swing2_Medium.Swing2_Medium
[2020.02.29-04.01.36:502][406]LogAnimationCompression: Recompressing (AnimSequence /Game/ParagonSevarog/Characters/Heroes/Sevarog/Animations/Swing2_Medium.Swing2_Medium) using current/default (AnimCompress_PerTrackCompression_100) bFirstRecompressUsingCurrentOrDefault(1) bTryAlternateCompressor(0) IsCompressedDataValid(0)
[2020.02.29-04.01.37:897][406]LogAnimationCompression: Building Anim DDC data for AnimSequence /Game/ParagonSevarog/Characters/Heroes/Sevarog/Animations/Swing1_Medium.Swing1_Medium
[2020.02.29-04.01.37:897][406]LogAnimationCompression: Recompressing (AnimSequence /Game/ParagonSevarog/Characters/Heroes/Sevarog/Animations/Swing1_Medium.Swing1_Medium) using current/default (AnimCompress_PerTrackCompression_91) bFirstRecompressUsingCurrentOrDefault(1) bTryAlternateCompressor(0) IsCompressedDataValid(0)
[2020.02.29-04.01.39:306][406]LogShaderCompilers: Display: Worker (1/5): shaders left to compile 318
[2020.02.29-04.01.39:306][406]LogMaterial: Display: Missing cached shader map for material M_Sevarog_Hammer_01, compiling. 
[2020.02.29-04.01.39:439][406]LogMaterial: Display: Missing cached shader map for material M_Sevarog_Chainmail, compiling. 
[2020.02.29-04.01.39:548][406]LogAnimationCompression: Building Anim DDC data for AnimSequence /Game/ParagonSevarog/Characters/Heroes/Sevarog/Animations/Travel_Mode_Start.Travel_Mode_Start
[2020.02.29-04.01.39:548][406]LogAnimationCompression: Recompressing (AnimSequence /Game/ParagonSevarog/Characters/Heroes/Sevarog/Animations/Travel_Mode_Start.Travel_Mode_Start) using current/default (AnimCompress_PerTrackCompression_121) bFirstRecompressUsingCurrentOrDefault(1) bTryAlternateCompressor(0) IsCompressedDataValid(0)
[2020.02.29-04.01.39:882][406]LogShaderCompilers: Display: Worker (4/5): shaders left to compile 666
[2020.02.29-04.01.39:882][406]LogAnimationCompression: Building Anim DDC data for AnimSequence /Game/ParagonSevarog/Characters/Heroes/Sevarog/Animations/Jump_Recovery_NonAdditive.Jump_Recovery_NonAdditive
[2020.02.29-04.01.39:882][406]LogAnimationCompression: Recompressing (AnimSequence /Game/ParagonSevarog/Characters/Heroes/Sevarog/Animations/Jump_Recovery_NonAdditive.Jump_Recovery_NonAdditive) using current/default (AnimCompress_PerTrackCompression_0) bFirstRecompressUsingCurrentOrDefault(1) bTryAlternateCompressor(0) IsCompressedDataValid(0)
[2020.02.29-04.01.39:916][406]LogAnimationCompression: Building Anim DDC data for AnimSequence /Game/ParagonSevarog/Characters/Heroes/Sevarog/Animations/Jump_Land.Jump_Land
[2020.02.29-04.01.39:916][406]LogAnimationCompression: Recompressing (AnimSequence /Game/ParagonSevarog/Characters/Heroes/Sevarog/Animations/Jump_Land.Jump_Land) using current/default (AnimCompress_PerTrackCompression_8) bFirstRecompressUsingCurrentOrDefault(1) bTryAlternateCompressor(0) IsCompressedDataValid(0)
[2020.02.29-04.01.39:918][406]LogAnimationCompression: Building Anim DDC data for AnimSequence /Game/ParagonSevarog/Characters/Heroes/Sevarog/Animations/Jump_Start.Jump_Start
[2020.02.29-04.01.39:918][406]LogAnimationCompression: Recompressing (AnimSequence /Game/ParagonSevarog/Characters/Heroes/Sevarog/Animations/Jump_Start.Jump_Start) using current/default (AnimCompress_PerTrackCompression_2) bFirstRecompressUsingCurrentOrDefault(1) bTryAlternateCompressor(0) IsCompressedDataValid(0)
[2020.02.29-04.01.39:930][406]LogAnimationCompression: Building Anim DDC data for AnimSequence /Game/ParagonSevarog/Characters/Heroes/Sevarog/Animations/Jump_Apex.Jump_Apex
[2020.02.29-04.01.39:930][406]LogAnimationCompression: Recompressing (AnimSequence /Game/ParagonSevarog/Characters/Heroes/Sevarog/Animations/Jump_Apex.Jump_Apex) using current/default (AnimCompress_PerTrackCompression_5) bFirstRecompressUsingCurrentOrDefault(1) bTryAlternateCompressor(0) IsCompressedDataValid(0)
[2020.02.29-04.01.39:944][406]LogAnimationCompression: Building Anim DDC data for AnimSequence /Game/ParagonSevarog/Characters/Heroes/Sevarog/Animations/Jog_Fwd_Pose.Jog_Fwd_Pose
[2020.02.29-04.01.39:944][406]LogAnimationCompression: Recompressing (AnimSequence /Game/ParagonSevarog/Characters/Heroes/Sevarog/Animations/Jog_Fwd_Pose.Jog_Fwd_Pose) using current/default (AnimCompress_PerTrackCompression_41) bFirstRecompressUsingCurrentOrDefault(1) bTryAlternateCompressor(0) IsCompressedDataValid(0)
[2020.02.29-04.01.39:946][406]LogAnimationCompression: Building Anim DDC data for AnimSequence /Game/ParagonSevarog/Characters/Heroes/Sevarog/Animations/AimOffsets/Idle_AO_CD.Idle_AO_CD
[2020.02.29-04.01.39:947][406]LogAnimationCompression: Recompressing (AnimSequence /Game/ParagonSevarog/Characters/Heroes/Sevarog/Animations/AimOffsets/Idle_AO_CD.Idle_AO_CD) using current/default (AnimCompress_PerTrackCompression_150) bFirstRecompressUsingCurrentOrDefault(1) bTryAlternateCompressor(0) IsCompressedDataValid(0)
[2020.02.29-04.01.39:965][406]LogAnimationCompression: Building Anim DDC data for AnimSequence /Game/ParagonSevarog/Characters/Heroes/Sevarog/Animations/AimOffsets/Idle_AO_CU.Idle_AO_CU
[2020.02.29-04.01.39:965][406]LogAnimationCompression: Recompressing (AnimSequence /Game/ParagonSevarog/Characters/Heroes/Sevarog/Animations/AimOffsets/Idle_AO_CU.Idle_AO_CU) using current/default (AnimCompress_PerTrackCompression_149) bFirstRecompressUsingCurrentOrDefault(1) bTryAlternateCompressor(0) IsCompressedDataValid(0)
[2020.02.29-04.01.39:966][406]LogAnimationCompression: Building Anim DDC data for AnimSequence /Game/ParagonSevarog/Characters/Heroes/Sevarog/Animations/AimOffsets/Idle_AO_CC.Idle_AO_CC
[2020.02.29-04.01.39:966][406]LogAnimationCompression: Recompressing (AnimSequence /Game/ParagonSevarog/Characters/Heroes/Sevarog/Animations/AimOffsets/Idle_AO_CC.Idle_AO_CC) using current/default (AnimCompress_PerTrackCompression_15) bFirstRecompressUsingCurrentOrDefault(1) bTryAlternateCompressor(0) IsCompressedDataValid(0)
[2020.02.29-04.01.39:968][406]LogAnimationCompression: Building Anim DDC data for AnimSequence /Game/ParagonSevarog/Characters/Heroes/Sevarog/Animations/LevelStart.LevelStart
[2020.02.29-04.01.39:968][406]LogAnimationCompression: Recompressing (AnimSequence /Game/ParagonSevarog/Characters/Heroes/Sevarog/Animations/LevelStart.LevelStart) using current/default (AnimCompress_PerTrackCompression_1) bFirstRecompressUsingCurrentOrDefault(1) bTryAlternateCompressor(0) IsCompressedDataValid(0)
[2020.02.29-04.01.41:440][406]LogShaderCompilers: Display: Worker (2/5): shaders left to compile 656
[2020.02.29-04.01.41:440][406]LogAnimationCompression: Building Anim DDC data for AnimSequence /Game/ParagonSevarog/Characters/Heroes/Sevarog/Animations/Idle.Idle
[2020.02.29-04.01.41:440][406]LogAnimationCompression: Recompressing (AnimSequence /Game/ParagonSevarog/Characters/Heroes/Sevarog/Animations/Idle.Idle) using current/default (AnimCompress_PerTrackCompression_67) bFirstRecompressUsingCurrentOrDefault(1) bTryAlternateCompressor(0) IsCompressedDataValid(0)
[2020.02.29-04.01.42:659][406]LogShaderCompilers: Display: Worker (1/5): shaders left to compile 646
[2020.02.29-04.01.42:659][406]LogShaderCompilers: Display: Worker (2/5): shaders left to compile 636
[2020.02.29-04.01.42:659][406]LogAnimationCompression: Building Anim DDC data for AnimSequence /Game/ParagonSevarog/Characters/Heroes/Sevarog/Animations/AimOffsets/Idle_AO_RU.Idle_AO_RU
[2020.02.29-04.01.42:659][406]LogAnimationCompression: Recompressing (AnimSequence /Game/ParagonSevarog/Characters/Heroes/Sevarog/Animations/AimOffsets/Idle_AO_RU.Idle_AO_RU) using current/default (AnimCompress_PerTrackCompression_154) bFirstRecompressUsingCurrentOrDefault(1) bTryAlternateCompressor(0) IsCompressedDataValid(0)
[2020.02.29-04.01.42:661][406]LogAnimationCompression: Building Anim DDC data for AnimSequence /Game/ParagonSevarog/Characters/Heroes/Sevarog/Animations/AimOffsets/Idle_AO_RD.Idle_AO_RD
[2020.02.29-04.01.42:661][406]LogAnimationCompression: Recompressing (AnimSequence /Game/ParagonSevarog/Characters/Heroes/Sevarog/Animations/AimOffsets/Idle_AO_RD.Idle_AO_RD) using current/default (AnimCompress_PerTrackCompression_162) bFirstRecompressUsingCurrentOrDefault(1) bTryAlternateCompressor(0) IsCompressedDataValid(0)
[2020.02.29-04.01.42:682][406]LogAnimationCompression: Building Anim DDC data for AnimSequence /Game/ParagonSevarog/Characters/Heroes/Sevarog/Animations/AimOffsets/Idle_AO_RC.Idle_AO_RC
[2020.02.29-04.01.42:682][406]LogAnimationCompression: Recompressing (AnimSequence /Game/ParagonSevarog/Characters/Heroes/Sevarog/Animations/AimOffsets/Idle_AO_RC.Idle_AO_RC) using current/default (AnimCompress_PerTrackCompression_156) bFirstRecompressUsingCurrentOrDefault(1) bTryAlternateCompressor(0) IsCompressedDataValid(0)
[2020.02.29-04.01.42:684][406]LogAnimationCompression: Building Anim DDC data for AnimSequence /Game/ParagonSevarog/Characters/Heroes/Sevarog/Animations/AimOffsets/Idle_AO_LU.Idle_AO_LU
[2020.02.29-04.01.42:684][406]LogAnimationCompression: Recompressing (AnimSequence /Game/ParagonSevarog/Characters/Heroes/Sevarog/Animations/AimOffsets/Idle_AO_LU.Idle_AO_LU) using current/default (AnimCompress_PerTrackCompression_152) bFirstRecompressUsingCurrentOrDefault(1) bTryAlternateCompressor(0) IsCompressedDataValid(0)
[2020.02.29-04.01.42:686][406]LogAnimationCompression: Building Anim DDC data for AnimSequence /Game/ParagonSevarog/Characters/Heroes/Sevarog/Animations/AimOffsets/Idle_AO_LD.Idle_AO_LD
[2020.02.29-04.01.42:686][406]LogAnimationCompression: Recompressing (AnimSequence /Game/ParagonSevarog/Characters/Heroes/Sevarog/Animations/AimOffsets/Idle_AO_LD.Idle_AO_LD) using current/default (AnimCompress_PerTrackCompression_160) bFirstRecompressUsingCurrentOrDefault(1) bTryAlternateCompressor(0) IsCompressedDataValid(0)
[2020.02.29-04.01.42:687][406]LogAnimationCompression: Building Anim DDC data for AnimSequence /Game/ParagonSevarog/Characters/Heroes/Sevarog/Animations/AimOffsets/Idle_AO_LC.Idle_AO_LC
[2020.02.29-04.01.42:687][406]LogAnimationCompression: Recompressing (AnimSequence /Game/ParagonSevarog/Characters/Heroes/Sevarog/Animations/AimOffsets/Idle_AO_LC.Idle_AO_LC) using current/default (AnimCompress_PerTrackCompression_158) bFirstRecompressUsingCurrentOrDefault(1) bTryAlternateCompressor(0) IsCompressedDataValid(0)
[2020.02.29-04.01.42:718][406]LogMaterial: Display: Missing cached shader map for material M_Sevarog_Torso, compiling. 
[2020.02.29-04.01.42:965][406]LogScript: Warning: Script Msg: Divide by zero detected: 0.000000 / 0
Script call stack:
	Function /Game/ParagonSevarog/Characters/Heroes/Sevarog/Sevarog_AnimBlueprint.Sevarog_AnimBlueprint_C:BlueprintUpdateAnimation
	Function /Game/ParagonSevarog/Characters/Heroes/Sevarog/Sevarog_AnimBlueprint.Sevarog_AnimBlueprint_C:ExecuteUbergraph_Sevarog_AnimBlueprint

[2020.02.29-04.01.43:008][406]LogScript: Warning: Script Msg: Divide by zero detected: 0.000000 / 0
Script call stack:
	Function /Game/ParagonSevarog/Characters/Heroes/Sevarog/Sevarog_AnimBlueprint.Sevarog_AnimBlueprint_C:BlueprintUpdateAnimation
	Function /Game/ParagonSevarog/Characters/Heroes/Sevarog/Sevarog_AnimBlueprint.Sevarog_AnimBlueprint_C:ExecuteUbergraph_Sevarog_AnimBlueprint

[2020.02.29-04.01.43:010][406]LogScript: Warning: Script Msg: Divide by zero detected: 0.000000 / 0
Script call stack:
	Function /Game/ParagonSevarog/Characters/Heroes/Sevarog/Sevarog_AnimBlueprint.Sevarog_AnimBlueprint_C:BlueprintUpdateAnimation
	Function /Game/ParagonSevarog/Characters/Heroes/Sevarog/Sevarog_AnimBlueprint.Sevarog_AnimBlueprint_C:ExecuteUbergraph_Sevarog_AnimBlueprint

[2020.02.29-04.01.43:011][406]LogScript: Warning: Script Msg: Divide by zero detected: 0.000000 / 0
Script call stack:
	Function /Game/ParagonSevarog/Characters/Heroes/Sevarog/Sevarog_AnimBlueprint.Sevarog_AnimBlueprint_C:BlueprintUpdateAnimation
	Function /Game/ParagonSevarog/Characters/Heroes/Sevarog/Sevarog_AnimBlueprint.Sevarog_AnimBlueprint_C:ExecuteUbergraph_Sevarog_AnimBlueprint

[2020.02.29-04.01.43:012][406]LogScript: Warning: Script Msg: Divide by zero detected: 0.000000 / 0
Script call stack:
	Function /Game/ParagonSevarog/Characters/Heroes/Sevarog/Sevarog_AnimBlueprint.Sevarog_AnimBlueprint_C:BlueprintUpdateAnimation
	Function /Game/ParagonSevarog/Characters/Heroes/Sevarog/Sevarog_AnimBlueprint.Sevarog_AnimBlueprint_C:ExecuteUbergraph_Sevarog_AnimBlueprint

[2020.02.29-04.01.43:013][406]LogScript: Warning: Script Msg: Divide by zero detected: 0.000000 / 0
Script call stack:
	Function /Game/ParagonSevarog/Characters/Heroes/Sevarog/Sevarog_AnimBlueprint.Sevarog_AnimBlueprint_C:BlueprintUpdateAnimation
	Function /Game/ParagonSevarog/Characters/Heroes/Sevarog/Sevarog_AnimBlueprint.Sevarog_AnimBlueprint_C:ExecuteUbergraph_Sevarog_AnimBlueprint

[2020.02.29-04.01.43:061][406]LogScript: Warning: Script Msg: Divide by zero detected: 0.000000 / 0
Script call stack:
	Function /Game/ParagonSevarog/Characters/Heroes/Sevarog/Sevarog_AnimBlueprint.Sevarog_AnimBlueprint_C:BlueprintUpdateAnimation
	Function /Game/ParagonSevarog/Characters/Heroes/Sevarog/Sevarog_AnimBlueprint.Sevarog_AnimBlueprint_C:ExecuteUbergraph_Sevarog_AnimBlueprint

[2020.02.29-04.01.43:079][408]LogShaderCompilers: Display: Worker (3/5): shaders left to compile 776
[2020.02.29-04.01.46:273][526]LogShaderCompilers: Display: Worker (3/5): shaders left to compile 766
[2020.02.29-04.01.46:533][537]LogShaderCompilers: Display: Worker (4/5): shaders left to compile 756
[2020.02.29-04.01.47:361][570]LogShaderCompilers: Display: Worker (1/5): shaders left to compile 746
[2020.02.29-04.01.49:973][671]LogShaderCompilers: Display: Worker (2/5): shaders left to compile 736
[2020.02.29-04.01.50:314][684]LogShaderCompilers: Display: Worker (1/5): shaders left to compile 726
[2020.02.29-04.01.51:977][746]LogShaderCompilers: Display: Worker (3/5): shaders left to compile 716
[2020.02.29-04.01.53:390][801]LogShaderCompilers: Display: Worker (4/5): shaders left to compile 706
[2020.02.29-04.01.55:691][889]LogShaderCompilers: Display: Worker (3/5): shaders left to compile 696
[2020.02.29-04.01.55:724][890]LogShaderCompilers: Display: Worker (2/5): shaders left to compile 686
[2020.02.29-04.01.57:069][942]LogShaderCompilers: Display: Worker (1/5): shaders left to compile 676
[2020.02.29-04.01.58:035][977]LogShaderCompilers: Display: Worker (4/5): shaders left to compile 666
[2020.02.29-04.02.00:543][ 33]LogShaderCompilers: Display: Worker (2/5): shaders left to compile 656
[2020.02.29-04.02.01:593][ 33]LogShaderCompilers: Display: Worker (1/5): shaders left to compile 646
[2020.02.29-04.02.02:762][ 33]LogRHI: Error: SyncInterval 0
[2020.02.29-04.02.02:762][ 33]LogRHI: Error: SwapChainDesc.BufferDesc.Width 960
[2020.02.29-04.02.02:762][ 33]LogRHI: Error: SwapChainDesc.BufferDesc.Height 1040
[2020.02.29-04.02.02:762][ 33]LogRHI: Error: SwapChainDesc.BufferDesc.RefreshRate.Numerator 0
[2020.02.29-04.02.02:762][ 33]LogRHI: Error: SwapChainDesc.BufferDesc.RefreshRate.Denominator 0
[2020.02.29-04.02.02:762][ 33]LogRHI: Error: SwapChainDesc.BufferDesc.Format 24
[2020.02.29-04.02.02:762][ 33]LogRHI: Error: SwapChainDesc.BufferDesc.ScanlineOrdering 0
[2020.02.29-04.02.02:762][ 33]LogRHI: Error: SwapChainDesc.BufferDesc.Scaling 0
[2020.02.29-04.02.02:762][ 33]LogRHI: Error: SwapChainDesc.SampleDesc.Count 1
[2020.02.29-04.02.02:763][ 33]LogRHI: Error: SwapChainDesc.SampleDesc.Quality 0
[2020.02.29-04.02.02:763][ 33]LogRHI: Error: SwapChainDesc.BufferUsage 48
[2020.02.29-04.02.02:763][ 33]LogRHI: Error: SwapChainDesc.BufferCount 2
[2020.02.29-04.02.02:763][ 33]LogRHI: Error: SwapChainDesc.OutputWindow 0000000000260952
[2020.02.29-04.02.02:763][ 33]LogRHI: Error: SwapChainDesc.Windowed true
[2020.02.29-04.02.02:763][ 33]LogRHI: Error: SwapChainDesc.SwapEffect 4
[2020.02.29-04.02.02:764][ 33]LogRHI: Error: SwapChainDesc.Flags 2050
[2020.02.29-04.02.02:764][ 33]LogD3D11RHI: Error: Result failed 
 at D:/Build/++UE4/Sync/Engine/Source/Runtime/Windows/D3D11RHI/Private/D3D11Viewport.cpp:389 
 with error DXGI_ERROR_DEVICE_REMOVED 00000000
[2020.02.29-04.02.02:764][ 33]LogD3D11RHI: [Aftermath] GDynamicRHI=000002A2F04260C0, GDX11NVAfterMathEnabled=0, Result=0xFFFFFFFF, bDeviceActive=0
[2020.02.29-04.02.02:764][ 33]LogWindows: Windows GetLastError: La operación se completó correctamente. (0)
[2020.02.29-04.02.05:466][ 33]LogShaderCompilers: Display: Worker (3/5): shaders left to compile 636
[2020.02.29-04.02.05:466][ 33]LogThreadingWindows: Error: Runnable thread RenderThread 9 crashed.
[2020.02.29-04.02.05:466][ 33]LogOutputDevice: Warning: 

Script Stack (0 frames):

[2020.02.29-04.02.05:466][ 33]LogWindows: Windows GetLastError: La operación se completó correctamente. (0)
[2020.02.29-04.02.05:466][ 33]LogWindows: Error: HandleError re-entered.
[2020.02.29-04.02.05:466][ 33]LogWindows: FPlatformMisc::RequestExit(1)
[2020.02.29-04.02.05:466][ 33]LogCore: Engine exit requested (reason: Win RequestExit)
[2020.02.29-04.02.05:467][ 33]LogWindows: Error: === Critical error: ===
[2020.02.29-04.02.05:467][ 33]LogWindows: Error: 
[2020.02.29-04.02.05:467][ 33]LogWindows: Error: Fatal error: [File:D:/Build/++UE4/Sync/Engine/Source/Runtime/RenderCore/Private/RenderingThread.cpp] [Line: 853] 
[2020.02.29-04.02.05:467][ 33]LogWindows: Error: Rendering thread exception:
[2020.02.29-04.02.05:467][ 33]LogWindows: Error: Fatal error: [File:D:/Build/++UE4/Sync/Engine/Source/Runtime/Windows/D3D11RHI/Private/D3D11Util.cpp] [Line: 198] 
[2020.02.29-04.02.05:467][ 33]LogWindows: Error: Unreal Engine is exiting due to D3D device being lost. (Error: 0x0 - 'S_OK')
[2020.02.29-04.02.05:468][ 33]LogWindows: Error: 
[2020.02.29-04.02.05:468][ 33]LogWindows: Error: 
[2020.02.29-04.02.05:468][ 33]LogWindows: Error: Unhandled Exception: 0x00008000
[2020.02.29-04.02.05:468][ 33]LogWindows: Error: 
[2020.02.29-04.02.05:468][ 33]LogWindows: Error: [Callstack] 0x00007fffad65a839 KERNELBASE.dll!UnknownFunction []
[2020.02.29-04.02.05:468][ 33]LogWindows: Error: [Callstack] 0x00007fff4951c356 UE4Editor-Core.dll!UnknownFunction []
[2020.02.29-04.02.05:468][ 33]LogWindows: Error: [Callstack] 0x00007fff4951de41 UE4Editor-Core.dll!UnknownFunction []
[2020.02.29-04.02.05:468][ 33]LogWindows: Error: [Callstack] 0x00007fff492d2c7d UE4Editor-Core.dll!UnknownFunction []
[2020.02.29-04.02.05:468][ 33]LogWindows: Error: [Callstack] 0x00007fff383c13c9 UE4Editor-D3D11RHI.dll!UnknownFunction []
[2020.02.29-04.02.05:468][ 33]LogWindows: Error: [Callstack] 0x00007fff383c5b9f UE4Editor-D3D11RHI.dll!UnknownFunction []
[2020.02.29-04.02.05:468][ 33]LogWindows: Error: [Callstack] 0x00007fff383a7549 UE4Editor-D3D11RHI.dll!UnknownFunction []
[2020.02.29-04.02.05:468][ 33]LogWindows: Error: [Callstack] 0x00007fff383a6912 UE4Editor-D3D11RHI.dll!UnknownFunction []
[2020.02.29-04.02.05:468][ 33]LogWindows: Error: [Callstack] 0x00007fff383b2b7d UE4Editor-D3D11RHI.dll!UnknownFunction []
[2020.02.29-04.02.05:468][ 33]LogWindows: Error: [Callstack] 0x00007fff76e2b920 UE4Editor-RHI.dll!UnknownFunction []
[2020.02.29-04.02.05:468][ 33]LogWindows: Error: [Callstack] 0x00007fff76e2eff0 UE4Editor-RHI.dll!UnknownFunction []
[2020.02.29-04.02.05:468][ 33]LogWindows: Error: [Callstack] 0x00007fff76e2eacf UE4Editor-RHI.dll!UnknownFunction []
[2020.02.29-04.02.05:468][ 33]LogWindows: Error: [Callstack] 0x00007fff76e2fc8b UE4Editor-RHI.dll!UnknownFunction []
[2020.02.29-04.02.05:468][ 33]LogWindows: Error: [Callstack] 0x00007fff76e22162 UE4Editor-RHI.dll!UnknownFunction []
[2020.02.29-04.02.05:468][ 33]LogWindows: Error: [Callstack] 0x00007fff3811765a UE4Editor-SlateRHIRenderer.dll!UnknownFunction []
[2020.02.29-04.02.05:468][ 33]LogWindows: Error: [Callstack] 0x00007fff3810c8ac UE4Editor-SlateRHIRenderer.dll!UnknownFunction []
[2020.02.29-04.02.05:468][ 33]LogWindows: Error: [Callstack] 0x00007fff3811f60c UE4Editor-SlateRHIRenderer.dll!UnknownFunction []
[2020.02.29-04.02.05:468][ 33]LogWindows: Error: [Callstack] 0x00007fff490a9ff2 UE4Editor-Core.dll!UnknownFunction []
[2020.02.29-04.02.05:468][ 33]LogWindows: Error: [Callstack] 0x00007fff490aa393 UE4Editor-Core.dll!UnknownFunction []
[2020.02.29-04.02.05:468][ 33]LogWindows: Error: [Callstack] 0x00007fff784f5391 UE4Editor-RenderCore.dll!UnknownFunction []
[2020.02.29-04.02.05:468][ 33]LogWindows: Error: [Callstack] 0x00007fff784fe254 UE4Editor-RenderCore.dll!UnknownFunction []
[2020.02.29-04.02.05:468][ 33]LogWindows: Error: [Callstack] 0x00007fff4952380f UE4Editor-Core.dll!UnknownFunction []
[2020.02.29-04.02.05:468][ 33]LogWindows: Error: [Callstack] 0x00007fff49523644 UE4Editor-Core.dll!UnknownFunction []
[2020.02.29-04.02.05:468][ 33]LogWindows: Error: [Callstack] 0x00007fffaf047bd4 KERNEL32.DLL!UnknownFunction []
[2020.02.29-04.02.05:468][ 33]LogWindows: Error: [Callstack] 0x00007fffafd2ced1 ntdll.dll!UnknownFunction []
[2020.02.29-04.02.05:468][ 33]LogWindows: Error: 
[2020.02.29-04.02.05:468][ 33]LogWindows: Error: 
[2020.02.29-04.02.05:468][ 33]LogWindows: Error: 
[2020.02.29-04.02.05:468][ 33]LogWindows: Error: 
[2020.02.29-04.02.05:494][ 33]LogExit: Executing StaticShutdownAfterError
[2020.02.29-04.02.05:495][ 33]LogWindows: FPlatformMisc::RequestExit(1)
[2020.02.29-04.02.05:495][ 33]LogCore: Engine exit requested (reason: Win RequestExit; note: exit was already requested)
[2020.02.29-04.02.05:506][ 33]Log file closed, 02/29/20 05:02:05
